[27-Nov-2017 12:00:33 - INFO] "Starting Downloading the Proteome -- 5691" (uk.ac.ebi.pride.cluster.dbmanager.utils.DBManagerUtilities:47)
[27-Nov-2017 12:00:33 - INFO] "Starting Downloading the Proteome -- 135062" (uk.ac.ebi.pride.cluster.dbmanager.utils.DBManagerUtilities:47)
[27-Nov-2017 12:00:33 - INFO] "Starting Downloading the Proteome -- 9986" (uk.ac.ebi.pride.cluster.dbmanager.utils.DBManagerUtilities:47)
[27-Nov-2017 12:00:33 - ERROR] "Error to Download the following Taxonomy -- 135062" (uk.ac.ebi.pride.cluster.tools.FastaDownloadTool:137)
[27-Nov-2017 12:00:33 - INFO] "Starting Downloading the Proteome -- 272634" (uk.ac.ebi.pride.cluster.dbmanager.utils.DBManagerUtilities:47)
[27-Nov-2017 12:00:33 - INFO] "Starting Downloading the Proteome -- 330879" (uk.ac.ebi.pride.cluster.dbmanager.utils.DBManagerUtilities:47)
[27-Nov-2017 12:00:34 - INFO] "The File -- proteomes-272634.gz -- has beeb converted" (uk.ac.ebi.pride.cluster.tools.utilities.FileUtilities:45)
[27-Nov-2017 12:00:35 - INFO] "Number of AminoAcids for Fasta File -- 239914" (uk.ac.ebi.pride.cluster.dbmanager.utils.DBManagerUtilities:117)
[27-Nov-2017 12:00:35 - INFO] "Starting Downloading the Proteome -- 208964" (uk.ac.ebi.pride.cluster.dbmanager.utils.DBManagerUtilities:47)
[27-Nov-2017 12:00:39 - INFO] "The File -- proteomes-330879.gz -- has beeb converted" (uk.ac.ebi.pride.cluster.tools.utilities.FileUtilities:45)
[27-Nov-2017 12:00:40 - INFO] "The File -- proteomes-208964.gz -- has beeb converted" (uk.ac.ebi.pride.cluster.tools.utilities.FileUtilities:45)
[27-Nov-2017 12:00:41 - ERROR] "Error reading the Fasta File -- /Users/yperez/work/proteomes-330879.fasta" (uk.ac.ebi.pride.cluster.dbmanager.utils.DBManagerUtilities:119)
[27-Nov-2017 12:00:41 - ERROR] "The following Taxonomy has failed to produce a valid Fasta File -- 330879" (uk.ac.ebi.pride.cluster.tools.FastaDownloadTool:135)
[27-Nov-2017 12:00:41 - INFO] "Starting Downloading the Proteome -- 375451" (uk.ac.ebi.pride.cluster.dbmanager.utils.DBManagerUtilities:47)
[27-Nov-2017 12:00:42 - INFO] "Number of AminoAcids for Fasta File -- 1874071" (uk.ac.ebi.pride.cluster.dbmanager.utils.DBManagerUtilities:117)
[27-Nov-2017 12:00:42 - INFO] "Starting Downloading the Proteome -- 3708" (uk.ac.ebi.pride.cluster.dbmanager.utils.DBManagerUtilities:47)
[27-Nov-2017 12:00:45 - INFO] "The File -- proteomes-9986.gz -- has beeb converted" (uk.ac.ebi.pride.cluster.tools.utilities.FileUtilities:45)
[27-Nov-2017 12:00:45 - INFO] "The File -- proteomes-5691.gz -- has beeb converted" (uk.ac.ebi.pride.cluster.tools.utilities.FileUtilities:45)
[27-Nov-2017 12:00:46 - INFO] "The File -- proteomes-375451.gz -- has beeb converted" (uk.ac.ebi.pride.cluster.tools.utilities.FileUtilities:45)
[27-Nov-2017 12:00:46 - ERROR] "Error reading the Fasta File -- /Users/yperez/work/proteomes-9986.fasta" (uk.ac.ebi.pride.cluster.dbmanager.utils.DBManagerUtilities:119)
[27-Nov-2017 12:00:46 - ERROR] "The following Taxonomy has failed to produce a valid Fasta File -- 9986" (uk.ac.ebi.pride.cluster.tools.FastaDownloadTool:135)
[27-Nov-2017 12:00:46 - INFO] "Starting Downloading the Proteome -- 44689" (uk.ac.ebi.pride.cluster.dbmanager.utils.DBManagerUtilities:47)
[27-Nov-2017 12:00:47 - INFO] "Number of AminoAcids for Fasta File -- 1285857" (uk.ac.ebi.pride.cluster.dbmanager.utils.DBManagerUtilities:117)
[27-Nov-2017 12:00:47 - INFO] "Number of AminoAcids for Fasta File -- 1285857" (uk.ac.ebi.pride.cluster.dbmanager.utils.DBManagerUtilities:117)
[27-Nov-2017 12:00:47 - INFO] "Starting Downloading the Proteome -- 7955" (uk.ac.ebi.pride.cluster.dbmanager.utils.DBManagerUtilities:47)
[27-Nov-2017 12:00:47 - INFO] "Starting Downloading the Proteome -- 391619" (uk.ac.ebi.pride.cluster.dbmanager.utils.DBManagerUtilities:47)
[27-Nov-2017 12:00:50 - INFO] "The File -- proteomes-391619.gz -- has beeb converted" (uk.ac.ebi.pride.cluster.tools.utilities.FileUtilities:45)
[27-Nov-2017 12:00:50 - INFO] "Number of AminoAcids for Fasta File -- 1234403" (uk.ac.ebi.pride.cluster.dbmanager.utils.DBManagerUtilities:117)
[27-Nov-2017 12:00:50 - INFO] "Starting Downloading the Proteome -- 546414" (uk.ac.ebi.pride.cluster.dbmanager.utils.DBManagerUtilities:47)
[27-Nov-2017 12:00:58 - INFO] "The File -- proteomes-546414.gz -- has beeb converted" (uk.ac.ebi.pride.cluster.tools.utilities.FileUtilities:45)
[27-Nov-2017 12:01:08 - INFO] "Starting Downloading the Proteome -- 135062" (uk.ac.ebi.pride.cluster.dbmanager.utils.DBManagerUtilities:47)
[27-Nov-2017 12:01:08 - INFO] "Starting Downloading the Proteome -- 9986" (uk.ac.ebi.pride.cluster.dbmanager.utils.DBManagerUtilities:47)
[27-Nov-2017 12:01:08 - INFO] "Starting Downloading the Proteome -- 272634" (uk.ac.ebi.pride.cluster.dbmanager.utils.DBManagerUtilities:47)
[27-Nov-2017 12:01:08 - INFO] "Starting Downloading the Proteome -- 5691" (uk.ac.ebi.pride.cluster.dbmanager.utils.DBManagerUtilities:47)
[27-Nov-2017 12:01:49 - ERROR] "Error to Download the following Taxonomy -- 135062" (uk.ac.ebi.pride.cluster.tools.FastaDownloadTool:137)
[27-Nov-2017 12:01:50 - INFO] "The File -- proteomes-272634.gz -- has beeb converted" (uk.ac.ebi.pride.cluster.tools.utilities.FileUtilities:45)
[27-Nov-2017 12:01:51 - INFO] "Starting Downloading the Proteome -- 330879" (uk.ac.ebi.pride.cluster.dbmanager.utils.DBManagerUtilities:47)
[27-Nov-2017 12:01:52 - INFO] "Number of AminoAcids for Fasta File -- 239914" (uk.ac.ebi.pride.cluster.dbmanager.utils.DBManagerUtilities:117)
[27-Nov-2017 12:01:54 - INFO] "Starting Downloading the Proteome -- 208964" (uk.ac.ebi.pride.cluster.dbmanager.utils.DBManagerUtilities:47)
[27-Nov-2017 12:02:06 - INFO] "The File -- proteomes-208964.gz -- has beeb converted" (uk.ac.ebi.pride.cluster.tools.utilities.FileUtilities:45)
[27-Nov-2017 12:02:06 - INFO] "The File -- proteomes-330879.gz -- has beeb converted" (uk.ac.ebi.pride.cluster.tools.utilities.FileUtilities:45)
[27-Nov-2017 12:02:10 - INFO] "The File -- proteomes-5691.gz -- has beeb converted" (uk.ac.ebi.pride.cluster.tools.utilities.FileUtilities:45)
[27-Nov-2017 12:02:10 - INFO] "The File -- proteomes-9986.gz -- has beeb converted" (uk.ac.ebi.pride.cluster.tools.utilities.FileUtilities:45)
[27-Nov-2017 12:02:14 - ERROR] "Error reading the Fasta File -- /Users/yperez/work/proteomes-330879.fasta" (uk.ac.ebi.pride.cluster.dbmanager.utils.DBManagerUtilities:119)
[27-Nov-2017 12:02:14 - ERROR] "The following Taxonomy has failed to produce a valid Fasta File -- 330879" (uk.ac.ebi.pride.cluster.tools.FastaDownloadTool:135)
[27-Nov-2017 12:02:14 - INFO] "Starting Downloading the Proteome -- 375451" (uk.ac.ebi.pride.cluster.dbmanager.utils.DBManagerUtilities:47)
[27-Nov-2017 12:02:16 - INFO] "Number of AminoAcids for Fasta File -- 11921701" (uk.ac.ebi.pride.cluster.dbmanager.utils.DBManagerUtilities:117)
[27-Nov-2017 12:02:16 - INFO] "Number of AminoAcids for Fasta File -- 11921701" (uk.ac.ebi.pride.cluster.dbmanager.utils.DBManagerUtilities:117)
[27-Nov-2017 12:02:16 - INFO] "Number of AminoAcids for Fasta File -- 11921701" (uk.ac.ebi.pride.cluster.dbmanager.utils.DBManagerUtilities:117)
[27-Nov-2017 12:02:32 - INFO] "Starting Downloading the Proteome -- 7955" (uk.ac.ebi.pride.cluster.dbmanager.utils.DBManagerUtilities:47)
[27-Nov-2017 12:02:32 - INFO] "Starting Downloading the Proteome -- 44689" (uk.ac.ebi.pride.cluster.dbmanager.utils.DBManagerUtilities:47)
[27-Nov-2017 12:02:45 - INFO] "Starting Downloading the Proteome -- 135062" (uk.ac.ebi.pride.cluster.dbmanager.utils.DBManagerUtilities:47)
[27-Nov-2017 12:02:45 - INFO] "Starting Downloading the Proteome -- 9986" (uk.ac.ebi.pride.cluster.dbmanager.utils.DBManagerUtilities:47)
[27-Nov-2017 12:02:45 - INFO] "Starting Downloading the Proteome -- 272634" (uk.ac.ebi.pride.cluster.dbmanager.utils.DBManagerUtilities:47)
[27-Nov-2017 12:02:45 - INFO] "Starting Downloading the Proteome -- 5691" (uk.ac.ebi.pride.cluster.dbmanager.utils.DBManagerUtilities:47)
[27-Nov-2017 12:02:45 - ERROR] "Error to Download the following Taxonomy -- 135062" (uk.ac.ebi.pride.cluster.tools.FastaDownloadTool:137)
[27-Nov-2017 12:02:45 - INFO] "Starting Downloading the Proteome -- 330879" (uk.ac.ebi.pride.cluster.dbmanager.utils.DBManagerUtilities:47)
[27-Nov-2017 12:02:46 - INFO] "The File -- proteomes-272634.gz -- has been converted" (uk.ac.ebi.pride.cluster.tools.utilities.FileUtilities:45)
[27-Nov-2017 12:02:46 - INFO] "Number of AminoAcids for Fasta File -- 239914" (uk.ac.ebi.pride.cluster.dbmanager.utils.DBManagerUtilities:117)
[27-Nov-2017 12:02:46 - INFO] "Starting Downloading the Proteome -- 208964" (uk.ac.ebi.pride.cluster.dbmanager.utils.DBManagerUtilities:47)
[27-Nov-2017 12:02:49 - INFO] "The File -- proteomes-208964.gz -- has been converted" (uk.ac.ebi.pride.cluster.tools.utilities.FileUtilities:45)
[27-Nov-2017 12:02:49 - INFO] "Number of AminoAcids for Fasta File -- 1874071" (uk.ac.ebi.pride.cluster.dbmanager.utils.DBManagerUtilities:117)
[27-Nov-2017 12:02:49 - INFO] "Starting Downloading the Proteome -- 3708" (uk.ac.ebi.pride.cluster.dbmanager.utils.DBManagerUtilities:47)
[27-Nov-2017 12:02:51 - INFO] "The File -- proteomes-330879.gz -- has been converted" (uk.ac.ebi.pride.cluster.tools.utilities.FileUtilities:45)
[27-Nov-2017 12:02:53 - INFO] "Number of AminoAcids for Fasta File -- 4753279" (uk.ac.ebi.pride.cluster.dbmanager.utils.DBManagerUtilities:117)
[27-Nov-2017 12:02:53 - INFO] "Starting Downloading the Proteome -- 375451" (uk.ac.ebi.pride.cluster.dbmanager.utils.DBManagerUtilities:47)
[27-Nov-2017 12:02:57 - INFO] "The File -- proteomes-9986.gz -- has been converted" (uk.ac.ebi.pride.cluster.tools.utilities.FileUtilities:45)
[27-Nov-2017 12:02:57 - INFO] "The File -- proteomes-375451.gz -- has been converted" (uk.ac.ebi.pride.cluster.tools.utilities.FileUtilities:45)
[27-Nov-2017 12:02:59 - ERROR] "Error reading the Fasta File -- /Users/yperez/work/proteomes-9986.fasta" (uk.ac.ebi.pride.cluster.dbmanager.utils.DBManagerUtilities:119)
[27-Nov-2017 12:02:59 - ERROR] "The following Taxonomy has failed to produce a valid Fasta File -- 9986" (uk.ac.ebi.pride.cluster.tools.FastaDownloadTool:135)
[27-Nov-2017 12:02:59 - INFO] "Starting Downloading the Proteome -- 44689" (uk.ac.ebi.pride.cluster.dbmanager.utils.DBManagerUtilities:47)
[27-Nov-2017 12:02:59 - INFO] "Number of AminoAcids for Fasta File -- 1285857" (uk.ac.ebi.pride.cluster.dbmanager.utils.DBManagerUtilities:117)
[27-Nov-2017 12:02:59 - INFO] "Starting Downloading the Proteome -- 391619" (uk.ac.ebi.pride.cluster.dbmanager.utils.DBManagerUtilities:47)
[27-Nov-2017 12:02:59 - INFO] "The File -- proteomes-5691.gz -- has been converted" (uk.ac.ebi.pride.cluster.tools.utilities.FileUtilities:45)
[27-Nov-2017 12:03:01 - INFO] "Number of AminoAcids for Fasta File -- 12286228" (uk.ac.ebi.pride.cluster.dbmanager.utils.DBManagerUtilities:117)
[27-Nov-2017 12:03:01 - INFO] "Starting Downloading the Proteome -- 7955" (uk.ac.ebi.pride.cluster.dbmanager.utils.DBManagerUtilities:47)
[27-Nov-2017 12:03:02 - INFO] "The File -- proteomes-391619.gz -- has been converted" (uk.ac.ebi.pride.cluster.tools.utilities.FileUtilities:45)
[27-Nov-2017 12:03:03 - INFO] "Number of AminoAcids for Fasta File -- 1234403" (uk.ac.ebi.pride.cluster.dbmanager.utils.DBManagerUtilities:117)
[27-Nov-2017 12:03:03 - INFO] "Starting Downloading the Proteome -- 546414" (uk.ac.ebi.pride.cluster.dbmanager.utils.DBManagerUtilities:47)
[27-Nov-2017 12:03:07 - INFO] "The File -- proteomes-546414.gz -- has been converted" (uk.ac.ebi.pride.cluster.tools.utilities.FileUtilities:45)
[27-Nov-2017 12:03:07 - INFO] "Number of AminoAcids for Fasta File -- 1081094" (uk.ac.ebi.pride.cluster.dbmanager.utils.DBManagerUtilities:117)
[27-Nov-2017 12:03:07 - INFO] "Starting Downloading the Proteome -- 588858" (uk.ac.ebi.pride.cluster.dbmanager.utils.DBManagerUtilities:47)
[27-Nov-2017 12:03:08 - INFO] "The File -- proteomes-44689.gz -- has been converted" (uk.ac.ebi.pride.cluster.tools.utilities.FileUtilities:45)
[27-Nov-2017 12:03:09 - INFO] "Number of AminoAcids for Fasta File -- 7085338" (uk.ac.ebi.pride.cluster.dbmanager.utils.DBManagerUtilities:117)
[27-Nov-2017 12:03:09 - INFO] "Starting Downloading the Proteome -- 160488" (uk.ac.ebi.pride.cluster.dbmanager.utils.DBManagerUtilities:47)
[27-Nov-2017 12:03:09 - INFO] "The File -- proteomes-3708.gz -- has been converted" (uk.ac.ebi.pride.cluster.tools.utilities.FileUtilities:45)
[27-Nov-2017 12:03:12 - INFO] "The File -- proteomes-588858.gz -- has been converted" (uk.ac.ebi.pride.cluster.tools.utilities.FileUtilities:45)
[27-Nov-2017 12:03:12 - ERROR] "Error reading the Fasta File -- /Users/yperez/work/proteomes-3708.fasta" (uk.ac.ebi.pride.cluster.dbmanager.utils.DBManagerUtilities:119)
[27-Nov-2017 12:03:12 - ERROR] "The following Taxonomy has failed to produce a valid Fasta File -- 3708" (uk.ac.ebi.pride.cluster.tools.FastaDownloadTool:135)
[27-Nov-2017 12:03:12 - INFO] "Starting Downloading the Proteome -- 7091" (uk.ac.ebi.pride.cluster.dbmanager.utils.DBManagerUtilities:47)
[27-Nov-2017 12:03:12 - ERROR] "Error reading the Fasta File -- /Users/yperez/work/proteomes-588858.fasta" (uk.ac.ebi.pride.cluster.dbmanager.utils.DBManagerUtilities:119)
[27-Nov-2017 12:03:12 - ERROR] "The following Taxonomy has failed to produce a valid Fasta File -- 588858" (uk.ac.ebi.pride.cluster.tools.FastaDownloadTool:135)
[27-Nov-2017 12:03:12 - INFO] "Starting Downloading the Proteome -- 306" (uk.ac.ebi.pride.cluster.dbmanager.utils.DBManagerUtilities:47)
[27-Nov-2017 12:03:13 - INFO] "The File -- proteomes-306.gz -- has been converted" (uk.ac.ebi.pride.cluster.tools.utilities.FileUtilities:45)
[27-Nov-2017 12:03:13 - ERROR] "Error reading the Fasta File -- /Users/yperez/work/proteomes-306.fasta" (uk.ac.ebi.pride.cluster.dbmanager.utils.DBManagerUtilities:119)
[27-Nov-2017 12:03:13 - ERROR] "The following Taxonomy has failed to produce a valid Fasta File -- 306" (uk.ac.ebi.pride.cluster.tools.FastaDownloadTool:135)
[27-Nov-2017 12:03:13 - INFO] "Starting Downloading the Proteome -- 1423" (uk.ac.ebi.pride.cluster.dbmanager.utils.DBManagerUtilities:47)
[27-Nov-2017 12:03:16 - INFO] "The File -- proteomes-160488.gz -- has been converted" (uk.ac.ebi.pride.cluster.tools.utilities.FileUtilities:45)
[27-Nov-2017 12:03:16 - ERROR] "Error reading the Fasta File -- /Users/yperez/work/proteomes-160488.fasta" (uk.ac.ebi.pride.cluster.dbmanager.utils.DBManagerUtilities:119)
[27-Nov-2017 12:03:16 - ERROR] "The following Taxonomy has failed to produce a valid Fasta File -- 160488" (uk.ac.ebi.pride.cluster.tools.FastaDownloadTool:135)
[27-Nov-2017 12:03:16 - INFO] "Starting Downloading the Proteome -- 746128" (uk.ac.ebi.pride.cluster.dbmanager.utils.DBManagerUtilities:47)
[27-Nov-2017 12:03:20 - INFO] "The File -- proteomes-7091.gz -- has been converted" (uk.ac.ebi.pride.cluster.tools.utilities.FileUtilities:45)
[27-Nov-2017 12:03:20 - ERROR] "Error reading the Fasta File -- /Users/yperez/work/proteomes-7091.fasta" (uk.ac.ebi.pride.cluster.dbmanager.utils.DBManagerUtilities:119)
[27-Nov-2017 12:03:20 - ERROR] "The following Taxonomy has failed to produce a valid Fasta File -- 7091" (uk.ac.ebi.pride.cluster.tools.FastaDownloadTool:135)
[27-Nov-2017 12:03:20 - INFO] "Starting Downloading the Proteome -- 29760" (uk.ac.ebi.pride.cluster.dbmanager.utils.DBManagerUtilities:47)
[27-Nov-2017 12:03:26 - INFO] "The File -- proteomes-7955.gz -- has been converted" (uk.ac.ebi.pride.cluster.tools.utilities.FileUtilities:45)
[27-Nov-2017 12:03:27 - ERROR] "Error reading the Fasta File -- /Users/yperez/work/proteomes-7955.fasta" (uk.ac.ebi.pride.cluster.dbmanager.utils.DBManagerUtilities:119)
[27-Nov-2017 12:03:27 - ERROR] "The following Taxonomy has failed to produce a valid Fasta File -- 7955" (uk.ac.ebi.pride.cluster.tools.FastaDownloadTool:135)
[27-Nov-2017 12:03:27 - INFO] "Starting Downloading the Proteome -- 4565" (uk.ac.ebi.pride.cluster.dbmanager.utils.DBManagerUtilities:47)
[27-Nov-2017 12:03:35 - INFO] "The File -- proteomes-746128.gz -- has been converted" (uk.ac.ebi.pride.cluster.tools.utilities.FileUtilities:45)
[27-Nov-2017 12:03:37 - ERROR] "Error reading the Fasta File -- /Users/yperez/work/proteomes-746128.fasta" (uk.ac.ebi.pride.cluster.dbmanager.utils.DBManagerUtilities:119)
[27-Nov-2017 12:03:37 - ERROR] "The following Taxonomy has failed to produce a valid Fasta File -- 746128" (uk.ac.ebi.pride.cluster.tools.FastaDownloadTool:135)
[27-Nov-2017 12:03:37 - INFO] "Starting Downloading the Proteome -- 931281" (uk.ac.ebi.pride.cluster.dbmanager.utils.DBManagerUtilities:47)
[27-Nov-2017 12:03:37 - INFO] "The File -- proteomes-931281.gz -- has been converted" (uk.ac.ebi.pride.cluster.tools.utilities.FileUtilities:45)
[27-Nov-2017 12:03:37 - ERROR] "Error reading the Fasta File -- /Users/yperez/work/proteomes-931281.fasta" (uk.ac.ebi.pride.cluster.dbmanager.utils.DBManagerUtilities:119)
[27-Nov-2017 12:03:37 - ERROR] "The following Taxonomy has failed to produce a valid Fasta File -- 931281" (uk.ac.ebi.pride.cluster.tools.FastaDownloadTool:135)
[27-Nov-2017 12:03:37 - INFO] "Starting Downloading the Proteome -- 3635" (uk.ac.ebi.pride.cluster.dbmanager.utils.DBManagerUtilities:47)
[27-Nov-2017 12:03:48 - INFO] "The File -- proteomes-29760.gz -- has been converted" (uk.ac.ebi.pride.cluster.tools.utilities.FileUtilities:45)
[27-Nov-2017 12:03:49 - ERROR] "Error reading the Fasta File -- /Users/yperez/work/proteomes-29760.fasta" (uk.ac.ebi.pride.cluster.dbmanager.utils.DBManagerUtilities:119)
[27-Nov-2017 12:03:49 - ERROR] "The following Taxonomy has failed to produce a valid Fasta File -- 29760" (uk.ac.ebi.pride.cluster.tools.FastaDownloadTool:135)
[27-Nov-2017 12:03:49 - INFO] "Starting Downloading the Proteome -- 5833" (uk.ac.ebi.pride.cluster.dbmanager.utils.DBManagerUtilities:47)
[27-Nov-2017 12:04:11 - INFO] "The File -- proteomes-3635.gz -- has been converted" (uk.ac.ebi.pride.cluster.tools.utilities.FileUtilities:45)
[27-Nov-2017 12:04:12 - ERROR] "Error reading the Fasta File -- /Users/yperez/work/proteomes-3635.fasta" (uk.ac.ebi.pride.cluster.dbmanager.utils.DBManagerUtilities:119)
[27-Nov-2017 12:04:12 - ERROR] "The following Taxonomy has failed to produce a valid Fasta File -- 3635" (uk.ac.ebi.pride.cluster.tools.FastaDownloadTool:135)
[27-Nov-2017 12:04:12 - INFO] "Starting Downloading the Proteome -- 5061" (uk.ac.ebi.pride.cluster.dbmanager.utils.DBManagerUtilities:47)
[27-Nov-2017 12:04:16 - INFO] "The File -- proteomes-1423.gz -- has been converted" (uk.ac.ebi.pride.cluster.tools.utilities.FileUtilities:45)
[27-Nov-2017 12:04:19 - ERROR] "Error reading the Fasta File -- /Users/yperez/work/proteomes-1423.fasta" (uk.ac.ebi.pride.cluster.dbmanager.utils.DBManagerUtilities:119)
[27-Nov-2017 12:04:19 - ERROR] "The following Taxonomy has failed to produce a valid Fasta File -- 1423" (uk.ac.ebi.pride.cluster.tools.FastaDownloadTool:135)
[27-Nov-2017 12:04:19 - INFO] "Starting Downloading the Proteome -- 2242" (uk.ac.ebi.pride.cluster.dbmanager.utils.DBManagerUtilities:47)
[27-Nov-2017 12:04:22 - INFO] "The File -- proteomes-2242.gz -- has been converted" (uk.ac.ebi.pride.cluster.tools.utilities.FileUtilities:45)
[27-Nov-2017 12:04:22 - ERROR] "Error reading the Fasta File -- /Users/yperez/work/proteomes-2242.fasta" (uk.ac.ebi.pride.cluster.dbmanager.utils.DBManagerUtilities:119)
[27-Nov-2017 12:04:22 - ERROR] "The following Taxonomy has failed to produce a valid Fasta File -- 2242" (uk.ac.ebi.pride.cluster.tools.FastaDownloadTool:135)
[27-Nov-2017 12:04:22 - INFO] "Starting Downloading the Proteome -- 2759" (uk.ac.ebi.pride.cluster.dbmanager.utils.DBManagerUtilities:47)
[27-Nov-2017 12:04:30 - INFO] "The File -- proteomes-4565.gz -- has been converted" (uk.ac.ebi.pride.cluster.tools.utilities.FileUtilities:45)
[27-Nov-2017 12:04:33 - INFO] "The File -- proteomes-5061.gz -- has been converted" (uk.ac.ebi.pride.cluster.tools.utilities.FileUtilities:45)
[27-Nov-2017 12:04:37 - ERROR] "Error reading the Fasta File -- /Users/yperez/work/proteomes-4565.fasta" (uk.ac.ebi.pride.cluster.dbmanager.utils.DBManagerUtilities:119)
[27-Nov-2017 12:04:37 - ERROR] "The following Taxonomy has failed to produce a valid Fasta File -- 4565" (uk.ac.ebi.pride.cluster.tools.FastaDownloadTool:135)
[27-Nov-2017 12:04:37 - ERROR] "Error reading the Fasta File -- /Users/yperez/work/proteomes-5061.fasta" (uk.ac.ebi.pride.cluster.dbmanager.utils.DBManagerUtilities:119)
[27-Nov-2017 12:04:37 - ERROR] "The following Taxonomy has failed to produce a valid Fasta File -- 5061" (uk.ac.ebi.pride.cluster.tools.FastaDownloadTool:135)
[27-Nov-2017 12:04:37 - INFO] "Starting Downloading the Proteome -- 8049" (uk.ac.ebi.pride.cluster.dbmanager.utils.DBManagerUtilities:47)
[27-Nov-2017 12:04:37 - INFO] "Starting Downloading the Proteome -- 1280" (uk.ac.ebi.pride.cluster.dbmanager.utils.DBManagerUtilities:47)
[27-Nov-2017 12:04:39 - INFO] "The File -- proteomes-8049.gz -- has been converted" (uk.ac.ebi.pride.cluster.tools.utilities.FileUtilities:45)
[27-Nov-2017 12:04:39 - ERROR] "Error reading the Fasta File -- /Users/yperez/work/proteomes-8049.fasta" (uk.ac.ebi.pride.cluster.dbmanager.utils.DBManagerUtilities:119)
[27-Nov-2017 12:04:39 - ERROR] "The following Taxonomy has failed to produce a valid Fasta File -- 8049" (uk.ac.ebi.pride.cluster.tools.FastaDownloadTool:135)
[27-Nov-2017 12:04:40 - INFO] "Starting Downloading the Proteome -- 32644" (uk.ac.ebi.pride.cluster.dbmanager.utils.DBManagerUtilities:47)
[27-Nov-2017 12:04:40 - INFO] "The File -- proteomes-32644.gz -- has been converted" (uk.ac.ebi.pride.cluster.tools.utilities.FileUtilities:45)
[27-Nov-2017 12:04:40 - ERROR] "Error reading the Fasta File -- /Users/yperez/work/proteomes-32644.fasta" (uk.ac.ebi.pride.cluster.dbmanager.utils.DBManagerUtilities:119)
[27-Nov-2017 12:04:40 - ERROR] "The following Taxonomy has failed to produce a valid Fasta File -- 32644" (uk.ac.ebi.pride.cluster.tools.FastaDownloadTool:135)
[27-Nov-2017 12:04:40 - INFO] "Starting Downloading the Proteome -- 48479" (uk.ac.ebi.pride.cluster.dbmanager.utils.DBManagerUtilities:47)
[27-Nov-2017 12:04:57 - INFO] "The File -- proteomes-5833.gz -- has been converted" (uk.ac.ebi.pride.cluster.tools.utilities.FileUtilities:45)
[27-Nov-2017 12:04:59 - ERROR] "Error reading the Fasta File -- /Users/yperez/work/proteomes-5833.fasta" (uk.ac.ebi.pride.cluster.dbmanager.utils.DBManagerUtilities:119)
[27-Nov-2017 12:04:59 - ERROR] "The following Taxonomy has failed to produce a valid Fasta File -- 5833" (uk.ac.ebi.pride.cluster.tools.FastaDownloadTool:135)
[27-Nov-2017 12:04:59 - INFO] "Starting Downloading the Proteome -- 9940" (uk.ac.ebi.pride.cluster.dbmanager.utils.DBManagerUtilities:47)
[27-Nov-2017 12:05:10 - INFO] "The File -- proteomes-9940.gz -- has been converted" (uk.ac.ebi.pride.cluster.tools.utilities.FileUtilities:45)
[27-Nov-2017 12:05:11 - ERROR] "Error reading the Fasta File -- /Users/yperez/work/proteomes-9940.fasta" (uk.ac.ebi.pride.cluster.dbmanager.utils.DBManagerUtilities:119)
[27-Nov-2017 12:05:11 - ERROR] "The following Taxonomy has failed to produce a valid Fasta File -- 9940" (uk.ac.ebi.pride.cluster.tools.FastaDownloadTool:135)
[27-Nov-2017 12:05:11 - INFO] "Starting Downloading the Proteome -- 226900" (uk.ac.ebi.pride.cluster.dbmanager.utils.DBManagerUtilities:47)
[27-Nov-2017 12:05:18 - INFO] "The File -- proteomes-226900.gz -- has been converted" (uk.ac.ebi.pride.cluster.tools.utilities.FileUtilities:45)
[27-Nov-2017 12:05:18 - ERROR] "Error reading the Fasta File -- /Users/yperez/work/proteomes-226900.fasta" (uk.ac.ebi.pride.cluster.dbmanager.utils.DBManagerUtilities:119)
[27-Nov-2017 12:05:18 - ERROR] "The following Taxonomy has failed to produce a valid Fasta File -- 226900" (uk.ac.ebi.pride.cluster.tools.FastaDownloadTool:135)
[27-Nov-2017 12:05:18 - INFO] "Starting Downloading the Proteome -- 4896" (uk.ac.ebi.pride.cluster.dbmanager.utils.DBManagerUtilities:47)
[27-Nov-2017 12:05:22 - INFO] "The File -- proteomes-4896.gz -- has been converted" (uk.ac.ebi.pride.cluster.tools.utilities.FileUtilities:45)
[27-Nov-2017 12:05:23 - ERROR] "Error reading the Fasta File -- /Users/yperez/work/proteomes-4896.fasta" (uk.ac.ebi.pride.cluster.dbmanager.utils.DBManagerUtilities:119)
[27-Nov-2017 12:05:23 - ERROR] "The following Taxonomy has failed to produce a valid Fasta File -- 4896" (uk.ac.ebi.pride.cluster.tools.FastaDownloadTool:135)
[27-Nov-2017 12:05:23 - INFO] "Starting Downloading the Proteome -- 7460" (uk.ac.ebi.pride.cluster.dbmanager.utils.DBManagerUtilities:47)
[27-Nov-2017 12:05:32 - INFO] "The File -- proteomes-7460.gz -- has been converted" (uk.ac.ebi.pride.cluster.tools.utilities.FileUtilities:45)
[27-Nov-2017 12:05:33 - ERROR] "Error reading the Fasta File -- /Users/yperez/work/proteomes-7460.fasta" (uk.ac.ebi.pride.cluster.dbmanager.utils.DBManagerUtilities:119)
[27-Nov-2017 12:05:33 - ERROR] "The following Taxonomy has failed to produce a valid Fasta File -- 7460" (uk.ac.ebi.pride.cluster.tools.FastaDownloadTool:135)
[27-Nov-2017 12:05:33 - INFO] "Starting Downloading the Proteome -- 224308" (uk.ac.ebi.pride.cluster.dbmanager.utils.DBManagerUtilities:47)
[27-Nov-2017 12:05:36 - INFO] "The File -- proteomes-224308.gz -- has been converted" (uk.ac.ebi.pride.cluster.tools.utilities.FileUtilities:45)
[27-Nov-2017 12:05:36 - ERROR] "Error reading the Fasta File -- /Users/yperez/work/proteomes-224308.fasta" (uk.ac.ebi.pride.cluster.dbmanager.utils.DBManagerUtilities:119)
[27-Nov-2017 12:05:36 - ERROR] "The following Taxonomy has failed to produce a valid Fasta File -- 224308" (uk.ac.ebi.pride.cluster.tools.FastaDownloadTool:135)
[27-Nov-2017 12:05:36 - INFO] "Starting Downloading the Proteome -- 1148" (uk.ac.ebi.pride.cluster.dbmanager.utils.DBManagerUtilities:47)
[27-Nov-2017 12:05:38 - INFO] "The File -- proteomes-1280.gz -- has been converted" (uk.ac.ebi.pride.cluster.tools.utilities.FileUtilities:45)
[27-Nov-2017 12:05:40 - INFO] "The File -- proteomes-1148.gz -- has been converted" (uk.ac.ebi.pride.cluster.tools.utilities.FileUtilities:45)
[27-Nov-2017 12:05:41 - ERROR] "Error reading the Fasta File -- /Users/yperez/work/proteomes-1148.fasta" (uk.ac.ebi.pride.cluster.dbmanager.utils.DBManagerUtilities:119)
[27-Nov-2017 12:05:41 - ERROR] "The following Taxonomy has failed to produce a valid Fasta File -- 1148" (uk.ac.ebi.pride.cluster.tools.FastaDownloadTool:135)
[27-Nov-2017 12:05:41 - INFO] "Starting Downloading the Proteome -- 287" (uk.ac.ebi.pride.cluster.dbmanager.utils.DBManagerUtilities:47)
[27-Nov-2017 12:05:41 - ERROR] "Error reading the Fasta File -- /Users/yperez/work/proteomes-1280.fasta" (uk.ac.ebi.pride.cluster.dbmanager.utils.DBManagerUtilities:119)
[27-Nov-2017 12:05:41 - ERROR] "The following Taxonomy has failed to produce a valid Fasta File -- 1280" (uk.ac.ebi.pride.cluster.tools.FastaDownloadTool:135)
[27-Nov-2017 12:05:41 - INFO] "Starting Downloading the Proteome -- 4577" (uk.ac.ebi.pride.cluster.dbmanager.utils.DBManagerUtilities:47)
[27-Nov-2017 12:06:07 - INFO] "The File -- proteomes-48479.gz -- has been converted" (uk.ac.ebi.pride.cluster.tools.utilities.FileUtilities:45)
[27-Nov-2017 12:06:13 - ERROR] "Error reading the Fasta File -- /Users/yperez/work/proteomes-48479.fasta" (uk.ac.ebi.pride.cluster.dbmanager.utils.DBManagerUtilities:119)
[27-Nov-2017 12:06:13 - ERROR] "The following Taxonomy has failed to produce a valid Fasta File -- 48479" (uk.ac.ebi.pride.cluster.tools.FastaDownloadTool:135)
[27-Nov-2017 12:06:13 - INFO] "Starting Downloading the Proteome -- 51655" (uk.ac.ebi.pride.cluster.dbmanager.utils.DBManagerUtilities:47)
[27-Nov-2017 12:06:15 - INFO] "The File -- proteomes-51655.gz -- has been converted" (uk.ac.ebi.pride.cluster.tools.utilities.FileUtilities:45)
[27-Nov-2017 12:06:15 - ERROR] "Error reading the Fasta File -- /Users/yperez/work/proteomes-51655.fasta" (uk.ac.ebi.pride.cluster.dbmanager.utils.DBManagerUtilities:119)
[27-Nov-2017 12:06:15 - ERROR] "The following Taxonomy has failed to produce a valid Fasta File -- 51655" (uk.ac.ebi.pride.cluster.tools.FastaDownloadTool:135)
[27-Nov-2017 12:06:15 - INFO] "Starting Downloading the Proteome -- 85963" (uk.ac.ebi.pride.cluster.dbmanager.utils.DBManagerUtilities:47)
[27-Nov-2017 12:06:19 - INFO] "The File -- proteomes-85963.gz -- has been converted" (uk.ac.ebi.pride.cluster.tools.utilities.FileUtilities:45)
[27-Nov-2017 12:06:19 - ERROR] "Error reading the Fasta File -- /Users/yperez/work/proteomes-85963.fasta" (uk.ac.ebi.pride.cluster.dbmanager.utils.DBManagerUtilities:119)
[27-Nov-2017 12:06:19 - ERROR] "The following Taxonomy has failed to produce a valid Fasta File -- 85963" (uk.ac.ebi.pride.cluster.tools.FastaDownloadTool:135)
[27-Nov-2017 12:06:19 - INFO] "Starting Downloading the Proteome -- 5811" (uk.ac.ebi.pride.cluster.dbmanager.utils.DBManagerUtilities:47)
[27-Nov-2017 12:06:40 - INFO] "The File -- proteomes-4577.gz -- has been converted" (uk.ac.ebi.pride.cluster.tools.utilities.FileUtilities:45)
[27-Nov-2017 12:06:44 - ERROR] "Error reading the Fasta File -- /Users/yperez/work/proteomes-4577.fasta" (uk.ac.ebi.pride.cluster.dbmanager.utils.DBManagerUtilities:119)
[27-Nov-2017 12:06:44 - ERROR] "The following Taxonomy has failed to produce a valid Fasta File -- 4577" (uk.ac.ebi.pride.cluster.tools.FastaDownloadTool:135)
[27-Nov-2017 12:06:44 - INFO] "Starting Downloading the Proteome -- 5476" (uk.ac.ebi.pride.cluster.dbmanager.utils.DBManagerUtilities:47)
[27-Nov-2017 12:06:53 - INFO] "The File -- proteomes-5476.gz -- has been converted" (uk.ac.ebi.pride.cluster.tools.utilities.FileUtilities:45)
[27-Nov-2017 12:06:53 - ERROR] "Error reading the Fasta File -- /Users/yperez/work/proteomes-5476.fasta" (uk.ac.ebi.pride.cluster.dbmanager.utils.DBManagerUtilities:119)
[27-Nov-2017 12:06:53 - ERROR] "The following Taxonomy has failed to produce a valid Fasta File -- 5476" (uk.ac.ebi.pride.cluster.tools.FastaDownloadTool:135)
[27-Nov-2017 12:06:53 - INFO] "Starting Downloading the Proteome -- 83332" (uk.ac.ebi.pride.cluster.dbmanager.utils.DBManagerUtilities:47)
[27-Nov-2017 12:07:03 - INFO] "The File -- proteomes-83332.gz -- has been converted" (uk.ac.ebi.pride.cluster.tools.utilities.FileUtilities:45)
[27-Nov-2017 12:07:03 - ERROR] "Error reading the Fasta File -- /Users/yperez/work/proteomes-83332.fasta" (uk.ac.ebi.pride.cluster.dbmanager.utils.DBManagerUtilities:119)
[27-Nov-2017 12:07:03 - ERROR] "The following Taxonomy has failed to produce a valid Fasta File -- 83332" (uk.ac.ebi.pride.cluster.tools.FastaDownloadTool:135)
[27-Nov-2017 12:07:05 - INFO] "Starting Downloading the Proteome -- 2" (uk.ac.ebi.pride.cluster.dbmanager.utils.DBManagerUtilities:47)
[27-Nov-2017 12:07:06 - INFO] "The File -- proteomes-287.gz -- has been converted" (uk.ac.ebi.pride.cluster.tools.utilities.FileUtilities:45)
[27-Nov-2017 12:07:10 - ERROR] "Error reading the Fasta File -- /Users/yperez/work/proteomes-287.fasta" (uk.ac.ebi.pride.cluster.dbmanager.utils.DBManagerUtilities:119)
[27-Nov-2017 12:07:10 - ERROR] "The following Taxonomy has failed to produce a valid Fasta File -- 287" (uk.ac.ebi.pride.cluster.tools.FastaDownloadTool:135)
[27-Nov-2017 12:07:10 - INFO] "Starting Downloading the Proteome -- 3888" (uk.ac.ebi.pride.cluster.dbmanager.utils.DBManagerUtilities:47)
[27-Nov-2017 12:07:14 - INFO] "The File -- proteomes-3888.gz -- has been converted" (uk.ac.ebi.pride.cluster.tools.utilities.FileUtilities:45)
[27-Nov-2017 12:07:14 - ERROR] "Error reading the Fasta File -- /Users/yperez/work/proteomes-3888.fasta" (uk.ac.ebi.pride.cluster.dbmanager.utils.DBManagerUtilities:119)
[27-Nov-2017 12:07:14 - ERROR] "The following Taxonomy has failed to produce a valid Fasta File -- 3888" (uk.ac.ebi.pride.cluster.tools.FastaDownloadTool:135)
[27-Nov-2017 12:07:14 - INFO] "Starting Downloading the Proteome -- 4113" (uk.ac.ebi.pride.cluster.dbmanager.utils.DBManagerUtilities:47)
[27-Nov-2017 12:07:27 - INFO] "The File -- proteomes-5811.gz -- has been converted" (uk.ac.ebi.pride.cluster.tools.utilities.FileUtilities:45)
[27-Nov-2017 12:07:30 - ERROR] "Error reading the Fasta File -- /Users/yperez/work/proteomes-5811.fasta" (uk.ac.ebi.pride.cluster.dbmanager.utils.DBManagerUtilities:119)
[27-Nov-2017 12:07:30 - ERROR] "The following Taxonomy has failed to produce a valid Fasta File -- 5811" (uk.ac.ebi.pride.cluster.tools.FastaDownloadTool:135)
[27-Nov-2017 12:07:30 - INFO] "Starting Downloading the Proteome -- 7029" (uk.ac.ebi.pride.cluster.dbmanager.utils.DBManagerUtilities:47)
[27-Nov-2017 12:07:33 - INFO] "The File -- proteomes-4113.gz -- has been converted" (uk.ac.ebi.pride.cluster.tools.utilities.FileUtilities:45)
[27-Nov-2017 12:07:34 - ERROR] "Error reading the Fasta File -- /Users/yperez/work/proteomes-4113.fasta" (uk.ac.ebi.pride.cluster.dbmanager.utils.DBManagerUtilities:119)
[27-Nov-2017 12:07:34 - ERROR] "The following Taxonomy has failed to produce a valid Fasta File -- 4113" (uk.ac.ebi.pride.cluster.tools.FastaDownloadTool:135)
[27-Nov-2017 12:07:34 - INFO] "Starting Downloading the Proteome -- 36329" (uk.ac.ebi.pride.cluster.dbmanager.utils.DBManagerUtilities:47)
[27-Nov-2017 12:07:39 - INFO] "The File -- proteomes-36329.gz -- has been converted" (uk.ac.ebi.pride.cluster.tools.utilities.FileUtilities:45)
[27-Nov-2017 12:07:39 - ERROR] "Error reading the Fasta File -- /Users/yperez/work/proteomes-36329.fasta" (uk.ac.ebi.pride.cluster.dbmanager.utils.DBManagerUtilities:119)
[27-Nov-2017 12:07:39 - ERROR] "The following Taxonomy has failed to produce a valid Fasta File -- 36329" (uk.ac.ebi.pride.cluster.tools.FastaDownloadTool:135)
[27-Nov-2017 12:07:39 - INFO] "Starting Downloading the Proteome -- 70448" (uk.ac.ebi.pride.cluster.dbmanager.utils.DBManagerUtilities:47)
[27-Nov-2017 12:07:45 - INFO] "The File -- proteomes-7029.gz -- has been converted" (uk.ac.ebi.pride.cluster.tools.utilities.FileUtilities:45)
[27-Nov-2017 12:07:46 - ERROR] "Error reading the Fasta File -- /Users/yperez/work/proteomes-7029.fasta" (uk.ac.ebi.pride.cluster.dbmanager.utils.DBManagerUtilities:119)
[27-Nov-2017 12:07:46 - ERROR] "The following Taxonomy has failed to produce a valid Fasta File -- 7029" (uk.ac.ebi.pride.cluster.tools.FastaDownloadTool:135)
[27-Nov-2017 12:07:46 - INFO] "Starting Downloading the Proteome -- 9544" (uk.ac.ebi.pride.cluster.dbmanager.utils.DBManagerUtilities:47)
[27-Nov-2017 12:07:47 - INFO] "The File -- proteomes-70448.gz -- has been converted" (uk.ac.ebi.pride.cluster.tools.utilities.FileUtilities:45)
[27-Nov-2017 12:07:47 - ERROR] "Error reading the Fasta File -- /Users/yperez/work/proteomes-70448.fasta" (uk.ac.ebi.pride.cluster.dbmanager.utils.DBManagerUtilities:119)
[27-Nov-2017 12:07:47 - ERROR] "The following Taxonomy has failed to produce a valid Fasta File -- 70448" (uk.ac.ebi.pride.cluster.tools.FastaDownloadTool:135)
[27-Nov-2017 12:07:47 - INFO] "Starting Downloading the Proteome -- 1351" (uk.ac.ebi.pride.cluster.dbmanager.utils.DBManagerUtilities:47)
[27-Nov-2017 12:08:25 - INFO] "The File -- proteomes-9544.gz -- has been converted" (uk.ac.ebi.pride.cluster.tools.utilities.FileUtilities:45)
[27-Nov-2017 12:08:27 - ERROR] "Error reading the Fasta File -- /Users/yperez/work/proteomes-9544.fasta" (uk.ac.ebi.pride.cluster.dbmanager.utils.DBManagerUtilities:119)
[27-Nov-2017 12:08:27 - ERROR] "The following Taxonomy has failed to produce a valid Fasta File -- 9544" (uk.ac.ebi.pride.cluster.tools.FastaDownloadTool:135)
[27-Nov-2017 12:08:27 - INFO] "Starting Downloading the Proteome -- 9615" (uk.ac.ebi.pride.cluster.dbmanager.utils.DBManagerUtilities:47)
[27-Nov-2017 12:08:46 - INFO] "The File -- proteomes-9615.gz -- has been converted" (uk.ac.ebi.pride.cluster.tools.utilities.FileUtilities:45)
[27-Nov-2017 12:08:46 - ERROR] "Error reading the Fasta File -- /Users/yperez/work/proteomes-9615.fasta" (uk.ac.ebi.pride.cluster.dbmanager.utils.DBManagerUtilities:119)
[27-Nov-2017 12:08:46 - ERROR] "The following Taxonomy has failed to produce a valid Fasta File -- 9615" (uk.ac.ebi.pride.cluster.tools.FastaDownloadTool:135)
[27-Nov-2017 12:08:46 - INFO] "Starting Downloading the Proteome -- 3218" (uk.ac.ebi.pride.cluster.dbmanager.utils.DBManagerUtilities:47)
[27-Nov-2017 12:09:00 - INFO] "The File -- proteomes-3218.gz -- has been converted" (uk.ac.ebi.pride.cluster.tools.utilities.FileUtilities:45)
[27-Nov-2017 12:09:01 - ERROR] "Error reading the Fasta File -- /Users/yperez/work/proteomes-3218.fasta" (uk.ac.ebi.pride.cluster.dbmanager.utils.DBManagerUtilities:119)
[27-Nov-2017 12:09:01 - ERROR] "The following Taxonomy has failed to produce a valid Fasta File -- 3218" (uk.ac.ebi.pride.cluster.tools.FastaDownloadTool:135)
[27-Nov-2017 12:09:01 - INFO] "Starting Downloading the Proteome -- 9823" (uk.ac.ebi.pride.cluster.dbmanager.utils.DBManagerUtilities:47)
[27-Nov-2017 12:09:24 - INFO] "The File -- proteomes-9823.gz -- has been converted" (uk.ac.ebi.pride.cluster.tools.utilities.FileUtilities:45)
[27-Nov-2017 12:09:25 - ERROR] "Error reading the Fasta File -- /Users/yperez/work/proteomes-9823.fasta" (uk.ac.ebi.pride.cluster.dbmanager.utils.DBManagerUtilities:119)
[27-Nov-2017 12:09:25 - ERROR] "The following Taxonomy has failed to produce a valid Fasta File -- 9823" (uk.ac.ebi.pride.cluster.tools.FastaDownloadTool:135)
[27-Nov-2017 12:09:25 - INFO] "Starting Downloading the Proteome -- 5661" (uk.ac.ebi.pride.cluster.dbmanager.utils.DBManagerUtilities:47)
[27-Nov-2017 12:09:31 - INFO] "The File -- proteomes-5661.gz -- has been converted" (uk.ac.ebi.pride.cluster.tools.utilities.FileUtilities:45)
[27-Nov-2017 12:09:32 - ERROR] "Error reading the Fasta File -- /Users/yperez/work/proteomes-5661.fasta" (uk.ac.ebi.pride.cluster.dbmanager.utils.DBManagerUtilities:119)
[27-Nov-2017 12:09:32 - ERROR] "The following Taxonomy has failed to produce a valid Fasta File -- 5661" (uk.ac.ebi.pride.cluster.tools.FastaDownloadTool:135)
[27-Nov-2017 12:09:32 - INFO] "Starting Downloading the Proteome -- 29159" (uk.ac.ebi.pride.cluster.dbmanager.utils.DBManagerUtilities:47)
[27-Nov-2017 12:09:41 - INFO] "The File -- proteomes-29159.gz -- has been converted" (uk.ac.ebi.pride.cluster.tools.utilities.FileUtilities:45)
[27-Nov-2017 12:09:42 - ERROR] "Error reading the Fasta File -- /Users/yperez/work/proteomes-29159.fasta" (uk.ac.ebi.pride.cluster.dbmanager.utils.DBManagerUtilities:119)
[27-Nov-2017 12:09:42 - ERROR] "The following Taxonomy has failed to produce a valid Fasta File -- 29159" (uk.ac.ebi.pride.cluster.tools.FastaDownloadTool:135)
[27-Nov-2017 12:09:42 - INFO] "Starting Downloading the Proteome -- 216597" (uk.ac.ebi.pride.cluster.dbmanager.utils.DBManagerUtilities:47)
[27-Nov-2017 15:05:45 - INFO] "Appending Proteins to the new File -- /Users/yperez/work/proteomes-5811-total.fasta" (uk.ac.ebi.pride.cluster.dbmanager.utils.DBManagerUtilities:170)
[27-Nov-2017 15:09:08 - INFO] "Appending Proteins to the new File -- /Users/yperez/work/proteomes-5811-total.fasta" (uk.ac.ebi.pride.cluster.dbmanager.utils.DBManagerUtilities:170)
[27-Nov-2017 15:20:34 - INFO] "Appending Proteins to the new File -- /var/folders/hm/w90zk0x90sv25st_pm8xdw940000gq/T/proteomes-9986.fasta4003169596056443180_tmp.fasta" (uk.ac.ebi.pride.cluster.dbmanager.utils.DBManagerUtilities:170)
[27-Nov-2017 15:24:54 - INFO] "Appending Proteins to the new File -- /var/folders/hm/w90zk0x90sv25st_pm8xdw940000gq/T/proteomes-9986.fasta3699693761667946839_tmp.fasta" (uk.ac.ebi.pride.cluster.dbmanager.utils.DBManagerUtilities:170)
[27-Nov-2017 15:25:34 - INFO] "Appending Proteins to the new File -- /var/folders/hm/w90zk0x90sv25st_pm8xdw940000gq/T/proteomes-9986.fasta3639795954892102106_tmp.fasta" (uk.ac.ebi.pride.cluster.dbmanager.utils.DBManagerUtilities:170)
[27-Nov-2017 15:26:01 - INFO] "Appending Proteins to the new File -- /var/folders/hm/w90zk0x90sv25st_pm8xdw940000gq/T/proteomes-9986.fasta453864988973797627_tmp.fasta" (uk.ac.ebi.pride.cluster.dbmanager.utils.DBManagerUtilities:170)
[27-Nov-2017 15:30:25 - INFO] "Appending Proteins to the new File -- /var/folders/hm/w90zk0x90sv25st_pm8xdw940000gq/T/proteomes-9986.fasta7484047060186022276_tmp.fasta" (uk.ac.ebi.pride.cluster.dbmanager.utils.DBManagerUtilities:170)
[27-Nov-2017 15:42:16 - INFO] "Appending Proteins to the new File -- /var/folders/hm/w90zk0x90sv25st_pm8xdw940000gq/T/proteomes-9986.fasta1799525111896286697_tmp.fasta" (uk.ac.ebi.pride.cluster.dbmanager.utils.DBManagerUtilities:169)
[27-Nov-2017 16:02:09 - INFO] "Appending Proteins to the new File -- /var/folders/hm/w90zk0x90sv25st_pm8xdw940000gq/T/proteomes-9986.fasta6290265966639667192_tmp.fasta" (uk.ac.ebi.pride.cluster.dbmanager.utils.DBManagerUtilities:169)
[27-Nov-2017 16:14:29 - INFO] "Starting Downloading the Proteome -- 5691" (uk.ac.ebi.pride.cluster.dbmanager.utils.DBManagerUtilities:53)
[27-Nov-2017 16:14:29 - INFO] "Starting Downloading the Proteome -- 135062" (uk.ac.ebi.pride.cluster.dbmanager.utils.DBManagerUtilities:53)
[27-Nov-2017 16:14:29 - ERROR] "Error to Download the following Taxonomy -- 135062" (uk.ac.ebi.pride.cluster.tools.fasta.FastaDownloadTool:136)
[27-Nov-2017 16:14:29 - INFO] "Starting Downloading the Proteome -- 9986" (uk.ac.ebi.pride.cluster.dbmanager.utils.DBManagerUtilities:53)
[27-Nov-2017 16:14:29 - INFO] "Starting Downloading the Proteome -- 272634" (uk.ac.ebi.pride.cluster.dbmanager.utils.DBManagerUtilities:53)
[27-Nov-2017 16:14:29 - INFO] "Starting Downloading the Proteome -- 330879" (uk.ac.ebi.pride.cluster.dbmanager.utils.DBManagerUtilities:53)
[27-Nov-2017 16:14:30 - INFO] "The File -- proteomes-272634.gz -- has been converted" (uk.ac.ebi.pride.cluster.tools.utilities.FileUtilities:45)
[27-Nov-2017 16:14:30 - INFO] "Number of AminoAcids for Fasta File -- 239914" (uk.ac.ebi.pride.cluster.dbmanager.utils.DBManagerUtilities:123)
[27-Nov-2017 16:14:30 - INFO] "Starting Downloading the Proteome -- 208964" (uk.ac.ebi.pride.cluster.dbmanager.utils.DBManagerUtilities:53)
[27-Nov-2017 16:14:35 - INFO] "The File -- proteomes-330879.gz -- has been converted" (uk.ac.ebi.pride.cluster.tools.utilities.FileUtilities:45)
[27-Nov-2017 16:14:37 - INFO] "Number of AminoAcids for Fasta File -- 4753279" (uk.ac.ebi.pride.cluster.dbmanager.utils.DBManagerUtilities:123)
[27-Nov-2017 16:14:37 - INFO] "Starting Downloading the Proteome -- 375451" (uk.ac.ebi.pride.cluster.dbmanager.utils.DBManagerUtilities:53)
[27-Nov-2017 16:14:38 - INFO] "The File -- proteomes-208964.gz -- has been converted" (uk.ac.ebi.pride.cluster.tools.utilities.FileUtilities:45)
[27-Nov-2017 16:14:39 - INFO] "Number of AminoAcids for Fasta File -- 1874071" (uk.ac.ebi.pride.cluster.dbmanager.utils.DBManagerUtilities:123)
[27-Nov-2017 16:14:39 - INFO] "Starting Downloading the Proteome -- 3708" (uk.ac.ebi.pride.cluster.dbmanager.utils.DBManagerUtilities:53)
[27-Nov-2017 16:14:41 - INFO] "The File -- proteomes-9986.gz -- has been converted" (uk.ac.ebi.pride.cluster.tools.utilities.FileUtilities:45)
[27-Nov-2017 16:14:42 - INFO] "The File -- proteomes-5691.gz -- has been converted" (uk.ac.ebi.pride.cluster.tools.utilities.FileUtilities:45)
[27-Nov-2017 16:14:42 - INFO] "The File -- proteomes-375451.gz -- has been converted" (uk.ac.ebi.pride.cluster.tools.utilities.FileUtilities:45)
[27-Nov-2017 16:14:43 - ERROR] "Error reading the Fasta File -- /Volumes/yasset_data/ms_work/databases/proteomes-9986.fasta" (uk.ac.ebi.pride.cluster.dbmanager.utils.DBManagerUtilities:125)
[27-Nov-2017 16:14:43 - ERROR] "The following Taxonomy has failed to produce a valid Fasta File -- 9986" (uk.ac.ebi.pride.cluster.tools.fasta.FastaDownloadTool:134)
[27-Nov-2017 16:14:43 - INFO] "Starting Downloading the Proteome -- 44689" (uk.ac.ebi.pride.cluster.dbmanager.utils.DBManagerUtilities:53)
[27-Nov-2017 16:14:43 - INFO] "Number of AminoAcids for Fasta File -- 1285857" (uk.ac.ebi.pride.cluster.dbmanager.utils.DBManagerUtilities:123)
[27-Nov-2017 16:14:43 - INFO] "Number of AminoAcids for Fasta File -- 1285857" (uk.ac.ebi.pride.cluster.dbmanager.utils.DBManagerUtilities:123)
[27-Nov-2017 16:14:43 - INFO] "Starting Downloading the Proteome -- 7955" (uk.ac.ebi.pride.cluster.dbmanager.utils.DBManagerUtilities:53)
[27-Nov-2017 16:14:43 - INFO] "Starting Downloading the Proteome -- 391619" (uk.ac.ebi.pride.cluster.dbmanager.utils.DBManagerUtilities:53)
[27-Nov-2017 16:14:47 - INFO] "The File -- proteomes-391619.gz -- has been converted" (uk.ac.ebi.pride.cluster.tools.utilities.FileUtilities:45)
[27-Nov-2017 16:14:47 - INFO] "Number of AminoAcids for Fasta File -- 1234403" (uk.ac.ebi.pride.cluster.dbmanager.utils.DBManagerUtilities:123)
[27-Nov-2017 16:14:47 - INFO] "Starting Downloading the Proteome -- 546414" (uk.ac.ebi.pride.cluster.dbmanager.utils.DBManagerUtilities:53)
[27-Nov-2017 16:14:52 - INFO] "The File -- proteomes-546414.gz -- has been converted" (uk.ac.ebi.pride.cluster.tools.utilities.FileUtilities:45)
[27-Nov-2017 16:14:52 - INFO] "Number of AminoAcids for Fasta File -- 1081094" (uk.ac.ebi.pride.cluster.dbmanager.utils.DBManagerUtilities:123)
[27-Nov-2017 16:14:52 - INFO] "Starting Downloading the Proteome -- 588858" (uk.ac.ebi.pride.cluster.dbmanager.utils.DBManagerUtilities:53)
[27-Nov-2017 16:14:53 - INFO] "The File -- proteomes-44689.gz -- has been converted" (uk.ac.ebi.pride.cluster.tools.utilities.FileUtilities:45)
[27-Nov-2017 16:14:55 - INFO] "The File -- proteomes-588858.gz -- has been converted" (uk.ac.ebi.pride.cluster.tools.utilities.FileUtilities:45)
[27-Nov-2017 16:14:55 - ERROR] "Error reading the Fasta File -- /Volumes/yasset_data/ms_work/databases/proteomes-44689.fasta" (uk.ac.ebi.pride.cluster.dbmanager.utils.DBManagerUtilities:125)
[27-Nov-2017 16:14:55 - ERROR] "The following Taxonomy has failed to produce a valid Fasta File -- 44689" (uk.ac.ebi.pride.cluster.tools.fasta.FastaDownloadTool:134)
[27-Nov-2017 16:14:55 - INFO] "Starting Downloading the Proteome -- 160488" (uk.ac.ebi.pride.cluster.dbmanager.utils.DBManagerUtilities:53)
[27-Nov-2017 16:14:55 - ERROR] "Error reading the Fasta File -- /Volumes/yasset_data/ms_work/databases/proteomes-588858.fasta" (uk.ac.ebi.pride.cluster.dbmanager.utils.DBManagerUtilities:125)
[27-Nov-2017 16:14:55 - ERROR] "The following Taxonomy has failed to produce a valid Fasta File -- 588858" (uk.ac.ebi.pride.cluster.tools.fasta.FastaDownloadTool:134)
[27-Nov-2017 16:14:55 - INFO] "Starting Downloading the Proteome -- 306" (uk.ac.ebi.pride.cluster.dbmanager.utils.DBManagerUtilities:53)
[27-Nov-2017 16:14:56 - INFO] "The File -- proteomes-306.gz -- has been converted" (uk.ac.ebi.pride.cluster.tools.utilities.FileUtilities:45)
[27-Nov-2017 16:14:56 - ERROR] "Error reading the Fasta File -- /Volumes/yasset_data/ms_work/databases/proteomes-306.fasta" (uk.ac.ebi.pride.cluster.dbmanager.utils.DBManagerUtilities:125)
[27-Nov-2017 16:14:56 - ERROR] "The following Taxonomy has failed to produce a valid Fasta File -- 306" (uk.ac.ebi.pride.cluster.tools.fasta.FastaDownloadTool:134)
[27-Nov-2017 16:14:56 - INFO] "Starting Downloading the Proteome -- 1423" (uk.ac.ebi.pride.cluster.dbmanager.utils.DBManagerUtilities:53)
[27-Nov-2017 16:15:01 - INFO] "The File -- proteomes-3708.gz -- has been converted" (uk.ac.ebi.pride.cluster.tools.utilities.FileUtilities:45)
[27-Nov-2017 16:15:02 - INFO] "The File -- proteomes-160488.gz -- has been converted" (uk.ac.ebi.pride.cluster.tools.utilities.FileUtilities:45)
[27-Nov-2017 16:15:03 - ERROR] "Error reading the Fasta File -- /Volumes/yasset_data/ms_work/databases/proteomes-3708.fasta" (uk.ac.ebi.pride.cluster.dbmanager.utils.DBManagerUtilities:125)
[27-Nov-2017 16:15:03 - ERROR] "Error reading the Fasta File -- /Volumes/yasset_data/ms_work/databases/proteomes-160488.fasta" (uk.ac.ebi.pride.cluster.dbmanager.utils.DBManagerUtilities:125)
[27-Nov-2017 16:15:03 - ERROR] "The following Taxonomy has failed to produce a valid Fasta File -- 160488" (uk.ac.ebi.pride.cluster.tools.fasta.FastaDownloadTool:134)
[27-Nov-2017 16:15:03 - ERROR] "The following Taxonomy has failed to produce a valid Fasta File -- 3708" (uk.ac.ebi.pride.cluster.tools.fasta.FastaDownloadTool:134)
[27-Nov-2017 16:15:03 - INFO] "Starting Downloading the Proteome -- 7091" (uk.ac.ebi.pride.cluster.dbmanager.utils.DBManagerUtilities:53)
[27-Nov-2017 16:15:03 - INFO] "Starting Downloading the Proteome -- 746128" (uk.ac.ebi.pride.cluster.dbmanager.utils.DBManagerUtilities:53)
[27-Nov-2017 16:15:11 - INFO] "The File -- proteomes-7091.gz -- has been converted" (uk.ac.ebi.pride.cluster.tools.utilities.FileUtilities:45)
[27-Nov-2017 16:15:11 - ERROR] "Error reading the Fasta File -- /Volumes/yasset_data/ms_work/databases/proteomes-7091.fasta" (uk.ac.ebi.pride.cluster.dbmanager.utils.DBManagerUtilities:125)
[27-Nov-2017 16:15:11 - ERROR] "The following Taxonomy has failed to produce a valid Fasta File -- 7091" (uk.ac.ebi.pride.cluster.tools.fasta.FastaDownloadTool:134)
[27-Nov-2017 16:15:11 - INFO] "Starting Downloading the Proteome -- 29760" (uk.ac.ebi.pride.cluster.dbmanager.utils.DBManagerUtilities:53)
[27-Nov-2017 16:15:13 - INFO] "The File -- proteomes-7955.gz -- has been converted" (uk.ac.ebi.pride.cluster.tools.utilities.FileUtilities:45)
[27-Nov-2017 16:15:15 - ERROR] "Error reading the Fasta File -- /Volumes/yasset_data/ms_work/databases/proteomes-7955.fasta" (uk.ac.ebi.pride.cluster.dbmanager.utils.DBManagerUtilities:125)
[27-Nov-2017 16:15:15 - ERROR] "The following Taxonomy has failed to produce a valid Fasta File -- 7955" (uk.ac.ebi.pride.cluster.tools.fasta.FastaDownloadTool:134)
[27-Nov-2017 16:15:15 - INFO] "Starting Downloading the Proteome -- 4565" (uk.ac.ebi.pride.cluster.dbmanager.utils.DBManagerUtilities:53)
[27-Nov-2017 16:15:26 - INFO] "The File -- proteomes-746128.gz -- has been converted" (uk.ac.ebi.pride.cluster.tools.utilities.FileUtilities:45)
[27-Nov-2017 16:15:27 - ERROR] "Error reading the Fasta File -- /Volumes/yasset_data/ms_work/databases/proteomes-746128.fasta" (uk.ac.ebi.pride.cluster.dbmanager.utils.DBManagerUtilities:125)
[27-Nov-2017 16:15:27 - ERROR] "The following Taxonomy has failed to produce a valid Fasta File -- 746128" (uk.ac.ebi.pride.cluster.tools.fasta.FastaDownloadTool:134)
[27-Nov-2017 16:15:28 - INFO] "Starting Downloading the Proteome -- 931281" (uk.ac.ebi.pride.cluster.dbmanager.utils.DBManagerUtilities:53)
[27-Nov-2017 16:15:28 - INFO] "The File -- proteomes-931281.gz -- has been converted" (uk.ac.ebi.pride.cluster.tools.utilities.FileUtilities:45)
[27-Nov-2017 16:15:28 - ERROR] "Error reading the Fasta File -- /Volumes/yasset_data/ms_work/databases/proteomes-931281.fasta" (uk.ac.ebi.pride.cluster.dbmanager.utils.DBManagerUtilities:125)
[27-Nov-2017 16:15:28 - ERROR] "The following Taxonomy has failed to produce a valid Fasta File -- 931281" (uk.ac.ebi.pride.cluster.tools.fasta.FastaDownloadTool:134)
[27-Nov-2017 16:15:28 - INFO] "Starting Downloading the Proteome -- 3635" (uk.ac.ebi.pride.cluster.dbmanager.utils.DBManagerUtilities:53)
[27-Nov-2017 16:15:38 - INFO] "The File -- proteomes-29760.gz -- has been converted" (uk.ac.ebi.pride.cluster.tools.utilities.FileUtilities:45)
[27-Nov-2017 16:15:39 - ERROR] "Error reading the Fasta File -- /Volumes/yasset_data/ms_work/databases/proteomes-29760.fasta" (uk.ac.ebi.pride.cluster.dbmanager.utils.DBManagerUtilities:125)
[27-Nov-2017 16:15:39 - ERROR] "The following Taxonomy has failed to produce a valid Fasta File -- 29760" (uk.ac.ebi.pride.cluster.tools.fasta.FastaDownloadTool:134)
[27-Nov-2017 16:15:39 - INFO] "Starting Downloading the Proteome -- 5833" (uk.ac.ebi.pride.cluster.dbmanager.utils.DBManagerUtilities:53)
[27-Nov-2017 16:15:55 - INFO] "The File -- proteomes-1423.gz -- has been converted" (uk.ac.ebi.pride.cluster.tools.utilities.FileUtilities:45)
[27-Nov-2017 16:15:57 - ERROR] "Error reading the Fasta File -- /Volumes/yasset_data/ms_work/databases/proteomes-1423.fasta" (uk.ac.ebi.pride.cluster.dbmanager.utils.DBManagerUtilities:125)
[27-Nov-2017 16:15:57 - ERROR] "The following Taxonomy has failed to produce a valid Fasta File -- 1423" (uk.ac.ebi.pride.cluster.tools.fasta.FastaDownloadTool:134)
[27-Nov-2017 16:15:57 - INFO] "Starting Downloading the Proteome -- 2242" (uk.ac.ebi.pride.cluster.dbmanager.utils.DBManagerUtilities:53)
[27-Nov-2017 16:16:00 - INFO] "The File -- proteomes-2242.gz -- has been converted" (uk.ac.ebi.pride.cluster.tools.utilities.FileUtilities:45)
[27-Nov-2017 16:16:00 - ERROR] "Error reading the Fasta File -- /Volumes/yasset_data/ms_work/databases/proteomes-2242.fasta" (uk.ac.ebi.pride.cluster.dbmanager.utils.DBManagerUtilities:125)
[27-Nov-2017 16:16:00 - ERROR] "The following Taxonomy has failed to produce a valid Fasta File -- 2242" (uk.ac.ebi.pride.cluster.tools.fasta.FastaDownloadTool:134)
[27-Nov-2017 16:16:01 - INFO] "Starting Downloading the Proteome -- 2759" (uk.ac.ebi.pride.cluster.dbmanager.utils.DBManagerUtilities:53)
[27-Nov-2017 16:16:03 - INFO] "The File -- proteomes-3635.gz -- has been converted" (uk.ac.ebi.pride.cluster.tools.utilities.FileUtilities:45)
[27-Nov-2017 16:16:05 - ERROR] "Error reading the Fasta File -- /Volumes/yasset_data/ms_work/databases/proteomes-3635.fasta" (uk.ac.ebi.pride.cluster.dbmanager.utils.DBManagerUtilities:125)
[27-Nov-2017 16:16:05 - ERROR] "The following Taxonomy has failed to produce a valid Fasta File -- 3635" (uk.ac.ebi.pride.cluster.tools.fasta.FastaDownloadTool:134)
[27-Nov-2017 16:16:05 - INFO] "Starting Downloading the Proteome -- 5061" (uk.ac.ebi.pride.cluster.dbmanager.utils.DBManagerUtilities:53)
[27-Nov-2017 16:16:15 - INFO] "The File -- proteomes-4565.gz -- has been converted" (uk.ac.ebi.pride.cluster.tools.utilities.FileUtilities:45)
[27-Nov-2017 16:16:18 - ERROR] "Error reading the Fasta File -- /Volumes/yasset_data/ms_work/databases/proteomes-4565.fasta" (uk.ac.ebi.pride.cluster.dbmanager.utils.DBManagerUtilities:125)
[27-Nov-2017 16:16:18 - ERROR] "The following Taxonomy has failed to produce a valid Fasta File -- 4565" (uk.ac.ebi.pride.cluster.tools.fasta.FastaDownloadTool:134)
[27-Nov-2017 16:16:18 - INFO] "Starting Downloading the Proteome -- 1280" (uk.ac.ebi.pride.cluster.dbmanager.utils.DBManagerUtilities:53)
[27-Nov-2017 16:16:31 - INFO] "The File -- proteomes-5061.gz -- has been converted" (uk.ac.ebi.pride.cluster.tools.utilities.FileUtilities:45)
[27-Nov-2017 16:16:32 - ERROR] "Error reading the Fasta File -- /Volumes/yasset_data/ms_work/databases/proteomes-5061.fasta" (uk.ac.ebi.pride.cluster.dbmanager.utils.DBManagerUtilities:125)
[27-Nov-2017 16:16:32 - ERROR] "The following Taxonomy has failed to produce a valid Fasta File -- 5061" (uk.ac.ebi.pride.cluster.tools.fasta.FastaDownloadTool:134)
[27-Nov-2017 16:16:32 - INFO] "Starting Downloading the Proteome -- 8049" (uk.ac.ebi.pride.cluster.dbmanager.utils.DBManagerUtilities:53)
[27-Nov-2017 16:16:34 - INFO] "The File -- proteomes-8049.gz -- has been converted" (uk.ac.ebi.pride.cluster.tools.utilities.FileUtilities:45)
[27-Nov-2017 16:16:34 - ERROR] "Error reading the Fasta File -- /Volumes/yasset_data/ms_work/databases/proteomes-8049.fasta" (uk.ac.ebi.pride.cluster.dbmanager.utils.DBManagerUtilities:125)
[27-Nov-2017 16:16:34 - ERROR] "The following Taxonomy has failed to produce a valid Fasta File -- 8049" (uk.ac.ebi.pride.cluster.tools.fasta.FastaDownloadTool:134)
[27-Nov-2017 16:16:35 - INFO] "Starting Downloading the Proteome -- 32644" (uk.ac.ebi.pride.cluster.dbmanager.utils.DBManagerUtilities:53)
[27-Nov-2017 16:16:35 - INFO] "The File -- proteomes-32644.gz -- has been converted" (uk.ac.ebi.pride.cluster.tools.utilities.FileUtilities:45)
[27-Nov-2017 16:16:35 - ERROR] "Error reading the Fasta File -- /Volumes/yasset_data/ms_work/databases/proteomes-32644.fasta" (uk.ac.ebi.pride.cluster.dbmanager.utils.DBManagerUtilities:125)
[27-Nov-2017 16:16:35 - ERROR] "The following Taxonomy has failed to produce a valid Fasta File -- 32644" (uk.ac.ebi.pride.cluster.tools.fasta.FastaDownloadTool:134)
[27-Nov-2017 16:16:35 - INFO] "Starting Downloading the Proteome -- 48479" (uk.ac.ebi.pride.cluster.dbmanager.utils.DBManagerUtilities:53)
[27-Nov-2017 16:16:51 - INFO] "The File -- proteomes-5833.gz -- has been converted" (uk.ac.ebi.pride.cluster.tools.utilities.FileUtilities:45)
[27-Nov-2017 16:16:53 - ERROR] "Error reading the Fasta File -- /Volumes/yasset_data/ms_work/databases/proteomes-5833.fasta" (uk.ac.ebi.pride.cluster.dbmanager.utils.DBManagerUtilities:125)
[27-Nov-2017 16:16:53 - ERROR] "The following Taxonomy has failed to produce a valid Fasta File -- 5833" (uk.ac.ebi.pride.cluster.tools.fasta.FastaDownloadTool:134)
[27-Nov-2017 16:16:53 - INFO] "Starting Downloading the Proteome -- 9940" (uk.ac.ebi.pride.cluster.dbmanager.utils.DBManagerUtilities:53)
[27-Nov-2017 16:17:05 - INFO] "The File -- proteomes-9940.gz -- has been converted" (uk.ac.ebi.pride.cluster.tools.utilities.FileUtilities:45)
[27-Nov-2017 16:17:06 - ERROR] "Error reading the Fasta File -- /Volumes/yasset_data/ms_work/databases/proteomes-9940.fasta" (uk.ac.ebi.pride.cluster.dbmanager.utils.DBManagerUtilities:125)
[27-Nov-2017 16:17:06 - ERROR] "The following Taxonomy has failed to produce a valid Fasta File -- 9940" (uk.ac.ebi.pride.cluster.tools.fasta.FastaDownloadTool:134)
[27-Nov-2017 16:17:06 - INFO] "Starting Downloading the Proteome -- 226900" (uk.ac.ebi.pride.cluster.dbmanager.utils.DBManagerUtilities:53)
[27-Nov-2017 16:17:12 - INFO] "The File -- proteomes-226900.gz -- has been converted" (uk.ac.ebi.pride.cluster.tools.utilities.FileUtilities:45)
[27-Nov-2017 16:17:12 - ERROR] "Error reading the Fasta File -- /Volumes/yasset_data/ms_work/databases/proteomes-226900.fasta" (uk.ac.ebi.pride.cluster.dbmanager.utils.DBManagerUtilities:125)
[27-Nov-2017 16:17:12 - ERROR] "The following Taxonomy has failed to produce a valid Fasta File -- 226900" (uk.ac.ebi.pride.cluster.tools.fasta.FastaDownloadTool:134)
[27-Nov-2017 16:17:12 - INFO] "Starting Downloading the Proteome -- 4896" (uk.ac.ebi.pride.cluster.dbmanager.utils.DBManagerUtilities:53)
[27-Nov-2017 16:17:17 - INFO] "The File -- proteomes-4896.gz -- has been converted" (uk.ac.ebi.pride.cluster.tools.utilities.FileUtilities:45)
[27-Nov-2017 16:17:17 - ERROR] "Error reading the Fasta File -- /Volumes/yasset_data/ms_work/databases/proteomes-4896.fasta" (uk.ac.ebi.pride.cluster.dbmanager.utils.DBManagerUtilities:125)
[27-Nov-2017 16:17:17 - ERROR] "The following Taxonomy has failed to produce a valid Fasta File -- 4896" (uk.ac.ebi.pride.cluster.tools.fasta.FastaDownloadTool:134)
[27-Nov-2017 16:17:17 - INFO] "Starting Downloading the Proteome -- 7460" (uk.ac.ebi.pride.cluster.dbmanager.utils.DBManagerUtilities:53)
[27-Nov-2017 16:17:26 - INFO] "The File -- proteomes-1280.gz -- has been converted" (uk.ac.ebi.pride.cluster.tools.utilities.FileUtilities:45)
[27-Nov-2017 16:17:28 - INFO] "The File -- proteomes-7460.gz -- has been converted" (uk.ac.ebi.pride.cluster.tools.utilities.FileUtilities:45)
[27-Nov-2017 16:17:28 - ERROR] "Error reading the Fasta File -- /Volumes/yasset_data/ms_work/databases/proteomes-1280.fasta" (uk.ac.ebi.pride.cluster.dbmanager.utils.DBManagerUtilities:125)
[27-Nov-2017 16:17:28 - ERROR] "The following Taxonomy has failed to produce a valid Fasta File -- 1280" (uk.ac.ebi.pride.cluster.tools.fasta.FastaDownloadTool:134)
[27-Nov-2017 16:17:28 - INFO] "Starting Downloading the Proteome -- 4577" (uk.ac.ebi.pride.cluster.dbmanager.utils.DBManagerUtilities:53)
[27-Nov-2017 16:17:29 - ERROR] "Error reading the Fasta File -- /Volumes/yasset_data/ms_work/databases/proteomes-7460.fasta" (uk.ac.ebi.pride.cluster.dbmanager.utils.DBManagerUtilities:125)
[27-Nov-2017 16:17:29 - ERROR] "The following Taxonomy has failed to produce a valid Fasta File -- 7460" (uk.ac.ebi.pride.cluster.tools.fasta.FastaDownloadTool:134)
[27-Nov-2017 16:17:29 - INFO] "Starting Downloading the Proteome -- 224308" (uk.ac.ebi.pride.cluster.dbmanager.utils.DBManagerUtilities:53)
[27-Nov-2017 16:17:31 - INFO] "The File -- proteomes-224308.gz -- has been converted" (uk.ac.ebi.pride.cluster.tools.utilities.FileUtilities:45)
[27-Nov-2017 16:17:31 - ERROR] "Error reading the Fasta File -- /Volumes/yasset_data/ms_work/databases/proteomes-224308.fasta" (uk.ac.ebi.pride.cluster.dbmanager.utils.DBManagerUtilities:125)
[27-Nov-2017 16:17:31 - ERROR] "The following Taxonomy has failed to produce a valid Fasta File -- 224308" (uk.ac.ebi.pride.cluster.tools.fasta.FastaDownloadTool:134)
[27-Nov-2017 16:17:31 - INFO] "Starting Downloading the Proteome -- 1148" (uk.ac.ebi.pride.cluster.dbmanager.utils.DBManagerUtilities:53)
[27-Nov-2017 16:17:37 - INFO] "The File -- proteomes-1148.gz -- has been converted" (uk.ac.ebi.pride.cluster.tools.utilities.FileUtilities:45)
[27-Nov-2017 16:17:37 - ERROR] "Error reading the Fasta File -- /Volumes/yasset_data/ms_work/databases/proteomes-1148.fasta" (uk.ac.ebi.pride.cluster.dbmanager.utils.DBManagerUtilities:125)
[27-Nov-2017 16:17:37 - ERROR] "The following Taxonomy has failed to produce a valid Fasta File -- 1148" (uk.ac.ebi.pride.cluster.tools.fasta.FastaDownloadTool:134)
[27-Nov-2017 16:17:37 - INFO] "Starting Downloading the Proteome -- 287" (uk.ac.ebi.pride.cluster.dbmanager.utils.DBManagerUtilities:53)
[27-Nov-2017 16:18:04 - INFO] "The File -- proteomes-48479.gz -- has been converted" (uk.ac.ebi.pride.cluster.tools.utilities.FileUtilities:45)
[27-Nov-2017 16:18:08 - ERROR] "Error reading the Fasta File -- /Volumes/yasset_data/ms_work/databases/proteomes-48479.fasta" (uk.ac.ebi.pride.cluster.dbmanager.utils.DBManagerUtilities:125)
[27-Nov-2017 16:18:08 - ERROR] "The following Taxonomy has failed to produce a valid Fasta File -- 48479" (uk.ac.ebi.pride.cluster.tools.fasta.FastaDownloadTool:134)
[27-Nov-2017 16:18:08 - INFO] "Starting Downloading the Proteome -- 51655" (uk.ac.ebi.pride.cluster.dbmanager.utils.DBManagerUtilities:53)
[27-Nov-2017 16:18:10 - INFO] "The File -- proteomes-51655.gz -- has been converted" (uk.ac.ebi.pride.cluster.tools.utilities.FileUtilities:45)
[27-Nov-2017 16:18:10 - ERROR] "Error reading the Fasta File -- /Volumes/yasset_data/ms_work/databases/proteomes-51655.fasta" (uk.ac.ebi.pride.cluster.dbmanager.utils.DBManagerUtilities:125)
[27-Nov-2017 16:18:10 - ERROR] "The following Taxonomy has failed to produce a valid Fasta File -- 51655" (uk.ac.ebi.pride.cluster.tools.fasta.FastaDownloadTool:134)
[27-Nov-2017 16:18:10 - INFO] "Starting Downloading the Proteome -- 85963" (uk.ac.ebi.pride.cluster.dbmanager.utils.DBManagerUtilities:53)
[27-Nov-2017 16:18:14 - INFO] "The File -- proteomes-85963.gz -- has been converted" (uk.ac.ebi.pride.cluster.tools.utilities.FileUtilities:45)
[27-Nov-2017 16:18:14 - ERROR] "Error reading the Fasta File -- /Volumes/yasset_data/ms_work/databases/proteomes-85963.fasta" (uk.ac.ebi.pride.cluster.dbmanager.utils.DBManagerUtilities:125)
[27-Nov-2017 16:18:14 - ERROR] "The following Taxonomy has failed to produce a valid Fasta File -- 85963" (uk.ac.ebi.pride.cluster.tools.fasta.FastaDownloadTool:134)
[27-Nov-2017 16:18:14 - INFO] "Starting Downloading the Proteome -- 5811" (uk.ac.ebi.pride.cluster.dbmanager.utils.DBManagerUtilities:53)
[27-Nov-2017 16:18:23 - INFO] "The File -- proteomes-4577.gz -- has been converted" (uk.ac.ebi.pride.cluster.tools.utilities.FileUtilities:45)
[27-Nov-2017 16:18:26 - ERROR] "Error reading the Fasta File -- /Volumes/yasset_data/ms_work/databases/proteomes-4577.fasta" (uk.ac.ebi.pride.cluster.dbmanager.utils.DBManagerUtilities:125)
[27-Nov-2017 16:18:26 - ERROR] "The following Taxonomy has failed to produce a valid Fasta File -- 4577" (uk.ac.ebi.pride.cluster.tools.fasta.FastaDownloadTool:134)
[27-Nov-2017 16:18:26 - INFO] "Starting Downloading the Proteome -- 5476" (uk.ac.ebi.pride.cluster.dbmanager.utils.DBManagerUtilities:53)
[27-Nov-2017 16:18:36 - INFO] "The File -- proteomes-5476.gz -- has been converted" (uk.ac.ebi.pride.cluster.tools.utilities.FileUtilities:45)
[27-Nov-2017 16:18:36 - ERROR] "Error reading the Fasta File -- /Volumes/yasset_data/ms_work/databases/proteomes-5476.fasta" (uk.ac.ebi.pride.cluster.dbmanager.utils.DBManagerUtilities:125)
[27-Nov-2017 16:18:36 - ERROR] "The following Taxonomy has failed to produce a valid Fasta File -- 5476" (uk.ac.ebi.pride.cluster.tools.fasta.FastaDownloadTool:134)
[27-Nov-2017 16:18:36 - INFO] "Starting Downloading the Proteome -- 83332" (uk.ac.ebi.pride.cluster.dbmanager.utils.DBManagerUtilities:53)
[27-Nov-2017 16:18:45 - INFO] "The File -- proteomes-83332.gz -- has been converted" (uk.ac.ebi.pride.cluster.tools.utilities.FileUtilities:45)
[27-Nov-2017 16:18:46 - ERROR] "Error reading the Fasta File -- /Volumes/yasset_data/ms_work/databases/proteomes-83332.fasta" (uk.ac.ebi.pride.cluster.dbmanager.utils.DBManagerUtilities:125)
[27-Nov-2017 16:18:46 - ERROR] "The following Taxonomy has failed to produce a valid Fasta File -- 83332" (uk.ac.ebi.pride.cluster.tools.fasta.FastaDownloadTool:134)
[27-Nov-2017 16:18:47 - INFO] "Starting Downloading the Proteome -- 2" (uk.ac.ebi.pride.cluster.dbmanager.utils.DBManagerUtilities:53)
[27-Nov-2017 16:18:58 - INFO] "The File -- proteomes-287.gz -- has been converted" (uk.ac.ebi.pride.cluster.tools.utilities.FileUtilities:45)
[27-Nov-2017 16:19:02 - ERROR] "Error reading the Fasta File -- /Volumes/yasset_data/ms_work/databases/proteomes-287.fasta" (uk.ac.ebi.pride.cluster.dbmanager.utils.DBManagerUtilities:125)
[27-Nov-2017 16:19:02 - ERROR] "The following Taxonomy has failed to produce a valid Fasta File -- 287" (uk.ac.ebi.pride.cluster.tools.fasta.FastaDownloadTool:134)
[27-Nov-2017 16:19:02 - INFO] "Starting Downloading the Proteome -- 3888" (uk.ac.ebi.pride.cluster.dbmanager.utils.DBManagerUtilities:53)
[27-Nov-2017 16:19:06 - INFO] "The File -- proteomes-3888.gz -- has been converted" (uk.ac.ebi.pride.cluster.tools.utilities.FileUtilities:45)
[27-Nov-2017 16:19:06 - ERROR] "Error reading the Fasta File -- /Volumes/yasset_data/ms_work/databases/proteomes-3888.fasta" (uk.ac.ebi.pride.cluster.dbmanager.utils.DBManagerUtilities:125)
[27-Nov-2017 16:19:06 - ERROR] "The following Taxonomy has failed to produce a valid Fasta File -- 3888" (uk.ac.ebi.pride.cluster.tools.fasta.FastaDownloadTool:134)
[27-Nov-2017 16:19:06 - INFO] "Starting Downloading the Proteome -- 4113" (uk.ac.ebi.pride.cluster.dbmanager.utils.DBManagerUtilities:53)
[27-Nov-2017 16:19:22 - INFO] "The File -- proteomes-5811.gz -- has been converted" (uk.ac.ebi.pride.cluster.tools.utilities.FileUtilities:45)
[27-Nov-2017 16:19:25 - INFO] "The File -- proteomes-4113.gz -- has been converted" (uk.ac.ebi.pride.cluster.tools.utilities.FileUtilities:45)
[27-Nov-2017 16:19:27 - ERROR] "Error reading the Fasta File -- /Volumes/yasset_data/ms_work/databases/proteomes-5811.fasta" (uk.ac.ebi.pride.cluster.dbmanager.utils.DBManagerUtilities:125)
[27-Nov-2017 16:19:27 - ERROR] "Error reading the Fasta File -- /Volumes/yasset_data/ms_work/databases/proteomes-4113.fasta" (uk.ac.ebi.pride.cluster.dbmanager.utils.DBManagerUtilities:125)
[27-Nov-2017 16:19:27 - ERROR] "The following Taxonomy has failed to produce a valid Fasta File -- 5811" (uk.ac.ebi.pride.cluster.tools.fasta.FastaDownloadTool:134)
[27-Nov-2017 16:19:27 - ERROR] "The following Taxonomy has failed to produce a valid Fasta File -- 4113" (uk.ac.ebi.pride.cluster.tools.fasta.FastaDownloadTool:134)
[27-Nov-2017 16:19:27 - INFO] "Starting Downloading the Proteome -- 7029" (uk.ac.ebi.pride.cluster.dbmanager.utils.DBManagerUtilities:53)
[27-Nov-2017 16:19:27 - INFO] "Starting Downloading the Proteome -- 36329" (uk.ac.ebi.pride.cluster.dbmanager.utils.DBManagerUtilities:53)
[27-Nov-2017 16:19:31 - INFO] "The File -- proteomes-36329.gz -- has been converted" (uk.ac.ebi.pride.cluster.tools.utilities.FileUtilities:45)
[27-Nov-2017 16:19:31 - ERROR] "Error reading the Fasta File -- /Volumes/yasset_data/ms_work/databases/proteomes-36329.fasta" (uk.ac.ebi.pride.cluster.dbmanager.utils.DBManagerUtilities:125)
[27-Nov-2017 16:19:31 - ERROR] "The following Taxonomy has failed to produce a valid Fasta File -- 36329" (uk.ac.ebi.pride.cluster.tools.fasta.FastaDownloadTool:134)
[27-Nov-2017 16:19:31 - INFO] "Starting Downloading the Proteome -- 70448" (uk.ac.ebi.pride.cluster.dbmanager.utils.DBManagerUtilities:53)
[27-Nov-2017 16:19:40 - INFO] "The File -- proteomes-70448.gz -- has been converted" (uk.ac.ebi.pride.cluster.tools.utilities.FileUtilities:45)
[27-Nov-2017 16:19:40 - ERROR] "Error reading the Fasta File -- /Volumes/yasset_data/ms_work/databases/proteomes-70448.fasta" (uk.ac.ebi.pride.cluster.dbmanager.utils.DBManagerUtilities:125)
[27-Nov-2017 16:19:40 - ERROR] "The following Taxonomy has failed to produce a valid Fasta File -- 70448" (uk.ac.ebi.pride.cluster.tools.fasta.FastaDownloadTool:134)
[27-Nov-2017 16:19:40 - INFO] "Starting Downloading the Proteome -- 1351" (uk.ac.ebi.pride.cluster.dbmanager.utils.DBManagerUtilities:53)
[27-Nov-2017 16:19:45 - INFO] "The File -- proteomes-7029.gz -- has been converted" (uk.ac.ebi.pride.cluster.tools.utilities.FileUtilities:45)
[27-Nov-2017 16:19:47 - ERROR] "Error reading the Fasta File -- /Volumes/yasset_data/ms_work/databases/proteomes-7029.fasta" (uk.ac.ebi.pride.cluster.dbmanager.utils.DBManagerUtilities:125)
[27-Nov-2017 16:19:47 - ERROR] "The following Taxonomy has failed to produce a valid Fasta File -- 7029" (uk.ac.ebi.pride.cluster.tools.fasta.FastaDownloadTool:134)
[27-Nov-2017 16:19:47 - INFO] "Starting Downloading the Proteome -- 9544" (uk.ac.ebi.pride.cluster.dbmanager.utils.DBManagerUtilities:53)
[27-Nov-2017 16:20:27 - INFO] "The File -- proteomes-9544.gz -- has been converted" (uk.ac.ebi.pride.cluster.tools.utilities.FileUtilities:45)
[27-Nov-2017 16:20:29 - ERROR] "Error reading the Fasta File -- /Volumes/yasset_data/ms_work/databases/proteomes-9544.fasta" (uk.ac.ebi.pride.cluster.dbmanager.utils.DBManagerUtilities:125)
[27-Nov-2017 16:20:29 - ERROR] "The following Taxonomy has failed to produce a valid Fasta File -- 9544" (uk.ac.ebi.pride.cluster.tools.fasta.FastaDownloadTool:134)
[27-Nov-2017 16:20:29 - INFO] "Starting Downloading the Proteome -- 9615" (uk.ac.ebi.pride.cluster.dbmanager.utils.DBManagerUtilities:53)
[27-Nov-2017 16:20:48 - INFO] "The File -- proteomes-9615.gz -- has been converted" (uk.ac.ebi.pride.cluster.tools.utilities.FileUtilities:45)
[27-Nov-2017 16:20:51 - ERROR] "Error reading the Fasta File -- /Volumes/yasset_data/ms_work/databases/proteomes-9615.fasta" (uk.ac.ebi.pride.cluster.dbmanager.utils.DBManagerUtilities:125)
[27-Nov-2017 16:20:51 - ERROR] "The following Taxonomy has failed to produce a valid Fasta File -- 9615" (uk.ac.ebi.pride.cluster.tools.fasta.FastaDownloadTool:134)
[27-Nov-2017 16:20:51 - INFO] "Starting Downloading the Proteome -- 3218" (uk.ac.ebi.pride.cluster.dbmanager.utils.DBManagerUtilities:53)
[27-Nov-2017 16:21:05 - INFO] "The File -- proteomes-3218.gz -- has been converted" (uk.ac.ebi.pride.cluster.tools.utilities.FileUtilities:45)
[27-Nov-2017 16:21:07 - ERROR] "Error reading the Fasta File -- /Volumes/yasset_data/ms_work/databases/proteomes-3218.fasta" (uk.ac.ebi.pride.cluster.dbmanager.utils.DBManagerUtilities:125)
[27-Nov-2017 16:21:07 - ERROR] "The following Taxonomy has failed to produce a valid Fasta File -- 3218" (uk.ac.ebi.pride.cluster.tools.fasta.FastaDownloadTool:134)
[27-Nov-2017 16:21:07 - INFO] "Starting Downloading the Proteome -- 9823" (uk.ac.ebi.pride.cluster.dbmanager.utils.DBManagerUtilities:53)
[27-Nov-2017 16:21:31 - INFO] "The File -- proteomes-9823.gz -- has been converted" (uk.ac.ebi.pride.cluster.tools.utilities.FileUtilities:45)
[27-Nov-2017 16:21:32 - ERROR] "Error reading the Fasta File -- /Volumes/yasset_data/ms_work/databases/proteomes-9823.fasta" (uk.ac.ebi.pride.cluster.dbmanager.utils.DBManagerUtilities:125)
[27-Nov-2017 16:21:32 - ERROR] "The following Taxonomy has failed to produce a valid Fasta File -- 9823" (uk.ac.ebi.pride.cluster.tools.fasta.FastaDownloadTool:134)
[27-Nov-2017 16:21:32 - INFO] "Starting Downloading the Proteome -- 5661" (uk.ac.ebi.pride.cluster.dbmanager.utils.DBManagerUtilities:53)
[27-Nov-2017 16:21:38 - INFO] "The File -- proteomes-5661.gz -- has been converted" (uk.ac.ebi.pride.cluster.tools.utilities.FileUtilities:45)
[27-Nov-2017 16:21:38 - ERROR] "Error reading the Fasta File -- /Volumes/yasset_data/ms_work/databases/proteomes-5661.fasta" (uk.ac.ebi.pride.cluster.dbmanager.utils.DBManagerUtilities:125)
[27-Nov-2017 16:21:38 - ERROR] "The following Taxonomy has failed to produce a valid Fasta File -- 5661" (uk.ac.ebi.pride.cluster.tools.fasta.FastaDownloadTool:134)
[27-Nov-2017 16:21:38 - INFO] "Starting Downloading the Proteome -- 29159" (uk.ac.ebi.pride.cluster.dbmanager.utils.DBManagerUtilities:53)
[27-Nov-2017 16:21:47 - INFO] "The File -- proteomes-1351.gz -- has been converted" (uk.ac.ebi.pride.cluster.tools.utilities.FileUtilities:45)
[27-Nov-2017 16:21:50 - ERROR] "Error reading the Fasta File -- /Volumes/yasset_data/ms_work/databases/proteomes-1351.fasta" (uk.ac.ebi.pride.cluster.dbmanager.utils.DBManagerUtilities:125)
[27-Nov-2017 16:21:50 - ERROR] "The following Taxonomy has failed to produce a valid Fasta File -- 1351" (uk.ac.ebi.pride.cluster.tools.fasta.FastaDownloadTool:134)
[27-Nov-2017 16:21:51 - INFO] "Starting Downloading the Proteome -- 4097" (uk.ac.ebi.pride.cluster.dbmanager.utils.DBManagerUtilities:53)
[27-Nov-2017 16:21:51 - INFO] "The File -- proteomes-29159.gz -- has been converted" (uk.ac.ebi.pride.cluster.tools.utilities.FileUtilities:45)
[27-Nov-2017 16:21:52 - ERROR] "Error reading the Fasta File -- /Volumes/yasset_data/ms_work/databases/proteomes-29159.fasta" (uk.ac.ebi.pride.cluster.dbmanager.utils.DBManagerUtilities:125)
[27-Nov-2017 16:21:52 - ERROR] "The following Taxonomy has failed to produce a valid Fasta File -- 29159" (uk.ac.ebi.pride.cluster.tools.fasta.FastaDownloadTool:134)
[27-Nov-2017 16:21:52 - INFO] "Starting Downloading the Proteome -- 216597" (uk.ac.ebi.pride.cluster.dbmanager.utils.DBManagerUtilities:53)
[27-Nov-2017 16:21:55 - INFO] "The File -- proteomes-216597.gz -- has been converted" (uk.ac.ebi.pride.cluster.tools.utilities.FileUtilities:45)
[27-Nov-2017 16:21:55 - ERROR] "Error reading the Fasta File -- /Volumes/yasset_data/ms_work/databases/proteomes-216597.fasta" (uk.ac.ebi.pride.cluster.dbmanager.utils.DBManagerUtilities:125)
[27-Nov-2017 16:21:55 - ERROR] "The following Taxonomy has failed to produce a valid Fasta File -- 216597" (uk.ac.ebi.pride.cluster.tools.fasta.FastaDownloadTool:134)
[27-Nov-2017 16:21:55 - INFO] "Starting Downloading the Proteome -- 246196" (uk.ac.ebi.pride.cluster.dbmanager.utils.DBManagerUtilities:53)
[27-Nov-2017 16:22:05 - INFO] "The File -- proteomes-246196.gz -- has been converted" (uk.ac.ebi.pride.cluster.tools.utilities.FileUtilities:45)
[27-Nov-2017 16:22:06 - ERROR] "Error reading the Fasta File -- /Volumes/yasset_data/ms_work/databases/proteomes-246196.fasta" (uk.ac.ebi.pride.cluster.dbmanager.utils.DBManagerUtilities:125)
[27-Nov-2017 16:22:06 - ERROR] "The following Taxonomy has failed to produce a valid Fasta File -- 246196" (uk.ac.ebi.pride.cluster.tools.fasta.FastaDownloadTool:134)
[27-Nov-2017 16:22:06 - INFO] "Starting Downloading the Proteome -- 3818" (uk.ac.ebi.pride.cluster.dbmanager.utils.DBManagerUtilities:53)
[27-Nov-2017 16:22:08 - INFO] "The File -- proteomes-3818.gz -- has been converted" (uk.ac.ebi.pride.cluster.tools.utilities.FileUtilities:45)
[27-Nov-2017 16:22:08 - ERROR] "Error reading the Fasta File -- /Volumes/yasset_data/ms_work/databases/proteomes-3818.fasta" (uk.ac.ebi.pride.cluster.dbmanager.utils.DBManagerUtilities:125)
[27-Nov-2017 16:22:08 - ERROR] "The following Taxonomy has failed to produce a valid Fasta File -- 3818" (uk.ac.ebi.pride.cluster.tools.fasta.FastaDownloadTool:134)
[27-Nov-2017 16:22:08 - INFO] "Starting Downloading the Proteome -- 4100" (uk.ac.ebi.pride.cluster.dbmanager.utils.DBManagerUtilities:53)
[27-Nov-2017 16:22:10 - INFO] "The File -- proteomes-4100.gz -- has been converted" (uk.ac.ebi.pride.cluster.tools.utilities.FileUtilities:45)
[27-Nov-2017 16:22:10 - ERROR] "Error reading the Fasta File -- /Volumes/yasset_data/ms_work/databases/proteomes-4100.fasta" (uk.ac.ebi.pride.cluster.dbmanager.utils.DBManagerUtilities:125)
[27-Nov-2017 16:22:10 - ERROR] "The following Taxonomy has failed to produce a valid Fasta File -- 4100" (uk.ac.ebi.pride.cluster.tools.fasta.FastaDownloadTool:134)
[27-Nov-2017 16:22:10 - INFO] "Starting Downloading the Proteome -- 2711" (uk.ac.ebi.pride.cluster.dbmanager.utils.DBManagerUtilities:53)
[27-Nov-2017 16:22:19 - INFO] "The File -- proteomes-4097.gz -- has been converted" (uk.ac.ebi.pride.cluster.tools.utilities.FileUtilities:45)
[27-Nov-2017 16:22:21 - ERROR] "Error reading the Fasta File -- /Volumes/yasset_data/ms_work/databases/proteomes-4097.fasta" (uk.ac.ebi.pride.cluster.dbmanager.utils.DBManagerUtilities:125)
[27-Nov-2017 16:22:21 - ERROR] "The following Taxonomy has failed to produce a valid Fasta File -- 4097" (uk.ac.ebi.pride.cluster.tools.fasta.FastaDownloadTool:134)
[27-Nov-2017 16:22:21 - INFO] "Starting Downloading the Proteome -- 121845" (uk.ac.ebi.pride.cluster.dbmanager.utils.DBManagerUtilities:53)
[27-Nov-2017 16:22:27 - INFO] "The File -- proteomes-2711.gz -- has been converted" (uk.ac.ebi.pride.cluster.tools.utilities.FileUtilities:45)
[27-Nov-2017 16:22:28 - INFO] "The File -- proteomes-121845.gz -- has been converted" (uk.ac.ebi.pride.cluster.tools.utilities.FileUtilities:45)
[27-Nov-2017 16:22:30 - ERROR] "Error reading the Fasta File -- /Volumes/yasset_data/ms_work/databases/proteomes-2711.fasta" (uk.ac.ebi.pride.cluster.dbmanager.utils.DBManagerUtilities:125)
[27-Nov-2017 16:22:30 - ERROR] "The following Taxonomy has failed to produce a valid Fasta File -- 2711" (uk.ac.ebi.pride.cluster.tools.fasta.FastaDownloadTool:134)
[27-Nov-2017 16:22:30 - ERROR] "Error reading the Fasta File -- /Volumes/yasset_data/ms_work/databases/proteomes-121845.fasta" (uk.ac.ebi.pride.cluster.dbmanager.utils.DBManagerUtilities:125)
[27-Nov-2017 16:22:30 - ERROR] "The following Taxonomy has failed to produce a valid Fasta File -- 121845" (uk.ac.ebi.pride.cluster.tools.fasta.FastaDownloadTool:134)
[27-Nov-2017 16:22:30 - INFO] "Starting Downloading the Proteome -- 4513" (uk.ac.ebi.pride.cluster.dbmanager.utils.DBManagerUtilities:53)
[27-Nov-2017 16:22:30 - INFO] "Starting Downloading the Proteome -- 3827" (uk.ac.ebi.pride.cluster.dbmanager.utils.DBManagerUtilities:53)
[27-Nov-2017 16:22:48 - INFO] "The File -- proteomes-3827.gz -- has been converted" (uk.ac.ebi.pride.cluster.tools.utilities.FileUtilities:45)
[27-Nov-2017 16:22:49 - ERROR] "Error reading the Fasta File -- /Volumes/yasset_data/ms_work/databases/proteomes-3827.fasta" (uk.ac.ebi.pride.cluster.dbmanager.utils.DBManagerUtilities:125)
[27-Nov-2017 16:22:49 - ERROR] "The following Taxonomy has failed to produce a valid Fasta File -- 3827" (uk.ac.ebi.pride.cluster.tools.fasta.FastaDownloadTool:134)
[27-Nov-2017 16:22:49 - INFO] "Starting Downloading the Proteome -- 6192" (uk.ac.ebi.pride.cluster.dbmanager.utils.DBManagerUtilities:53)
[27-Nov-2017 16:22:50 - INFO] "The File -- proteomes-6192.gz -- has been converted" (uk.ac.ebi.pride.cluster.tools.utilities.FileUtilities:45)
[27-Nov-2017 16:22:50 - ERROR] "Error reading the Fasta File -- /Volumes/yasset_data/ms_work/databases/proteomes-6192.fasta" (uk.ac.ebi.pride.cluster.dbmanager.utils.DBManagerUtilities:125)
[27-Nov-2017 16:22:50 - ERROR] "The following Taxonomy has failed to produce a valid Fasta File -- 6192" (uk.ac.ebi.pride.cluster.tools.fasta.FastaDownloadTool:134)
[27-Nov-2017 16:22:50 - INFO] "Starting Downloading the Proteome -- 7165" (uk.ac.ebi.pride.cluster.dbmanager.utils.DBManagerUtilities:53)
[27-Nov-2017 16:23:03 - INFO] "The File -- proteomes-7165.gz -- has been converted" (uk.ac.ebi.pride.cluster.tools.utilities.FileUtilities:45)
[27-Nov-2017 16:23:04 - ERROR] "Error reading the Fasta File -- /Volumes/yasset_data/ms_work/databases/proteomes-7165.fasta" (uk.ac.ebi.pride.cluster.dbmanager.utils.DBManagerUtilities:125)
[27-Nov-2017 16:23:04 - ERROR] "The following Taxonomy has failed to produce a valid Fasta File -- 7165" (uk.ac.ebi.pride.cluster.tools.fasta.FastaDownloadTool:134)
[27-Nov-2017 16:23:04 - INFO] "Starting Downloading the Proteome -- 9925" (uk.ac.ebi.pride.cluster.dbmanager.utils.DBManagerUtilities:53)
[27-Nov-2017 16:23:05 - INFO] "The File -- proteomes-9925.gz -- has been converted" (uk.ac.ebi.pride.cluster.tools.utilities.FileUtilities:45)
[27-Nov-2017 16:23:05 - ERROR] "Error reading the Fasta File -- /Volumes/yasset_data/ms_work/databases/proteomes-9925.fasta" (uk.ac.ebi.pride.cluster.dbmanager.utils.DBManagerUtilities:125)
[27-Nov-2017 16:23:05 - ERROR] "The following Taxonomy has failed to produce a valid Fasta File -- 9925" (uk.ac.ebi.pride.cluster.tools.fasta.FastaDownloadTool:134)
[27-Nov-2017 16:23:05 - INFO] "Starting Downloading the Proteome -- 15368" (uk.ac.ebi.pride.cluster.dbmanager.utils.DBManagerUtilities:53)
[27-Nov-2017 16:23:30 - INFO] "The File -- proteomes-15368.gz -- has been converted" (uk.ac.ebi.pride.cluster.tools.utilities.FileUtilities:45)
[27-Nov-2017 16:23:31 - ERROR] "Error reading the Fasta File -- /Volumes/yasset_data/ms_work/databases/proteomes-15368.fasta" (uk.ac.ebi.pride.cluster.dbmanager.utils.DBManagerUtilities:125)
[27-Nov-2017 16:23:31 - ERROR] "The following Taxonomy has failed to produce a valid Fasta File -- 15368" (uk.ac.ebi.pride.cluster.tools.fasta.FastaDownloadTool:134)
[27-Nov-2017 16:23:31 - INFO] "Starting Downloading the Proteome -- 89462" (uk.ac.ebi.pride.cluster.dbmanager.utils.DBManagerUtilities:53)
[27-Nov-2017 16:23:33 - INFO] "The File -- proteomes-89462.gz -- has been converted" (uk.ac.ebi.pride.cluster.tools.utilities.FileUtilities:45)
[27-Nov-2017 16:23:33 - ERROR] "Error reading the Fasta File -- /Volumes/yasset_data/ms_work/databases/proteomes-89462.fasta" (uk.ac.ebi.pride.cluster.dbmanager.utils.DBManagerUtilities:125)
[27-Nov-2017 16:23:33 - ERROR] "The following Taxonomy has failed to produce a valid Fasta File -- 89462" (uk.ac.ebi.pride.cluster.tools.fasta.FastaDownloadTool:134)
[27-Nov-2017 16:23:33 - INFO] "Starting Downloading the Proteome -- 211586" (uk.ac.ebi.pride.cluster.dbmanager.utils.DBManagerUtilities:53)
[27-Nov-2017 16:23:38 - INFO] "The File -- proteomes-4513.gz -- has been converted" (uk.ac.ebi.pride.cluster.tools.utilities.FileUtilities:45)
[27-Nov-2017 16:23:39 - INFO] "The File -- proteomes-211586.gz -- has been converted" (uk.ac.ebi.pride.cluster.tools.utilities.FileUtilities:45)
[27-Nov-2017 16:23:43 - ERROR] "Error reading the Fasta File -- /Volumes/yasset_data/ms_work/databases/proteomes-4513.fasta" (uk.ac.ebi.pride.cluster.dbmanager.utils.DBManagerUtilities:125)
[27-Nov-2017 16:23:43 - ERROR] "The following Taxonomy has failed to produce a valid Fasta File -- 4513" (uk.ac.ebi.pride.cluster.tools.fasta.FastaDownloadTool:134)
[27-Nov-2017 16:23:43 - ERROR] "Error reading the Fasta File -- /Volumes/yasset_data/ms_work/databases/proteomes-211586.fasta" (uk.ac.ebi.pride.cluster.dbmanager.utils.DBManagerUtilities:125)
[27-Nov-2017 16:23:43 - ERROR] "The following Taxonomy has failed to produce a valid Fasta File -- 211586" (uk.ac.ebi.pride.cluster.tools.fasta.FastaDownloadTool:134)
[27-Nov-2017 16:23:43 - INFO] "Starting Downloading the Proteome -- 10029" (uk.ac.ebi.pride.cluster.dbmanager.utils.DBManagerUtilities:53)
[27-Nov-2017 16:23:44 - INFO] "Starting Downloading the Proteome -- 408170" (uk.ac.ebi.pride.cluster.dbmanager.utils.DBManagerUtilities:53)
[27-Nov-2017 16:23:54 - INFO] "The File -- proteomes-408170.gz -- has been converted" (uk.ac.ebi.pride.cluster.tools.utilities.FileUtilities:45)
[27-Nov-2017 16:23:56 - ERROR] "Error reading the Fasta File -- /Volumes/yasset_data/ms_work/databases/proteomes-408170.fasta" (uk.ac.ebi.pride.cluster.dbmanager.utils.DBManagerUtilities:125)
[27-Nov-2017 16:23:56 - ERROR] "The following Taxonomy has failed to produce a valid Fasta File -- 408170" (uk.ac.ebi.pride.cluster.tools.fasta.FastaDownloadTool:134)
[27-Nov-2017 16:23:56 - INFO] "Starting Downloading the Proteome -- 511145" (uk.ac.ebi.pride.cluster.dbmanager.utils.DBManagerUtilities:53)
[27-Nov-2017 16:23:56 - INFO] "The File -- proteomes-511145.gz -- has been converted" (uk.ac.ebi.pride.cluster.tools.utilities.FileUtilities:45)
[27-Nov-2017 16:23:56 - ERROR] "Error reading the Fasta File -- /Volumes/yasset_data/ms_work/databases/proteomes-511145.fasta" (uk.ac.ebi.pride.cluster.dbmanager.utils.DBManagerUtilities:125)
[27-Nov-2017 16:23:56 - ERROR] "The following Taxonomy has failed to produce a valid Fasta File -- 511145" (uk.ac.ebi.pride.cluster.tools.fasta.FastaDownloadTool:134)
[27-Nov-2017 16:23:56 - INFO] "Starting Downloading the Proteome -- 294" (uk.ac.ebi.pride.cluster.dbmanager.utils.DBManagerUtilities:53)
[27-Nov-2017 16:23:58 - INFO] "The File -- proteomes-10029.gz -- has been converted" (uk.ac.ebi.pride.cluster.tools.utilities.FileUtilities:45)
[27-Nov-2017 16:23:59 - ERROR] "Error reading the Fasta File -- /Volumes/yasset_data/ms_work/databases/proteomes-10029.fasta" (uk.ac.ebi.pride.cluster.dbmanager.utils.DBManagerUtilities:125)
[27-Nov-2017 16:23:59 - ERROR] "The following Taxonomy has failed to produce a valid Fasta File -- 10029" (uk.ac.ebi.pride.cluster.tools.fasta.FastaDownloadTool:134)
[27-Nov-2017 16:23:59 - INFO] "Starting Downloading the Proteome -- 1773" (uk.ac.ebi.pride.cluster.dbmanager.utils.DBManagerUtilities:53)
[27-Nov-2017 16:24:54 - INFO] "The File -- proteomes-1773.gz -- has been converted" (uk.ac.ebi.pride.cluster.tools.utilities.FileUtilities:45)
[27-Nov-2017 16:24:56 - ERROR] "Error reading the Fasta File -- /Volumes/yasset_data/ms_work/databases/proteomes-1773.fasta" (uk.ac.ebi.pride.cluster.dbmanager.utils.DBManagerUtilities:125)
[27-Nov-2017 16:24:56 - ERROR] "The following Taxonomy has failed to produce a valid Fasta File -- 1773" (uk.ac.ebi.pride.cluster.tools.fasta.FastaDownloadTool:134)
[27-Nov-2017 16:24:56 - INFO] "Starting Downloading the Proteome -- 10117" (uk.ac.ebi.pride.cluster.dbmanager.utils.DBManagerUtilities:53)
[27-Nov-2017 16:24:58 - INFO] "The File -- proteomes-10117.gz -- has been converted" (uk.ac.ebi.pride.cluster.tools.utilities.FileUtilities:45)
[27-Nov-2017 16:24:58 - ERROR] "Error reading the Fasta File -- /Volumes/yasset_data/ms_work/databases/proteomes-10117.fasta" (uk.ac.ebi.pride.cluster.dbmanager.utils.DBManagerUtilities:125)
[27-Nov-2017 16:24:58 - ERROR] "The following Taxonomy has failed to produce a valid Fasta File -- 10117" (uk.ac.ebi.pride.cluster.tools.fasta.FastaDownloadTool:134)
[27-Nov-2017 16:24:58 - INFO] "Starting Downloading the Proteome -- 655819" (uk.ac.ebi.pride.cluster.dbmanager.utils.DBManagerUtilities:53)
[27-Nov-2017 16:25:04 - INFO] "The File -- proteomes-655819.gz -- has been converted" (uk.ac.ebi.pride.cluster.tools.utilities.FileUtilities:45)
[27-Nov-2017 16:25:04 - ERROR] "Error reading the Fasta File -- /Volumes/yasset_data/ms_work/databases/proteomes-655819.fasta" (uk.ac.ebi.pride.cluster.dbmanager.utils.DBManagerUtilities:125)
[27-Nov-2017 16:25:04 - ERROR] "The following Taxonomy has failed to produce a valid Fasta File -- 655819" (uk.ac.ebi.pride.cluster.tools.fasta.FastaDownloadTool:134)
[27-Nov-2017 16:25:04 - INFO] "Starting Downloading the Proteome -- 7227" (uk.ac.ebi.pride.cluster.dbmanager.utils.DBManagerUtilities:53)
[27-Nov-2017 16:25:33 - INFO] "The File -- proteomes-7227.gz -- has been converted" (uk.ac.ebi.pride.cluster.tools.utilities.FileUtilities:45)
[27-Nov-2017 16:25:34 - ERROR] "Error reading the Fasta File -- /Volumes/yasset_data/ms_work/databases/proteomes-7227.fasta" (uk.ac.ebi.pride.cluster.dbmanager.utils.DBManagerUtilities:125)
[27-Nov-2017 16:25:34 - ERROR] "The following Taxonomy has failed to produce a valid Fasta File -- 7227" (uk.ac.ebi.pride.cluster.tools.fasta.FastaDownloadTool:134)
[27-Nov-2017 16:25:35 - INFO] "Starting Downloading the Proteome -- 9825" (uk.ac.ebi.pride.cluster.dbmanager.utils.DBManagerUtilities:53)
[27-Nov-2017 16:25:36 - INFO] "The File -- proteomes-9825.gz -- has been converted" (uk.ac.ebi.pride.cluster.tools.utilities.FileUtilities:45)
[27-Nov-2017 16:25:36 - ERROR] "Error reading the Fasta File -- /Volumes/yasset_data/ms_work/databases/proteomes-9825.fasta" (uk.ac.ebi.pride.cluster.dbmanager.utils.DBManagerUtilities:125)
[27-Nov-2017 16:25:36 - ERROR] "The following Taxonomy has failed to produce a valid Fasta File -- 9825" (uk.ac.ebi.pride.cluster.tools.fasta.FastaDownloadTool:134)
[27-Nov-2017 16:25:36 - INFO] "Starting Downloading the Proteome -- 4530" (uk.ac.ebi.pride.cluster.dbmanager.utils.DBManagerUtilities:53)
[27-Nov-2017 16:26:01 - INFO] "The File -- proteomes-294.gz -- has been converted" (uk.ac.ebi.pride.cluster.tools.utilities.FileUtilities:45)
[27-Nov-2017 16:26:07 - ERROR] "Error reading the Fasta File -- /Volumes/yasset_data/ms_work/databases/proteomes-294.fasta" (uk.ac.ebi.pride.cluster.dbmanager.utils.DBManagerUtilities:125)
[27-Nov-2017 16:26:07 - ERROR] "The following Taxonomy has failed to produce a valid Fasta File -- 294" (uk.ac.ebi.pride.cluster.tools.fasta.FastaDownloadTool:134)
[27-Nov-2017 16:26:07 - INFO] "Starting Downloading the Proteome -- 2157" (uk.ac.ebi.pride.cluster.dbmanager.utils.DBManagerUtilities:53)
[27-Nov-2017 16:26:41 - INFO] "The File -- proteomes-4530.gz -- has been converted" (uk.ac.ebi.pride.cluster.tools.utilities.FileUtilities:45)
[27-Nov-2017 16:26:44 - ERROR] "Error reading the Fasta File -- /Volumes/yasset_data/ms_work/databases/proteomes-4530.fasta" (uk.ac.ebi.pride.cluster.dbmanager.utils.DBManagerUtilities:125)
[27-Nov-2017 16:26:44 - ERROR] "The following Taxonomy has failed to produce a valid Fasta File -- 4530" (uk.ac.ebi.pride.cluster.tools.fasta.FastaDownloadTool:134)
[27-Nov-2017 16:26:44 - INFO] "Starting Downloading the Proteome -- 6239" (uk.ac.ebi.pride.cluster.dbmanager.utils.DBManagerUtilities:53)
[27-Nov-2017 16:27:00 - INFO] "The File -- proteomes-6239.gz -- has been converted" (uk.ac.ebi.pride.cluster.tools.utilities.FileUtilities:45)
[27-Nov-2017 16:27:01 - ERROR] "Error reading the Fasta File -- /Volumes/yasset_data/ms_work/databases/proteomes-6239.fasta" (uk.ac.ebi.pride.cluster.dbmanager.utils.DBManagerUtilities:125)
[27-Nov-2017 16:27:01 - ERROR] "The following Taxonomy has failed to produce a valid Fasta File -- 6239" (uk.ac.ebi.pride.cluster.tools.fasta.FastaDownloadTool:134)
[27-Nov-2017 16:27:01 - INFO] "Starting Downloading the Proteome -- 9031" (uk.ac.ebi.pride.cluster.dbmanager.utils.DBManagerUtilities:53)
[27-Nov-2017 16:27:21 - INFO] "The File -- proteomes-9031.gz -- has been converted" (uk.ac.ebi.pride.cluster.tools.utilities.FileUtilities:45)
[27-Nov-2017 16:27:22 - ERROR] "Error reading the Fasta File -- /Volumes/yasset_data/ms_work/databases/proteomes-9031.fasta" (uk.ac.ebi.pride.cluster.dbmanager.utils.DBManagerUtilities:125)
[27-Nov-2017 16:27:22 - ERROR] "The following Taxonomy has failed to produce a valid Fasta File -- 9031" (uk.ac.ebi.pride.cluster.tools.fasta.FastaDownloadTool:134)
[27-Nov-2017 16:27:22 - INFO] "Starting Downloading the Proteome -- 3847" (uk.ac.ebi.pride.cluster.dbmanager.utils.DBManagerUtilities:53)
[27-Nov-2017 16:28:04 - INFO] "The File -- proteomes-3847.gz -- has been converted" (uk.ac.ebi.pride.cluster.tools.utilities.FileUtilities:45)
[27-Nov-2017 16:28:06 - ERROR] "Error reading the Fasta File -- /Volumes/yasset_data/ms_work/databases/proteomes-3847.fasta" (uk.ac.ebi.pride.cluster.dbmanager.utils.DBManagerUtilities:125)
[27-Nov-2017 16:28:06 - ERROR] "The following Taxonomy has failed to produce a valid Fasta File -- 3847" (uk.ac.ebi.pride.cluster.tools.fasta.FastaDownloadTool:134)
[27-Nov-2017 16:28:06 - INFO] "Starting Downloading the Proteome -- 10090" (uk.ac.ebi.pride.cluster.dbmanager.utils.DBManagerUtilities:53)
[27-Nov-2017 16:28:57 - INFO] "The File -- proteomes-10090.gz -- has been converted" (uk.ac.ebi.pride.cluster.tools.utilities.FileUtilities:45)
[27-Nov-2017 16:28:59 - ERROR] "Error reading the Fasta File -- /Volumes/yasset_data/ms_work/databases/proteomes-10090.fasta" (uk.ac.ebi.pride.cluster.dbmanager.utils.DBManagerUtilities:125)
[27-Nov-2017 16:28:59 - ERROR] "The following Taxonomy has failed to produce a valid Fasta File -- 10090" (uk.ac.ebi.pride.cluster.tools.fasta.FastaDownloadTool:134)
[27-Nov-2017 16:28:59 - INFO] "Starting Downloading the Proteome -- 3702" (uk.ac.ebi.pride.cluster.dbmanager.utils.DBManagerUtilities:53)
[27-Nov-2017 16:29:51 - INFO] "The File -- proteomes-3702.gz -- has been converted" (uk.ac.ebi.pride.cluster.tools.utilities.FileUtilities:45)
[27-Nov-2017 16:29:53 - ERROR] "Error reading the Fasta File -- /Volumes/yasset_data/ms_work/databases/proteomes-3702.fasta" (uk.ac.ebi.pride.cluster.dbmanager.utils.DBManagerUtilities:125)
[27-Nov-2017 16:29:53 - ERROR] "The following Taxonomy has failed to produce a valid Fasta File -- 3702" (uk.ac.ebi.pride.cluster.tools.fasta.FastaDownloadTool:134)
[27-Nov-2017 16:29:53 - INFO] "Starting Downloading the Proteome -- 4932" (uk.ac.ebi.pride.cluster.dbmanager.utils.DBManagerUtilities:53)
[27-Nov-2017 16:30:35 - INFO] "The File -- proteomes-4932.gz -- has been converted" (uk.ac.ebi.pride.cluster.tools.utilities.FileUtilities:45)
[27-Nov-2017 16:30:37 - ERROR] "Error reading the Fasta File -- /Volumes/yasset_data/ms_work/databases/proteomes-4932.fasta" (uk.ac.ebi.pride.cluster.dbmanager.utils.DBManagerUtilities:125)
[27-Nov-2017 16:30:37 - ERROR] "The following Taxonomy has failed to produce a valid Fasta File -- 4932" (uk.ac.ebi.pride.cluster.tools.fasta.FastaDownloadTool:134)
[27-Nov-2017 16:30:37 - INFO] "Starting Downloading the Proteome -- 10116" (uk.ac.ebi.pride.cluster.dbmanager.utils.DBManagerUtilities:53)
[27-Nov-2017 16:30:59 - INFO] "The File -- proteomes-10116.gz -- has been converted" (uk.ac.ebi.pride.cluster.tools.utilities.FileUtilities:45)
[27-Nov-2017 16:31:00 - ERROR] "Error reading the Fasta File -- /Volumes/yasset_data/ms_work/databases/proteomes-10116.fasta" (uk.ac.ebi.pride.cluster.dbmanager.utils.DBManagerUtilities:125)
[27-Nov-2017 16:31:00 - ERROR] "The following Taxonomy has failed to produce a valid Fasta File -- 10116" (uk.ac.ebi.pride.cluster.tools.fasta.FastaDownloadTool:134)
[27-Nov-2017 16:31:00 - INFO] "Starting Downloading the Proteome -- 562" (uk.ac.ebi.pride.cluster.dbmanager.utils.DBManagerUtilities:53)
[27-Nov-2017 16:34:58 - INFO] "The File -- proteomes-2157.gz -- has been converted" (uk.ac.ebi.pride.cluster.tools.utilities.FileUtilities:45)
[27-Nov-2017 16:35:41 - ERROR] "Error reading the Fasta File -- /Volumes/yasset_data/ms_work/databases/proteomes-2157.fasta" (uk.ac.ebi.pride.cluster.dbmanager.utils.DBManagerUtilities:125)
[27-Nov-2017 16:35:41 - ERROR] "The following Taxonomy has failed to produce a valid Fasta File -- 2157" (uk.ac.ebi.pride.cluster.tools.fasta.FastaDownloadTool:134)
[27-Nov-2017 16:40:45 - INFO] "The File -- proteomes-562.gz -- has been converted" (uk.ac.ebi.pride.cluster.tools.utilities.FileUtilities:45)
[27-Nov-2017 16:41:18 - ERROR] "Error reading the Fasta File -- /Volumes/yasset_data/ms_work/databases/proteomes-562.fasta" (uk.ac.ebi.pride.cluster.dbmanager.utils.DBManagerUtilities:125)
[27-Nov-2017 16:41:18 - ERROR] "The following Taxonomy has failed to produce a valid Fasta File -- 562" (uk.ac.ebi.pride.cluster.tools.fasta.FastaDownloadTool:134)
[27-Nov-2017 16:41:18 - INFO] "Starting Downloading the Proteome -- 9913" (uk.ac.ebi.pride.cluster.dbmanager.utils.DBManagerUtilities:53)
[27-Nov-2017 16:41:38 - INFO] "The File -- proteomes-9913.gz -- has been converted" (uk.ac.ebi.pride.cluster.tools.utilities.FileUtilities:45)
[27-Nov-2017 16:41:39 - ERROR] "Error reading the Fasta File -- /Volumes/yasset_data/ms_work/databases/proteomes-9913.fasta" (uk.ac.ebi.pride.cluster.dbmanager.utils.DBManagerUtilities:125)
[27-Nov-2017 16:41:39 - ERROR] "The following Taxonomy has failed to produce a valid Fasta File -- 9913" (uk.ac.ebi.pride.cluster.tools.fasta.FastaDownloadTool:134)
[27-Nov-2017 17:24:20 - ERROR] "Error to Download the following Taxonomy -- 2759" (uk.ac.ebi.pride.cluster.tools.fasta.FastaDownloadTool:136)
[27-Nov-2017 17:24:20 - ERROR] "Error to Download the following Taxonomy -- 3880" (uk.ac.ebi.pride.cluster.tools.fasta.FastaDownloadTool:136)
[27-Nov-2017 17:24:21 - ERROR] "Error to Download the following Taxonomy -- 3983" (uk.ac.ebi.pride.cluster.tools.fasta.FastaDownloadTool:136)
[27-Nov-2017 17:24:21 - ERROR] "Error to Download the following Taxonomy -- 5059" (uk.ac.ebi.pride.cluster.tools.fasta.FastaDownloadTool:136)
[27-Nov-2017 23:58:38 - INFO] "Paramters has been extracted successfully from file -- /Users/yperez/PAe005309/PAe005309_10354_tandem.params" (uk.ac.ebi.pride.cluster.tools.parameters.PeptideAtlasExtractParameterTool:96)
[28-Nov-2017 09:08:28 - INFO] "Paramters has been extracted successfully from file -- /Users/yperez/PAe005309/PAe005309_10354_tandem.params" (uk.ac.ebi.pride.cluster.tools.parameters.PeptideAtlasExtractParameterTool:96)
[28-Nov-2017 14:28:18 - INFO] "The Fragment Units where inferer and will be setup to DA, Please review this file" (com.compomics.pridesearchparameterextractor.extraction.impl.XTandemParametersExtractor:98)
[28-Nov-2017 14:30:53 - INFO] "Paramters has been extracted successfully from file -- /Users/yperez/PAe005309/PAe005309_10354_tandem.params" (uk.ac.ebi.pride.cluster.tools.parameters.PeptideAtlasExtractParameterTool:96)
[28-Nov-2017 14:45:43 - INFO] "The Fragment Units where inferer and will be setup to DA, Please review this file" (com.compomics.pridesearchparameterextractor.extraction.impl.XTandemParametersExtractor:97)
[28-Nov-2017 14:46:51 - INFO] "Paramters has been extracted successfully from file -- /Users/yperez/PAe005309/PAe005309_10354_tandem.params" (uk.ac.ebi.pride.cluster.tools.parameters.PeptideAtlasExtractParameterTool:96)
