#
# A fatal error has been detected by the Java Runtime Environment:
#
#  SIGSEGV (0xb) at pc=0x0000000102272908, pid=23171, tid=17411
#
# JRE version: Java(TM) SE Runtime Environment (8.0_65-b17) (build 1.8.0_65-b17)
# Java VM: Java HotSpot(TM) 64-Bit Server VM (25.65-b01 mixed mode bsd-amd64 compressed oops)
# Problematic frame:
# V  [libjvm.dylib+0x446908]  Method::checked_resolve_jmethod_id(_jmethodID*)+0xe
#
# Failed to write core dump. Core dumps have been disabled. To enable core dumping, try "ulimit -c unlimited" before starting Java again
#
# If you would like to submit a bug report, please visit:
#   http://bugreport.java.com/bugreport/crash.jsp
#

---------------  T H R E A D  ---------------

Current thread (0x00007fdb0b01f800):  JavaThread "JDWP Transport Listener: dt_socket" daemon [_thread_in_vm, id=17411, stack(0x0000700000b3b000,0x0000700000c3b000)]

siginfo: si_signo: 11 (SIGSEGV), si_code: 0 (unknown), si_addr: 0x0000000000000000

Registers:
RAX=0x0000000000000001, RBX=0x0000700000c3aa8b, RCX=0x0000000102641310, RDX=0x0000700000c3aa8b
RSP=0x0000700000c3a9d0, RBP=0x0000700000c3a9e0, RSI=0x00007fdb0b01f800, RDI=0x000307fdb09fc153
R8 =0x0000000000000001, R9 =0x00007fdb09fac770, R10=0x0000000010993a27, R11=0x00007fdb09f00000
R12=0x00007fdb0b01f800, R13=0x000307fdb09fc153, R14=0x000307fdb09fc153, R15=0x00007fdb09f01660
RIP=0x0000000102272908, EFLAGS=0x0000000000010206, ERR=0x0000000000000000
  TRAPNO=0x000000000000000d

Top of Stack: (sp=0x0000700000c3a9d0)
0x0000700000c3a9d0:   0000700000c3aa8b 0000700000c3aa8b
0x0000700000c3a9e0:   0000700000c3aa40 0000000102181a02
0x0000700000c3a9f0:   00007fdb0b01f800 0000000000000000
0x0000700000c3aa00:   0000000000000000 0000000000000000
0x0000700000c3aa10:   00007fdb0b01f800 00007fdb0b01f800
0x0000700000c3aa20:   0000700000c3aa8b 0000700000c3aa90
0x0000700000c3aa30:   000307fdb09fc153 0000000000000005
0x0000700000c3aa40:   0000700000c3aa60 0000000103620780
0x0000700000c3aa50:   0000000000000001 0000700000c3ab08
0x0000700000c3aa60:   0000700000c3aad0 00000001036051f3
0x0000700000c3aa70:   0000700000c3aaa0 00007fdb09fcc670
0x0000700000c3aa80:   0000000600000032 f000100a01c3ab08
0x0000700000c3aa90:   0000000000000000 0000000000000000
0x0000700000c3aaa0:   0000000000000000 0000700000c3ac90
0x0000700000c3aab0:   0000000103627e7a 00007fdb09faccd0
0x0000700000c3aac0:   0000700000c3ab08 0000000103633598
0x0000700000c3aad0:   0000700000c3aae0 00000001036052ec
0x0000700000c3aae0:   0000700000c3ad00 000000010360e898
0x0000700000c3aaf0:   0002415700000013 00000000000f0200
0x0000700000c3ab00:   00007fdb09fefbc0 00007fdb09fc2223
0x0000700000c3ab10:   00007fdb00000005 00007fdb09facc80
0x0000700000c3ab20:   00007fdb0000012c 0000700000c3ab58
0x0000700000c3ab30:   00007fdb09facc80 0000000000000000
0x0000700000c3ab40:   000241570000000f 00007fff00000580
0x0000700000c3ab50:   0000700000c3ab58 db7f000006000000
0x0000700000c3ab60:   060000001078df09 00003e74696e693c
0x0000700000c3ab70:   0000005629280300 7f00000100000000
0x0000700000c3ab80:   0000002078df09db 7473694c74656712
0x0000700000c3ab90:   7942734d5450664f 282400000079654b
0x0000700000c3aba0:   616c2f6176616a4c 6e697274532f676e
0x0000700000c3abb0:   6176616a4c293b67 694c2f6c6974752f
0x0000700000c3abc0:   288b0000003b7473 616c2f6176616a4c 

Instructions: (pc=0x0000000102272908)
0x00000001022728e8:   40 48 48 85 c0 75 e0 30 c0 0f b6 c0 5d c3 31 c0
0x00000001022728f8:   5d c3 55 48 89 e5 53 48 83 ec 08 48 85 ff 74 24
0x0000000102272908:   48 8b 1f 48 85 db 74 1c 48 83 fb 37 74 16 48 8b
0x0000000102272918:   03 48 89 df ff 50 10 84 c0 b8 00 00 00 00 48 0f 

Register to memory mapping:

RAX=0x0000000000000001 is an unknown value
RBX=0x0000700000c3aa8b is pointing into the stack for thread: 0x00007fdb0b01f800
RCX=0x0000000102641310: UseMembar+0 in /Library/Java/JavaVirtualMachines/jdk1.8.0_65.jdk/Contents/Home/jre/lib/server/libjvm.dylib at 0x0000000101e2c000
RDX=0x0000700000c3aa8b is pointing into the stack for thread: 0x00007fdb0b01f800
RSP=0x0000700000c3a9d0 is pointing into the stack for thread: 0x00007fdb0b01f800
RBP=0x0000700000c3a9e0 is pointing into the stack for thread: 0x00007fdb0b01f800
RSI=0x00007fdb0b01f800 is a thread
RDI=0x000307fdb09fc153 is an unknown value
R8 =0x0000000000000001 is an unknown value
R9 =0x00007fdb09fac770 is an unknown value
R10=0x0000000010993a27 is an unknown value
R11=0x00007fdb09f00000 is an unknown value
R12=0x00007fdb0b01f800 is a thread
R13=0x000307fdb09fc153 is an unknown value
R14=0x000307fdb09fc153 is an unknown value
R15=0x00007fdb09f01660 is an unknown value


Stack: [0x0000700000b3b000,0x0000700000c3b000],  sp=0x0000700000c3a9d0,  free space=1022k
Native frames: (J=compiled Java code, j=interpreted, Vv=VM code, C=native code)
V  [libjvm.dylib+0x446908]  Method::checked_resolve_jmethod_id(_jmethodID*)+0xe
V  [libjvm.dylib+0x355a02]  jvmti_IsMethodSynthetic+0xb2
C  [libjdwp.dylib+0x20780]  isMethodSynthetic+0x63
C  [libjdwp.dylib+0x51f3]  methods1+0x10b
C  [libjdwp.dylib+0x52ec]  methodsWithGeneric+0xe
C  [libjdwp.dylib+0xe898]  debugLoop_run+0x1ce
C  [libjdwp.dylib+0x1f6ba]  attachThread+0x4d
V  [libjvm.dylib+0x396d60]  JvmtiAgentThread::call_start_function()+0x38
V  [libjvm.dylib+0x5612d3]  JavaThread::thread_main_inner()+0x9b
V  [libjvm.dylib+0x5629ce]  JavaThread::run()+0x1c2
V  [libjvm.dylib+0x48342e]  java_start(Thread*)+0xf6
C  [libsystem_pthread.dylib+0x399d]  _pthread_body+0x83
C  [libsystem_pthread.dylib+0x391a]  _pthread_body+0x0
C  [libsystem_pthread.dylib+0x1351]  thread_start+0xd
C  0x0000000000000000


---------------  P R O C E S S  ---------------

Java Threads: ( => current thread )
  0x00007fdb0e001000 JavaThread "AWT-Shutdown" [_thread_blocked, id=51983, stack(0x0000700000932000,0x0000700000a32000)]
  0x00007fdb0aa8f800 JavaThread "AWT-AppKit" daemon [_thread_blocked, id=2571, stack(0x00007fff5d850000,0x00007fff5e050000)]
  0x00007fdb0a046800 JavaThread "Service Thread" daemon [_thread_blocked, id=20483, stack(0x000070000114d000,0x000070000124d000)]
  0x00007fdb0a046000 JavaThread "C1 CompilerThread2" daemon [_thread_blocked, id=19971, stack(0x000070000104a000,0x000070000114a000)]
  0x00007fdb0a05c000 JavaThread "C2 CompilerThread1" daemon [_thread_blocked, id=19459, stack(0x0000700000f47000,0x0000700001047000)]
  0x00007fdb0b020000 JavaThread "C2 CompilerThread0" daemon [_thread_blocked, id=18947, stack(0x0000700000e44000,0x0000700000f44000)]
  0x00007fdb0b833000 JavaThread "JDWP Command Reader" daemon [_thread_in_native, id=18435, stack(0x0000700000d41000,0x0000700000e41000)]
  0x00007fdb0b829000 JavaThread "JDWP Event Helper Thread" daemon [_thread_blocked, id=17923, stack(0x0000700000c3e000,0x0000700000d3e000)]
=>0x00007fdb0b01f800 JavaThread "JDWP Transport Listener: dt_socket" daemon [_thread_in_vm, id=17411, stack(0x0000700000b3b000,0x0000700000c3b000)]
  0x00007fdb0a053800 JavaThread "Signal Dispatcher" daemon [_thread_blocked, id=13839, stack(0x0000700000a38000,0x0000700000b38000)]
  0x00007fdb0b00f800 JavaThread "Finalizer" daemon [_thread_blocked, id=12291, stack(0x000070000082f000,0x000070000092f000)]
  0x00007fdb0b00f000 JavaThread "Reference Handler" daemon [_thread_blocked, id=11779, stack(0x000070000072c000,0x000070000082c000)]
  0x00007fdb0a005800 JavaThread "main" [_thread_blocked, id=4099, stack(0x0000700000084000,0x0000700000184000)]

Other Threads:
  0x00007fdb0a036000 VMThread [stack: 0x0000700000629000,0x0000700000729000] [id=11267]
  0x00007fdb0a82f800 WatcherThread [stack: 0x0000700001250000,0x0000700001350000] [id=20995]

VM state:not at safepoint (normal execution)

VM Mutex/Monitor currently owned by a thread: None

Heap:
 PSYoungGen      total 142336K, used 5180K [0x000000076ab00000, 0x0000000774300000, 0x00000007c0000000)
  eden space 130560K, 3% used [0x000000076ab00000,0x000000076b00f210,0x0000000772a80000)
  from space 11776K, 0% used [0x0000000773680000,0x0000000773680000,0x0000000774200000)
  to   space 12288K, 0% used [0x0000000772a80000,0x0000000772a80000,0x0000000773680000)
 ParOldGen       total 99840K, used 9135K [0x00000006c0000000, 0x00000006c6180000, 0x000000076ab00000)
  object space 99840K, 9% used [0x00000006c0000000,0x00000006c08ebc70,0x00000006c6180000)
 Metaspace       used 21114K, capacity 21402K, committed 21680K, reserved 1069056K
  class space    used 2543K, capacity 2636K, committed 2736K, reserved 1048576K

Card table byte_map: [0x0000000112a20000,0x0000000113221000] byte_map_base: 0x000000010f420000

Marking Bits: (ParMarkBitMap*) 0x000000010270ae20
 Begin Bits: [0x0000000113777000, 0x0000000117777000)
 End Bits:   [0x0000000117777000, 0x000000011b777000)

Polling page: 0x0000000102dfc000

CodeCache: size=245760Kb used=7089Kb max_used=7159Kb free=238670Kb
 bounds [0x0000000103660000, 0x0000000103d70000, 0x0000000112660000]
 total_blobs=2331 nmethods=1930 adapters=322
 compilation: enabled

Compilation events (10 events):
Event: 28.654 Thread 0x00007fdb0a046000 1986       3       java.util.ArrayList::isEmpty (13 bytes)
Event: 28.655 Thread 0x00007fdb0a046000 nmethod 1986 0x00000001037a20d0 code [0x00000001037a2240, 0x00000001037a23f0]
Event: 35.098 Thread 0x00007fdb0a046000 1987       3       com.compomics.util.experiment.biology.AtomImpl::getMass (20 bytes)
Event: 35.099 Thread 0x00007fdb0a046000 nmethod 1987 0x0000000103770f10 code [0x00000001037710c0, 0x0000000103771608]
Event: 35.099 Thread 0x00007fdb0a046000 1988       3       com.compomics.util.experiment.biology.Atom::getIsotopeMass (24 bytes)
Event: 35.100 Thread 0x00007fdb0a046000 nmethod 1988 0x0000000103767e50 code [0x0000000103768000, 0x00000001037685e8]
Event: 39.813 Thread 0x00007fdb0a046000 1989       3       java.util.HashMap$KeyIterator::next (8 bytes)
Event: 39.814 Thread 0x00007fdb0a046000 nmethod 1989 0x0000000103770ad0 code [0x0000000103770c40, 0x0000000103770e68]
Event: 41.619 Thread 0x00007fdb0a046000 1990       1       com.compomics.util.experiment.biology.AtomImpl::getIsotope (5 bytes)
Event: 41.620 Thread 0x00007fdb0a046000 nmethod 1990 0x00000001037a1e10 code [0x00000001037a1f60, 0x00000001037a2070]

GC Heap History (10 events):
Event: 3.409 GC heap before
{Heap before GC invocations=3 (full 0):
 PSYoungGen      total 76288K, used 71791K [0x000000076ab00000, 0x0000000774000000, 0x00000007c0000000)
  eden space 65536K, 100% used [0x000000076ab00000,0x000000076eb00000,0x000000076eb00000)
  from space 10752K, 58% used [0x000000076f580000,0x000000076fb9be48,0x0000000770000000)
  to   space 10752K, 0% used [0x000000076eb00000,0x000000076eb00000,0x000000076f580000)
 ParOldGen       total 175104K, used 16K [0x00000006c0000000, 0x00000006cab00000, 0x000000076ab00000)
  object space 175104K, 0% used [0x00000006c0000000,0x00000006c0004000,0x00000006cab00000)
 Metaspace       used 14139K, capacity 14288K, committed 14464K, reserved 1062912K
  class space    used 1606K, capacity 1664K, committed 1664K, reserved 1048576K
Event: 3.415 GC heap after
Heap after GC invocations=3 (full 0):
 PSYoungGen      total 76288K, used 5648K [0x000000076ab00000, 0x0000000770000000, 0x00000007c0000000)
  eden space 65536K, 0% used [0x000000076ab00000,0x000000076ab00000,0x000000076eb00000)
  from space 10752K, 52% used [0x000000076eb00000,0x000000076f084220,0x000000076f580000)
  to   space 10752K, 0% used [0x000000076f580000,0x000000076f580000,0x0000000770000000)
 ParOldGen       total 175104K, used 24K [0x00000006c0000000, 0x00000006cab00000, 0x000000076ab00000)
  object space 175104K, 0% used [0x00000006c0000000,0x00000006c0006000,0x00000006cab00000)
 Metaspace       used 14139K, capacity 14288K, committed 14464K, reserved 1062912K
  class space    used 1606K, capacity 1664K, committed 1664K, reserved 1048576K
}
Event: 4.402 GC heap before
{Heap before GC invocations=4 (full 0):
 PSYoungGen      total 76288K, used 71184K [0x000000076ab00000, 0x0000000770000000, 0x00000007c0000000)
  eden space 65536K, 100% used [0x000000076ab00000,0x000000076eb00000,0x000000076eb00000)
  from space 10752K, 52% used [0x000000076eb00000,0x000000076f084220,0x000000076f580000)
  to   space 10752K, 0% used [0x000000076f580000,0x000000076f580000,0x0000000770000000)
 ParOldGen       total 175104K, used 24K [0x00000006c0000000, 0x00000006cab00000, 0x000000076ab00000)
  object space 175104K, 0% used [0x00000006c0000000,0x00000006c0006000,0x00000006cab00000)
 Metaspace       used 19620K, capacity 19806K, committed 20224K, reserved 1067008K
  class space    used 2410K, capacity 2482K, committed 2560K, reserved 1048576K
Event: 4.422 GC heap after
Heap after GC invocations=4 (full 0):
 PSYoungGen      total 76288K, used 8286K [0x000000076ab00000, 0x0000000774000000, 0x00000007c0000000)
  eden space 65536K, 0% used [0x000000076ab00000,0x000000076ab00000,0x000000076eb00000)
  from space 10752K, 77% used [0x000000076f580000,0x000000076fd97998,0x0000000770000000)
  to   space 10752K, 0% used [0x000000076eb00000,0x000000076eb00000,0x000000076f580000)
 ParOldGen       total 175104K, used 32K [0x00000006c0000000, 0x00000006cab00000, 0x000000076ab00000)
  object space 175104K, 0% used [0x00000006c0000000,0x00000006c0008000,0x00000006cab00000)
 Metaspace       used 19620K, capacity 19806K, committed 20224K, reserved 1067008K
  class space    used 2410K, capacity 2482K, committed 2560K, reserved 1048576K
}
Event: 5.240 GC heap before
{Heap before GC invocations=5 (full 0):
 PSYoungGen      total 76288K, used 73822K [0x000000076ab00000, 0x0000000774000000, 0x00000007c0000000)
  eden space 65536K, 100% used [0x000000076ab00000,0x000000076eb00000,0x000000076eb00000)
  from space 10752K, 77% used [0x000000076f580000,0x000000076fd97998,0x0000000770000000)
  to   space 10752K, 0% used [0x000000076eb00000,0x000000076eb00000,0x000000076f580000)
 ParOldGen       total 175104K, used 32K [0x00000006c0000000, 0x00000006cab00000, 0x000000076ab00000)
  object space 175104K, 0% used [0x00000006c0000000,0x00000006c0008000,0x00000006cab00000)
 Metaspace       used 20527K, capacity 20762K, committed 20992K, reserved 1067008K
  class space    used 2483K, capacity 2556K, committed 2560K, reserved 1048576K
Event: 5.256 GC heap after
Heap after GC invocations=5 (full 0):
 PSYoungGen      total 76288K, used 10724K [0x000000076ab00000, 0x0000000774200000, 0x00000007c0000000)
  eden space 65536K, 0% used [0x000000076ab00000,0x000000076ab00000,0x000000076eb00000)
  from space 10752K, 99% used [0x000000076eb00000,0x000000076f579280,0x000000076f580000)
  to   space 11776K, 0% used [0x0000000773680000,0x0000000773680000,0x0000000774200000)
 ParOldGen       total 175104K, used 1506K [0x00000006c0000000, 0x00000006cab00000, 0x000000076ab00000)
  object space 175104K, 0% used [0x00000006c0000000,0x00000006c0178948,0x00000006cab00000)
 Metaspace       used 20527K, capacity 20762K, committed 20992K, reserved 1067008K
  class space    used 2483K, capacity 2556K, committed 2560K, reserved 1048576K
}
Event: 5.632 GC heap before
{Heap before GC invocations=6 (full 0):
 PSYoungGen      total 76288K, used 76260K [0x000000076ab00000, 0x0000000774200000, 0x00000007c0000000)
  eden space 65536K, 100% used [0x000000076ab00000,0x000000076eb00000,0x000000076eb00000)
  from space 10752K, 99% used [0x000000076eb00000,0x000000076f579280,0x000000076f580000)
  to   space 11776K, 0% used [0x0000000773680000,0x0000000773680000,0x0000000774200000)
 ParOldGen       total 175104K, used 1506K [0x00000006c0000000, 0x00000006cab00000, 0x000000076ab00000)
  object space 175104K, 0% used [0x00000006c0000000,0x00000006c0178948,0x00000006cab00000)
 Metaspace       used 20912K, capacity 21162K, committed 21296K, reserved 1069056K
  class space    used 2512K, capacity 2596K, committed 2608K, reserved 1048576K
Event: 5.645 GC heap after
Heap after GC invocations=6 (full 0):
 PSYoungGen      total 142336K, used 9866K [0x000000076ab00000, 0x0000000774300000, 0x00000007c0000000)
  eden space 130560K, 0% used [0x000000076ab00000,0x000000076ab00000,0x0000000772a80000)
  from space 11776K, 83% used [0x0000000773680000,0x00000007740229c8,0x0000000774200000)
  to   space 12288K, 0% used [0x0000000772a80000,0x0000000772a80000,0x0000000773680000)
 ParOldGen       total 175104K, used 1514K [0x00000006c0000000, 0x00000006cab00000, 0x000000076ab00000)
  object space 175104K, 0% used [0x00000006c0000000,0x00000006c017a948,0x00000006cab00000)
 Metaspace       used 20912K, capacity 21162K, committed 21296K, reserved 1069056K
  class space    used 2512K, capacity 2596K, committed 2608K, reserved 1048576K
}
Event: 5.645 GC heap before
{Heap before GC invocations=7 (full 1):
 PSYoungGen      total 142336K, used 9866K [0x000000076ab00000, 0x0000000774300000, 0x00000007c0000000)
  eden space 130560K, 0% used [0x000000076ab00000,0x000000076ab00000,0x0000000772a80000)
  from space 11776K, 83% used [0x0000000773680000,0x00000007740229c8,0x0000000774200000)
  to   space 12288K, 0% used [0x0000000772a80000,0x0000000772a80000,0x0000000773680000)
 ParOldGen       total 175104K, used 1514K [0x00000006c0000000, 0x00000006cab00000, 0x000000076ab00000)
  object space 175104K, 0% used [0x00000006c0000000,0x00000006c017a948,0x00000006cab00000)
 Metaspace       used 20912K, capacity 21162K, committed 21296K, reserved 1069056K
  class space    used 2512K, capacity 2596K, committed 2608K, reserved 1048576K
Event: 5.703 GC heap after
Heap after GC invocations=7 (full 1):
 PSYoungGen      total 142336K, used 0K [0x000000076ab00000, 0x0000000774300000, 0x00000007c0000000)
  eden space 130560K, 0% used [0x000000076ab00000,0x000000076ab00000,0x0000000772a80000)
  from space 11776K, 0% used [0x0000000773680000,0x0000000773680000,0x0000000774200000)
  to   space 12288K, 0% used [0x0000000772a80000,0x0000000772a80000,0x0000000773680000)
 ParOldGen       total 99840K, used 9135K [0x00000006c0000000, 0x00000006c6180000, 0x000000076ab00000)
  object space 99840K, 9% used [0x00000006c0000000,0x00000006c08ebc70,0x00000006c6180000)
 Metaspace       used 20912K, capacity 21162K, committed 21296K, reserved 1069056K
  class space    used 2512K, capacity 2596K, committed 2608K, reserved 1048576K
}

Deoptimization events (10 events):
Event: 5.720 Thread 0x00007fdb0a005800 Uncommon trap: reason=class_check action=maybe_recompile pc=0x0000000103cd4c1c method=java.util.regex.Pattern$Start.<init>(Ljava/util/regex/Pattern$Node;)V @ 22
Event: 5.720 Thread 0x00007fdb0a005800 Uncommon trap: reason=class_check action=maybe_recompile pc=0x0000000103cdcb84 method=java.util.regex.Pattern$Start.match(Ljava/util/regex/Matcher;ILjava/lang/CharSequence;)Z @ 44
Event: 5.722 Thread 0x00007fdb0a005800 Uncommon trap: reason=class_check action=maybe_recompile pc=0x0000000103cd4c1c method=java.util.regex.Pattern$Start.<init>(Ljava/util/regex/Pattern$Node;)V @ 22
Event: 5.722 Thread 0x00007fdb0a005800 Uncommon trap: reason=class_check action=maybe_recompile pc=0x0000000103cdcb84 method=java.util.regex.Pattern$Start.match(Ljava/util/regex/Matcher;ILjava/lang/CharSequence;)Z @ 44
Event: 5.723 Thread 0x00007fdb0a005800 Uncommon trap: reason=class_check action=maybe_recompile pc=0x0000000103cd4c1c method=java.util.regex.Pattern$Start.<init>(Ljava/util/regex/Pattern$Node;)V @ 22
Event: 5.723 Thread 0x00007fdb0a005800 Uncommon trap: reason=class_check action=maybe_recompile pc=0x0000000103cdcb84 method=java.util.regex.Pattern$Start.match(Ljava/util/regex/Matcher;ILjava/lang/CharSequence;)Z @ 44
Event: 5.820 Thread 0x00007fdb0a005800 Uncommon trap: reason=unstable_if action=reinterpret pc=0x00000001038c644c method=java.lang.AbstractStringBuilder.append(Ljava/lang/String;)Ljava/lang/AbstractStringBuilder; @ 1
Event: 7.512 Thread 0x00007fdb0a005800 Uncommon trap: reason=class_check action=maybe_recompile pc=0x0000000103cc5e98 method=java.util.regex.Pattern$Start.match(Ljava/util/regex/Matcher;ILjava/lang/CharSequence;)Z @ 44
Event: 7.514 Thread 0x00007fdb0a005800 Uncommon trap: reason=class_check action=maybe_recompile pc=0x0000000103cc3c3c method=java.util.regex.Pattern$Start.match(Ljava/util/regex/Matcher;ILjava/lang/CharSequence;)Z @ 44
Event: 7.514 Thread 0x00007fdb0c010000 Uncommon trap: reason=unstable_if action=reinterpret pc=0x00000001039bacd0 method=java.lang.ThreadLocal.get()Ljava/lang/Object; @ 11

Internal exceptions (10 events):
Event: 5.592 Thread 0x00007fdb0a005800 Exception <a 'java/security/PrivilegedActionException'> (0x000000076ea0fe48) thrown at [/Users/java_re/workspace/8-2-build-macosx-x86_64/jdk8u65/4987/hotspot/src/share/vm/prims/jvm.cpp, line 1386]
Event: 5.592 Thread 0x00007fdb0a005800 Exception <a 'java/security/PrivilegedActionException'> (0x000000076ea10240) thrown at [/Users/java_re/workspace/8-2-build-macosx-x86_64/jdk8u65/4987/hotspot/src/share/vm/prims/jvm.cpp, line 1386]
Event: 5.592 Thread 0x00007fdb0a005800 Exception <a 'java/security/PrivilegedActionException'> (0x000000076ea11900) thrown at [/Users/java_re/workspace/8-2-build-macosx-x86_64/jdk8u65/4987/hotspot/src/share/vm/prims/jvm.cpp, line 1386]
Event: 5.592 Thread 0x00007fdb0a005800 Exception <a 'java/security/PrivilegedActionException'> (0x000000076ea11cf8) thrown at [/Users/java_re/workspace/8-2-build-macosx-x86_64/jdk8u65/4987/hotspot/src/share/vm/prims/jvm.cpp, line 1386]
Event: 5.592 Thread 0x00007fdb0a005800 Exception <a 'java/security/PrivilegedActionException'> (0x000000076ea130c8) thrown at [/Users/java_re/workspace/8-2-build-macosx-x86_64/jdk8u65/4987/hotspot/src/share/vm/prims/jvm.cpp, line 1386]
Event: 5.592 Thread 0x00007fdb0a005800 Exception <a 'java/security/PrivilegedActionException'> (0x000000076ea134c0) thrown at [/Users/java_re/workspace/8-2-build-macosx-x86_64/jdk8u65/4987/hotspot/src/share/vm/prims/jvm.cpp, line 1386]
Event: 5.598 Thread 0x00007fdb0a005800 Implicit null exception at 0x0000000103c6220f to 0x0000000103c64f71
Event: 5.624 Thread 0x00007fdb0a005800 Implicit null exception at 0x0000000103a49e34 to 0x0000000103a4a0ed
Event: 5.820 Thread 0x00007fdb0a005800 Implicit null exception at 0x00000001038c5f76 to 0x00000001038c6431
Event: 7.514 Thread 0x00007fdb0c010000 Implicit null exception at 0x00000001039ba492 to 0x00000001039bacb9

Events (10 events):
Event: 718.893 Executing VM operation: ChangeBreakpoints
Event: 718.893 Executing VM operation: ChangeBreakpoints done
Event: 718.895 Executing VM operation: ChangeBreakpoints
Event: 718.895 Executing VM operation: ChangeBreakpoints done
Event: 718.896 Executing VM operation: ChangeBreakpoints
Event: 718.897 Executing VM operation: ChangeBreakpoints done
Event: 718.919 Executing VM operation: RedefineClasses
Event: 718.940 Executing VM operation: RedefineClasses done
Event: 719.016 Executing VM operation: ChangeBreakpoints
Event: 719.017 Executing VM operation: ChangeBreakpoints done


Dynamic libraries:
0x000000000140a000 	/System/Library/Frameworks/Cocoa.framework/Versions/A/Cocoa
0x000000000140a000 	/System/Library/Frameworks/Security.framework/Versions/A/Security
0x000000000140a000 	/System/Library/Frameworks/ApplicationServices.framework/Versions/A/ApplicationServices
0x000000000140a000 	/usr/lib/libz.1.dylib
0x000000000140a000 	/usr/lib/libSystem.B.dylib
0x000000000140a000 	/usr/lib/libobjc.A.dylib
0x000000000140a000 	/System/Library/Frameworks/CoreFoundation.framework/Versions/A/CoreFoundation
0x000000000140a000 	/System/Library/Frameworks/Foundation.framework/Versions/C/Foundation
0x000000000140a000 	/System/Library/Frameworks/AppKit.framework/Versions/C/AppKit
0x000000000140a000 	/System/Library/Frameworks/CoreData.framework/Versions/A/CoreData
0x000000000140a000 	/System/Library/PrivateFrameworks/RemoteViewServices.framework/Versions/A/RemoteViewServices
0x000000000140a000 	/System/Library/PrivateFrameworks/UIFoundation.framework/Versions/A/UIFoundation
0x000000000140a000 	/usr/lib/libScreenReader.dylib
0x000000000140a000 	/System/Library/Frameworks/Accelerate.framework/Versions/A/Accelerate
0x000000000140a000 	/System/Library/Frameworks/IOSurface.framework/Versions/A/IOSurface
0x000000000140a000 	/System/Library/Frameworks/AudioToolbox.framework/Versions/A/AudioToolbox
0x000000000140a000 	/System/Library/Frameworks/AudioUnit.framework/Versions/A/AudioUnit
0x000000000140a000 	/System/Library/PrivateFrameworks/DataDetectorsCore.framework/Versions/A/DataDetectorsCore
0x000000000140a000 	/System/Library/PrivateFrameworks/DesktopServicesPriv.framework/Versions/A/DesktopServicesPriv
0x000000000140a000 	/System/Library/Frameworks/Carbon.framework/Versions/A/Frameworks/HIToolbox.framework/Versions/A/HIToolbox
0x000000000140a000 	/System/Library/Frameworks/QuartzCore.framework/Versions/A/QuartzCore
0x000000000140a000 	/System/Library/Frameworks/Carbon.framework/Versions/A/Frameworks/SpeechRecognition.framework/Versions/A/SpeechRecognition
0x000000000140a000 	/usr/lib/libauto.dylib
0x000000000140a000 	/usr/lib/libicucore.A.dylib
0x000000000140a000 	/usr/lib/libxml2.2.dylib
0x000000000140a000 	/System/Library/PrivateFrameworks/CoreUI.framework/Versions/A/CoreUI
0x000000000140a000 	/System/Library/Frameworks/CoreAudio.framework/Versions/A/CoreAudio
0x000000000140a000 	/System/Library/Frameworks/DiskArbitration.framework/Versions/A/DiskArbitration
0x000000000140a000 	/usr/lib/liblangid.dylib
0x000000000140a000 	/System/Library/PrivateFrameworks/MultitouchSupport.framework/Versions/A/MultitouchSupport
0x000000000140a000 	/System/Library/Frameworks/IOKit.framework/Versions/A/IOKit
0x000000000140a000 	/usr/lib/libDiagnosticMessagesClient.dylib
0x000000000140a000 	/System/Library/Frameworks/CoreServices.framework/Versions/A/CoreServices
0x000000000140a000 	/System/Library/PrivateFrameworks/PerformanceAnalysis.framework/Versions/A/PerformanceAnalysis
0x000000000140a000 	/System/Library/PrivateFrameworks/GenerationalStorage.framework/Versions/A/GenerationalStorage
0x000000000140a000 	/System/Library/Frameworks/OpenGL.framework/Versions/A/OpenGL
0x000000000140a000 	/System/Library/PrivateFrameworks/Sharing.framework/Versions/A/Sharing
0x000000000140a000 	/System/Library/Frameworks/CoreGraphics.framework/Versions/A/CoreGraphics
0x000000000140a000 	/System/Library/Frameworks/CoreImage.framework/Versions/A/CoreImage
0x000000000140a000 	/System/Library/Frameworks/CoreText.framework/Versions/A/CoreText
0x000000000140a000 	/System/Library/Frameworks/ImageIO.framework/Versions/A/ImageIO
0x000000000140a000 	/System/Library/PrivateFrameworks/Backup.framework/Versions/A/Backup
0x000000000140a000 	/usr/lib/libextension.dylib
0x000000000140a000 	/usr/lib/libarchive.2.dylib
0x000000000140a000 	/System/Library/Frameworks/CFNetwork.framework/Versions/A/CFNetwork
0x000000000140a000 	/System/Library/Frameworks/SystemConfiguration.framework/Versions/A/SystemConfiguration
0x000000000140a000 	/usr/lib/libCRFSuite.dylib
0x000000000140a000 	/usr/lib/libc++.1.dylib
0x000000000140a000 	/usr/lib/libc++abi.dylib
0x000000000140a000 	/usr/lib/system/libcache.dylib
0x000000000140a000 	/usr/lib/system/libcommonCrypto.dylib
0x000000000140a000 	/usr/lib/system/libcompiler_rt.dylib
0x000000000140a000 	/usr/lib/system/libcopyfile.dylib
0x000000000140a000 	/usr/lib/system/libcorecrypto.dylib
0x000000000140a000 	/usr/lib/system/libdispatch.dylib
0x000000000140a000 	/usr/lib/system/libdyld.dylib
0x000000000140a000 	/usr/lib/system/libkeymgr.dylib
0x000000000140a000 	/usr/lib/system/liblaunch.dylib
0x000000000140a000 	/usr/lib/system/libmacho.dylib
0x000000000140a000 	/usr/lib/system/libquarantine.dylib
0x000000000140a000 	/usr/lib/system/libremovefile.dylib
0x000000000140a000 	/usr/lib/system/libsystem_asl.dylib
0x000000000140a000 	/usr/lib/system/libsystem_blocks.dylib
0x000000000140a000 	/usr/lib/system/libsystem_c.dylib
0x000000000140a000 	/usr/lib/system/libsystem_configuration.dylib
0x000000000140a000 	/usr/lib/system/libsystem_coreservices.dylib
0x000000000140a000 	/usr/lib/system/libsystem_coretls.dylib
0x000000000140a000 	/usr/lib/system/libsystem_dnssd.dylib
0x000000000140a000 	/usr/lib/system/libsystem_info.dylib
0x000000000140a000 	/usr/lib/system/libsystem_kernel.dylib
0x000000000140a000 	/usr/lib/system/libsystem_m.dylib
0x000000000140a000 	/usr/lib/system/libsystem_malloc.dylib
0x000000000140a000 	/usr/lib/system/libsystem_network.dylib
0x000000000140a000 	/usr/lib/system/libsystem_networkextension.dylib
0x000000000140a000 	/usr/lib/system/libsystem_notify.dylib
0x000000000140a000 	/usr/lib/system/libsystem_platform.dylib
0x000000000140a000 	/usr/lib/system/libsystem_pthread.dylib
0x000000000140a000 	/usr/lib/system/libsystem_sandbox.dylib
0x000000000140a000 	/usr/lib/system/libsystem_secinit.dylib
0x000000000140a000 	/usr/lib/system/libsystem_trace.dylib
0x000000000140a000 	/usr/lib/system/libunc.dylib
0x000000000140a000 	/usr/lib/system/libunwind.dylib
0x000000000140a000 	/usr/lib/system/libxpc.dylib
0x000000000140a000 	/usr/lib/libenergytrace.dylib
0x000000000140a000 	/usr/lib/libbsm.0.dylib
0x000000000140a000 	/usr/lib/system/libkxld.dylib
0x000000000140a000 	/usr/lib/libxar.1.dylib
0x000000000140a000 	/usr/lib/libsqlite3.dylib
0x000000000140a000 	/usr/lib/libpam.2.dylib
0x000000000140a000 	/usr/lib/libOpenScriptingUtil.dylib
0x000000000140a000 	/usr/lib/libbz2.1.0.dylib
0x000000000140a000 	/usr/lib/liblzma.5.dylib
0x000000000140a000 	/System/Library/Frameworks/CoreServices.framework/Versions/A/Frameworks/FSEvents.framework/Versions/A/FSEvents
0x000000000140a000 	/System/Library/Frameworks/CoreServices.framework/Versions/A/Frameworks/CarbonCore.framework/Versions/A/CarbonCore
0x000000000140a000 	/System/Library/Frameworks/CoreServices.framework/Versions/A/Frameworks/Metadata.framework/Versions/A/Metadata
0x000000000140a000 	/System/Library/Frameworks/CoreServices.framework/Versions/A/Frameworks/OSServices.framework/Versions/A/OSServices
0x000000000140a000 	/System/Library/Frameworks/CoreServices.framework/Versions/A/Frameworks/SearchKit.framework/Versions/A/SearchKit
0x000000000140a000 	/System/Library/Frameworks/CoreServices.framework/Versions/A/Frameworks/AE.framework/Versions/A/AE
0x000000000140a000 	/System/Library/Frameworks/CoreServices.framework/Versions/A/Frameworks/LaunchServices.framework/Versions/A/LaunchServices
0x000000000140a000 	/System/Library/Frameworks/CoreServices.framework/Versions/A/Frameworks/DictionaryServices.framework/Versions/A/DictionaryServices
0x000000000140a000 	/System/Library/Frameworks/CoreServices.framework/Versions/A/Frameworks/SharedFileList.framework/Versions/A/SharedFileList
0x000000000140a000 	/System/Library/Frameworks/NetFS.framework/Versions/A/NetFS
0x000000000140a000 	/System/Library/PrivateFrameworks/NetAuth.framework/Versions/A/NetAuth
0x000000000140a000 	/System/Library/PrivateFrameworks/login.framework/Versions/A/Frameworks/loginsupport.framework/Versions/A/loginsupport
0x000000000140a000 	/System/Library/PrivateFrameworks/TCC.framework/Versions/A/TCC
0x000000000140a000 	/usr/lib/libmecabra.dylib
0x000000000140a000 	/System/Library/Frameworks/ApplicationServices.framework/Versions/A/Frameworks/ATS.framework/Versions/A/ATS
0x000000000140a000 	/System/Library/Frameworks/ApplicationServices.framework/Versions/A/Frameworks/ColorSync.framework/Versions/A/ColorSync
0x000000000140a000 	/System/Library/Frameworks/ApplicationServices.framework/Versions/A/Frameworks/HIServices.framework/Versions/A/HIServices
0x000000000140a000 	/System/Library/Frameworks/ApplicationServices.framework/Versions/A/Frameworks/LangAnalysis.framework/Versions/A/LangAnalysis
0x000000000140a000 	/System/Library/Frameworks/ApplicationServices.framework/Versions/A/Frameworks/PrintCore.framework/Versions/A/PrintCore
0x000000000140a000 	/System/Library/Frameworks/ApplicationServices.framework/Versions/A/Frameworks/QD.framework/Versions/A/QD
0x000000000140a000 	/System/Library/Frameworks/ApplicationServices.framework/Versions/A/Frameworks/SpeechSynthesis.framework/Versions/A/SpeechSynthesis
0x000000000140a000 	/System/Library/Frameworks/Metal.framework/Versions/A/Metal
0x000000000140a000 	/System/Library/Frameworks/Accelerate.framework/Versions/A/Frameworks/vImage.framework/Versions/A/vImage
0x000000000140a000 	/System/Library/Frameworks/Accelerate.framework/Versions/A/Frameworks/vecLib.framework/Versions/A/vecLib
0x000000000140a000 	/System/Library/Frameworks/Accelerate.framework/Versions/A/Frameworks/vecLib.framework/Versions/A/libvDSP.dylib
0x000000000140a000 	/System/Library/Frameworks/Accelerate.framework/Versions/A/Frameworks/vecLib.framework/Versions/A/libvMisc.dylib
0x000000000140a000 	/System/Library/Frameworks/Accelerate.framework/Versions/A/Frameworks/vecLib.framework/Versions/A/libLAPACK.dylib
0x000000000140a000 	/System/Library/Frameworks/Accelerate.framework/Versions/A/Frameworks/vecLib.framework/Versions/A/libBLAS.dylib
0x000000000140a000 	/System/Library/Frameworks/Accelerate.framework/Versions/A/Frameworks/vecLib.framework/Versions/A/libLinearAlgebra.dylib
0x000000000140a000 	/System/Library/Frameworks/Accelerate.framework/Versions/A/Frameworks/vecLib.framework/Versions/A/libSparseBLAS.dylib
0x000000000140a000 	/System/Library/PrivateFrameworks/GPUCompiler.framework/libmetal_timestamp.dylib
0x000000000140a000 	/System/Library/Frameworks/OpenGL.framework/Versions/A/Libraries/libCoreFSCache.dylib
0x000000000140a000 	/System/Library/PrivateFrameworks/IOAccelerator.framework/Versions/A/IOAccelerator
0x000000000140a000 	/System/Library/Frameworks/ApplicationServices.framework/Versions/A/Frameworks/ATS.framework/Versions/A/Resources/libFontParser.dylib
0x000000000140a000 	/System/Library/Frameworks/ApplicationServices.framework/Versions/A/Frameworks/ATS.framework/Versions/A/Resources/libFontRegistry.dylib
0x000000000140a000 	/System/Library/PrivateFrameworks/AppleVPA.framework/Versions/A/AppleVPA
0x000000000140a000 	/System/Library/PrivateFrameworks/AppleJPEG.framework/Versions/A/AppleJPEG
0x000000000140a000 	/System/Library/Frameworks/ImageIO.framework/Versions/A/Resources/libJPEG.dylib
0x000000000140a000 	/System/Library/Frameworks/ImageIO.framework/Versions/A/Resources/libTIFF.dylib
0x000000000140a000 	/System/Library/Frameworks/ImageIO.framework/Versions/A/Resources/libPng.dylib
0x000000000140a000 	/System/Library/Frameworks/ImageIO.framework/Versions/A/Resources/libGIF.dylib
0x000000000140a000 	/System/Library/Frameworks/ImageIO.framework/Versions/A/Resources/libJP2.dylib
0x000000000140a000 	/System/Library/Frameworks/ImageIO.framework/Versions/A/Resources/libRadiance.dylib
0x000000000140a000 	/System/Library/Frameworks/CoreVideo.framework/Versions/A/CoreVideo
0x000000000140a000 	/System/Library/Frameworks/OpenGL.framework/Versions/A/Libraries/libGLU.dylib
0x000000000140a000 	/System/Library/Frameworks/OpenGL.framework/Versions/A/Libraries/libGFXShared.dylib
0x000000000140a000 	/System/Library/Frameworks/OpenGL.framework/Versions/A/Libraries/libGL.dylib
0x000000000140a000 	/System/Library/Frameworks/OpenGL.framework/Versions/A/Libraries/libGLImage.dylib
0x000000000140a000 	/System/Library/Frameworks/OpenGL.framework/Versions/A/Libraries/libCVMSPluginSupport.dylib
0x000000000140a000 	/System/Library/Frameworks/OpenGL.framework/Versions/A/Libraries/libCoreVMClient.dylib
0x000000000140a000 	/usr/lib/libcompression.dylib
0x000000000140a000 	/usr/lib/libcups.2.dylib
0x000000000140a000 	/System/Library/Frameworks/Kerberos.framework/Versions/A/Kerberos
0x000000000140a000 	/System/Library/Frameworks/GSS.framework/Versions/A/GSS
0x000000000140a000 	/usr/lib/libresolv.9.dylib
0x000000000140a000 	/usr/lib/libiconv.2.dylib
0x000000000140a000 	/System/Library/PrivateFrameworks/Heimdal.framework/Versions/A/Heimdal
0x000000000140a000 	/usr/lib/libheimdal-asn1.dylib
0x000000000140a000 	/System/Library/Frameworks/OpenDirectory.framework/Versions/A/OpenDirectory
0x000000000140a000 	/System/Library/PrivateFrameworks/CommonAuth.framework/Versions/A/CommonAuth
0x000000000140a000 	/System/Library/Frameworks/OpenDirectory.framework/Versions/A/Frameworks/CFOpenDirectory.framework/Versions/A/CFOpenDirectory
0x000000000140a000 	/System/Library/Frameworks/SecurityFoundation.framework/Versions/A/SecurityFoundation
0x000000000140a000 	/System/Library/PrivateFrameworks/LanguageModeling.framework/Versions/A/LanguageModeling
0x000000000140a000 	/usr/lib/libmarisa.dylib
0x000000000140a000 	/usr/lib/libChineseTokenizer.dylib
0x000000000140a000 	/usr/lib/libcmph.dylib
0x000000000140a000 	/System/Library/Frameworks/ServiceManagement.framework/Versions/A/ServiceManagement
0x000000000140a000 	/usr/lib/libxslt.1.dylib
0x000000000140a000 	/System/Library/Frameworks/Carbon.framework/Versions/A/Frameworks/Ink.framework/Versions/A/Ink
0x000000000140a000 	/usr/lib/libFosl_dynamic.dylib
0x000000000140a000 	/System/Library/PrivateFrameworks/FaceCore.framework/Versions/A/FaceCore
0x000000000140a000 	/System/Library/Frameworks/OpenCL.framework/Versions/A/OpenCL
0x000000000140a000 	/System/Library/PrivateFrameworks/CrashReporterSupport.framework/Versions/A/CrashReporterSupport
0x000000000140a000 	/System/Library/PrivateFrameworks/IconServices.framework/Versions/A/IconServices
0x000000000140a000 	/System/Library/PrivateFrameworks/Apple80211.framework/Versions/A/Apple80211
0x000000000140a000 	/System/Library/Frameworks/CoreWLAN.framework/Versions/A/CoreWLAN
0x000000000140a000 	/System/Library/Frameworks/IOBluetooth.framework/Versions/A/IOBluetooth
0x000000000140a000 	/System/Library/PrivateFrameworks/CoreWiFi.framework/Versions/A/CoreWiFi
0x000000000140a000 	/System/Library/Frameworks/CoreBluetooth.framework/Versions/A/CoreBluetooth
0x000000000140a000 	/System/Library/PrivateFrameworks/ChunkingLibrary.framework/Versions/A/ChunkingLibrary
0x000000000140a000 	/System/Library/PrivateFrameworks/DebugSymbols.framework/Versions/A/DebugSymbols
0x000000000140a000 	/System/Library/PrivateFrameworks/CoreSymbolication.framework/Versions/A/CoreSymbolication
0x000000000140a000 	/System/Library/PrivateFrameworks/Symbolication.framework/Versions/A/Symbolication
0x000000000140a000 	/System/Library/PrivateFrameworks/SpeechRecognitionCore.framework/Versions/A/SpeechRecognitionCore
0x0000000101e2c000 	/Library/Java/JavaVirtualMachines/jdk1.8.0_65.jdk/Contents/Home/jre/lib/server/libjvm.dylib
0x000000000140a000 	/usr/lib/libstdc++.6.dylib
0x0000000102db9000 	/Library/Java/JavaVirtualMachines/jdk1.8.0_65.jdk/Contents/Home/jre/lib/libverify.dylib
0x0000000102dc7000 	/Library/Java/JavaVirtualMachines/jdk1.8.0_65.jdk/Contents/Home/jre/lib/libjava.dylib
0x0000000103600000 	/Library/Java/JavaVirtualMachines/jdk1.8.0_65.jdk/Contents/Home/jre/lib/libjdwp.dylib
0x000000010364b000 	/Library/Java/JavaVirtualMachines/jdk1.8.0_65.jdk/Contents/Home/jre/lib/libnpt.dylib
0x0000000103657000 	/Library/Java/JavaVirtualMachines/jdk1.8.0_65.jdk/Contents/Home/jre/lib/libzip.dylib
0x000000011da95000 	/System/Library/Frameworks/JavaVM.framework/Frameworks/JavaRuntimeSupport.framework/JavaRuntimeSupport
0x000000011dab0000 	/System/Library/Frameworks/JavaVM.framework/Versions/A/Frameworks/JavaNativeFoundation.framework/Versions/A/JavaNativeFoundation
0x000000011dac5000 	/System/Library/Frameworks/JavaVM.framework/Versions/A/JavaVM
0x000000000140a000 	/System/Library/Frameworks/Carbon.framework/Versions/A/Carbon
0x000000011dad2000 	/System/Library/PrivateFrameworks/JavaLaunching.framework/Versions/A/JavaLaunching
0x000000000140a000 	/System/Library/Frameworks/Carbon.framework/Versions/A/Frameworks/CommonPanels.framework/Versions/A/CommonPanels
0x000000000140a000 	/System/Library/Frameworks/Carbon.framework/Versions/A/Frameworks/Help.framework/Versions/A/Help
0x000000000140a000 	/System/Library/Frameworks/Carbon.framework/Versions/A/Frameworks/ImageCapture.framework/Versions/A/ImageCapture
0x000000000140a000 	/System/Library/Frameworks/Carbon.framework/Versions/A/Frameworks/OpenScripting.framework/Versions/A/OpenScripting
0x000000000140a000 	/System/Library/Frameworks/Carbon.framework/Versions/A/Frameworks/Print.framework/Versions/A/Print
0x000000000140a000 	/System/Library/Frameworks/Carbon.framework/Versions/A/Frameworks/SecurityHI.framework/Versions/A/SecurityHI
0x000000011dae0000 	/Library/Java/JavaVirtualMachines/jdk1.8.0_65.jdk/Contents/Home/jre/lib/libdt_socket.dylib
0x0000000120486000 	/Library/Java/JavaVirtualMachines/jdk1.8.0_65.jdk/Contents/Home/jre/lib/libawt.dylib
0x0000000120c97000 	/Library/Java/JavaVirtualMachines/jdk1.8.0_65.jdk/Contents/Home/jre/lib/./libmlib_image.dylib
0x0000000120d63000 	/Library/Java/JavaVirtualMachines/jdk1.8.0_65.jdk/Contents/Home/jre/lib/libawt_lwawt.dylib
0x00000001205fa000 	/Library/Java/JavaVirtualMachines/jdk1.8.0_65.jdk/Contents/Home/jre/lib/./libosxapp.dylib
0x000000000140a000 	/System/Library/Frameworks/ExceptionHandling.framework/Versions/A/ExceptionHandling
0x000000000140a000 	/System/Library/PrivateFrameworks/CoreServicesInternal.framework/Versions/A/CoreServicesInternal
0x000000000140a000 	/System/Library/Frameworks/CoreGraphics.framework/Versions/A/Resources/libRIP.A.dylib
0x00000001201e0000 	/System/Library/Frameworks/Accelerate.framework/Frameworks/vImage.framework/Versions/A/Libraries/libCGInterfaces.dylib
0x000000000140a000 	/System/Library/Frameworks/CoreGraphics.framework/Versions/A/Resources/libCGXType.A.dylib
0x000000000140a000 	/System/Library/Frameworks/OpenCL.framework/Versions/A/Libraries/libcldcpuengine.dylib
0x000000000140a000 	/System/Library/PrivateFrameworks/DiskImages.framework/Versions/A/DiskImages
0x000000000140a000 	/System/Library/Frameworks/DiscRecording.framework/Versions/A/DiscRecording
0x000000000140a000 	/usr/lib/libcsfde.dylib
0x000000000140a000 	/usr/lib/libcurl.4.dylib
0x000000000140a000 	/System/Library/PrivateFrameworks/MediaKit.framework/Versions/A/MediaKit
0x000000000140a000 	/System/Library/PrivateFrameworks/ProtectedCloudStorage.framework/Versions/A/ProtectedCloudStorage
0x000000000140a000 	/usr/lib/libCoreStorage.dylib
0x000000000140a000 	/System/Library/PrivateFrameworks/EFILogin.framework/Versions/A/EFILogin
0x000000000140a000 	/usr/lib/libutil.dylib
0x000000000140a000 	/System/Library/PrivateFrameworks/FindMyDevice.framework/Versions/A/FindMyDevice
0x000000000140a000 	/System/Library/Frameworks/LDAP.framework/Versions/A/LDAP
0x000000000140a000 	/usr/lib/libsasl2.2.dylib
0x000000000140a000 	/System/Library/PrivateFrameworks/CoreDaemon.framework/Versions/B/CoreDaemon
0x000000000140a000 	/usr/lib/libcrypto.0.9.8.dylib
0x000000000140a000 	/System/Library/PrivateFrameworks/AppleSRP.framework/Versions/A/AppleSRP
0x000000000140a000 	/System/Library/PrivateFrameworks/TrustEvaluationAgent.framework/Versions/A/TrustEvaluationAgent
0x0000000120451000 	cl_kernels
0x000000000140a000 	/System/Library/Frameworks/OpenCL.framework/Versions/A/Libraries/ImageFormats/unorm8_bgra.dylib
0x000000000140a000 	/System/Library/Frameworks/OpenCL.framework/Versions/A/Libraries/ImageFormats/unorm8_rgba.dylib
0x000000000140a000 	/System/Library/PrivateFrameworks/FamilyControls.framework/Versions/A/FamilyControls
0x000000000140a000 	/System/Library/PrivateFrameworks/CommerceKit.framework/Versions/A/Frameworks/CommerceCore.framework/Versions/A/CommerceCore
0x000000000140a000 	/System/Library/PrivateFrameworks/SystemAdministration.framework/Versions/A/SystemAdministration
0x000000000140a000 	/System/Library/PrivateFrameworks/AppContainer.framework/Versions/A/AppContainer
0x000000000140a000 	/System/Library/PrivateFrameworks/SecCodeWrapper.framework/Versions/A/SecCodeWrapper
0x000000000140a000 	/System/Library/Frameworks/DirectoryService.framework/Versions/A/DirectoryService
0x000000000140a000 	/System/Library/PrivateFrameworks/LoginUIKit.framework/Versions/A/Frameworks/LoginUICore.framework/Versions/A/LoginUICore
0x000000000140a000 	/usr/lib/libodfde.dylib
0x000000011ff33000 	/Library/Java/JavaVirtualMachines/jdk1.8.0_65.jdk/Contents/Home/jre/lib/libmanagement.dylib
0x00000001223e0000 	/Library/Java/JavaVirtualMachines/jdk1.8.0_65.jdk/Contents/Home/jre/lib/libnet.dylib
0x000000011ff41000 	/Library/Java/JavaVirtualMachines/jdk1.8.0_65.jdk/Contents/Home/jre/lib/libnio.dylib

VM Arguments:
jvm_args: -agentlib:jdwp=transport=dt_socket,address=127.0.0.1:52439,suspend=y,server=n -Dvisualvm.id=109874051700137 -Dfile.encoding=UTF-8 
java_command: uk.ac.ebi.pride.cluster.tools.parameters.PeptideAtlasExtractParameterTool -i /Users/yperez/PAe005309/
java_class_path (initial): /Library/Java/JavaVirtualMachines/jdk1.8.0_65.jdk/Contents/Home/jre/lib/charsets.jar:/Library/Java/JavaVirtualMachines/jdk1.8.0_65.jdk/Contents/Home/jre/lib/deploy.jar:/Library/Java/JavaVirtualMachines/jdk1.8.0_65.jdk/Contents/Home/jre/lib/ext/cldrdata.jar:/Library/Java/JavaVirtualMachines/jdk1.8.0_65.jdk/Contents/Home/jre/lib/ext/dnsns.jar:/Library/Java/JavaVirtualMachines/jdk1.8.0_65.jdk/Contents/Home/jre/lib/ext/jaccess.jar:/Library/Java/JavaVirtualMachines/jdk1.8.0_65.jdk/Contents/Home/jre/lib/ext/jfxrt.jar:/Library/Java/JavaVirtualMachines/jdk1.8.0_65.jdk/Contents/Home/jre/lib/ext/localedata.jar:/Library/Java/JavaVirtualMachines/jdk1.8.0_65.jdk/Contents/Home/jre/lib/ext/nashorn.jar:/Library/Java/JavaVirtualMachines/jdk1.8.0_65.jdk/Contents/Home/jre/lib/ext/sunec.jar:/Library/Java/JavaVirtualMachines/jdk1.8.0_65.jdk/Contents/Home/jre/lib/ext/sunjce_provider.jar:/Library/Java/JavaVirtualMachines/jdk1.8.0_65.jdk/Contents/Home/jre/lib/ext/sunpkcs11.jar:/Library/Java/JavaVirtualMachines/jdk1.8.0_65.jdk/Contents/Home/jre/lib/ext/zipfs.jar:/Library/Java/JavaVirtualMachines/jdk1.8.0_65.jdk/Contents/Home/jre/lib/javaws.jar:/Library/Java/JavaVirtualMachines/jdk1.8.0_65.jdk/Contents/Home/jre/lib/jce.jar:/Library/Java/JavaVirtualMachines/jdk1.8.0_65.jdk/Contents/Home/jre/lib/jfr.jar:/Library/Java/JavaVirtualMachines/jdk1.8.0_65.jdk/Contents/Home/jre/lib/jfxswt.jar:/Library/Java/JavaVirtualMachines/jdk1.8.0_65.jdk/Contents/Home/jre/lib/jsse.jar:/Library/Java/JavaVirtualMachines/jdk1.8.0_65.jdk/Contents/Home/jre/lib/management-agent.jar:/Library/Java/JavaVirtualMachines/jdk1.8.0_65.jdk/Contents/Home/jre/lib/plugin.jar:/Library/Java/JavaVirtualMachines/jdk1.8.0_65.jdk/Contents/Home/jre/lib/resources.jar:/Library/Java/JavaVirtualMachines/jdk1.8.0_65.jdk/Contents/Home/jre/lib/rt.jar:/Library/Java/JavaVirtualMachines/jdk1.8.0_65.jdk/Contents/Home/lib/ant-javafx.jar:/Library/Java/JavaVirtualMachines/jdk1.8.0_65.jdk/Contents/Home/lib/dt.jar:/Library/Ja
Launcher Type: SUN_STANDARD

Environment Variables:
JAVA_HOME=/Library/Java/JavaVirtualMachines/jdk1.8.0_91.jdk/Contents/Home
PATH=/Users/yperez/local-apps/apache-maven-3.3.3/bin/:/Users/yperez/local-apps/miniconda3/bin:/usr/local/bin:/usr/bin:/bin:/usr/sbin:/sbin:/opt/X11/bin:/usr/local/share/dotnet:/usr/local/munki:/Library/TeX/texbin
SHELL=/bin/bash
DISPLAY=/private/tmp/com.apple.launchd.EpKtGr2X2R/org.macosforge.xquartz:0

Signal Handlers:
SIGSEGV: [libjvm.dylib+0x5a6d31], sa_mask[0]=11111111011111110111111111111111, sa_flags=SA_ONSTACK|SA_RESTART|SA_SIGINFO
SIGBUS: [libjvm.dylib+0x5a6d31], sa_mask[0]=11111111011111110111111111111111, sa_flags=SA_RESTART|SA_SIGINFO
SIGFPE: [libjvm.dylib+0x480a40], sa_mask[0]=11111111011111110111111111111111, sa_flags=SA_RESTART|SA_SIGINFO
SIGPIPE: [libjvm.dylib+0x480a40], sa_mask[0]=11111111011111110111111111111111, sa_flags=SA_RESTART|SA_SIGINFO
SIGXFSZ: [libjvm.dylib+0x480a40], sa_mask[0]=11111111011111110111111111111111, sa_flags=SA_RESTART|SA_SIGINFO
SIGILL: [libjvm.dylib+0x480a40], sa_mask[0]=11111111011111110111111111111111, sa_flags=SA_RESTART|SA_SIGINFO
SIGUSR1: SIG_DFL, sa_mask[0]=00000000000000000000000000000000, sa_flags=none
SIGUSR2: [libjvm.dylib+0x48055e], sa_mask[0]=00100000000000000000000000000000, sa_flags=SA_RESTART|SA_SIGINFO
SIGHUP: [libjvm.dylib+0x47eb35], sa_mask[0]=11111111011111110111111111111111, sa_flags=SA_RESTART|SA_SIGINFO
SIGINT: [libjvm.dylib+0x47eb35], sa_mask[0]=11111111011111110111111111111111, sa_flags=SA_RESTART|SA_SIGINFO
SIGTERM: [libjvm.dylib+0x47eb35], sa_mask[0]=11111111011111110111111111111111, sa_flags=SA_RESTART|SA_SIGINFO
SIGQUIT: [libjvm.dylib+0x47eb35], sa_mask[0]=11111111011111110111111111111111, sa_flags=SA_RESTART|SA_SIGINFO


---------------  S Y S T E M  ---------------

OS:Bsduname:Darwin 15.6.0 Darwin Kernel Version 15.6.0: Mon Oct  2 22:20:08 PDT 2017; root:xnu-3248.71.4~1/RELEASE_X86_64 x86_64
rlimit: STACK 8192k, CORE 0k, NPROC 709, NOFILE 10240, AS infinity
load average:12.47 5.83 4.44

CPU:total 4 (2 cores per cpu, 2 threads per core) family 6 model 69 stepping 1, cmov, cx8, fxsr, mmx, sse, sse2, sse3, ssse3, sse4.1, sse4.2, popcnt, avx, avx2, aes, clmul, erms, lzcnt, ht, tsc, tscinvbit, bmi1, bmi2

Memory: 4k page, physical 16777216k(267268k free)

/proc/meminfo:


vm_info: Java HotSpot(TM) 64-Bit Server VM (25.65-b01) for bsd-amd64 JRE (1.8.0_65-b17), built on Oct  6 2015 15:36:46 by "java_re" with gcc 4.2.1 (Based on Apple Inc. build 5658) (LLVM build 2336.11.00)

time: Tue Nov 28 16:51:33 2017
elapsed time: 719 seconds (0d 0h 11m 59s)

