[21-Nov-2017 16:15:45 - INFO] "Processing Following file -- /Users/yperez/work/ms_work/mztab-projects/PXD007710/internal/Mudpit_025_0008_C_115flagHigh1_16OCT15_TIS_HUM_VEL_0002_PA_30MIN_MS_MR_01-01.mzid" (uk.ac.ebi.pride.cluster.tools.ArchiveExtractParameterTool:90)
[21-Nov-2017 16:15:45 - INFO] "Processing Following file -- /Users/yperez/work/ms_work/mztab-projects/PXD007710/internal/Mudpit_025_0008_C_115flagHigh2_16OCT15_TIS_HUM_VEL_0002_PA_30MIN_MS_MR_01-01.mzid" (uk.ac.ebi.pride.cluster.tools.ArchiveExtractParameterTool:90)
[21-Nov-2017 16:15:45 - INFO] "Processing Following file -- /Users/yperez/work/ms_work/mztab-projects/PXD007710/internal/Mudpit_025_0008_C_115flagHigh3_16OCT15_TIS_HUM_VEL_0002_PA_30MIN_MS_MR_01-01.mzid" (uk.ac.ebi.pride.cluster.tools.ArchiveExtractParameterTool:90)
[21-Nov-2017 16:15:45 - INFO] "Processing Following file -- /Users/yperez/work/ms_work/mztab-projects/PXD007710/internal/Mudpit_025_0008_C_154flagHigh2_16OCT15_TIS_HUM_VEL_0002_PA_30MIN_MS_MR_01-01.mzid" (uk.ac.ebi.pride.cluster.tools.ArchiveExtractParameterTool:90)
[21-Nov-2017 16:15:45 - INFO] "Processing Following file -- /Users/yperez/work/ms_work/mztab-projects/PXD007710/internal/Mudpit_025_0008_C_154flagHigh3_16OCT15_TIS_HUM_VEL_0002_PA_30MIN_MS_MR_01-01.mzid" (uk.ac.ebi.pride.cluster.tools.ArchiveExtractParameterTool:90)
[21-Nov-2017 16:15:45 - INFO] "Processing Following file -- /Users/yperez/work/ms_work/mztab-projects/PXD007710/internal/Mudpit_025_0008_C_622flagHigh2_16OCT15_TIS_HUM_VEL_0002_PA_30MIN_MS_MR_01-01.mzid" (uk.ac.ebi.pride.cluster.tools.ArchiveExtractParameterTool:90)
[21-Nov-2017 16:15:45 - INFO] "Processing Following file -- /Users/yperez/work/ms_work/mztab-projects/PXD007710/internal/Mudpit_025_0008_C_622flagHigh3_16OCT15_TIS_HUM_VEL_0002_PA_30MIN_MS_MR_01-01.mzid" (uk.ac.ebi.pride.cluster.tools.ArchiveExtractParameterTool:90)
[21-Nov-2017 16:15:45 - INFO] "Processing Following file -- /Users/yperez/work/ms_work/mztab-projects/PXD007710/internal/Mudpit_025_0008_C_85flagHigh1_16OCT15_TIS_HUM_VEL_0002_PA_30MIN_MS_MR_01-01.mzid" (uk.ac.ebi.pride.cluster.tools.ArchiveExtractParameterTool:90)
[21-Nov-2017 16:15:45 - INFO] "Processing Following file -- /Users/yperez/work/ms_work/mztab-projects/PXD007710/internal/Mudpit_025_0008_C_85flagHigh2_16OCT15_TIS_HUM_VEL_0002_PA_30MIN_MS_MR_01-01.mzid" (uk.ac.ebi.pride.cluster.tools.ArchiveExtractParameterTool:90)
[21-Nov-2017 16:15:45 - INFO] "Processing Following file -- /Users/yperez/work/ms_work/mztab-projects/PXD007710/internal/Mudpit_025_0008_C_85flagHigh3_16OCT15_TIS_HUM_VEL_0002_PA_30MIN_MS_MR_01-01.mzid" (uk.ac.ebi.pride.cluster.tools.ArchiveExtractParameterTool:90)
[21-Nov-2017 16:15:45 - INFO] "Processing Following file -- /Users/yperez/work/ms_work/mztab-projects/PXD007710/internal/Mudpit_025_0008_C_EVflagHigh1_16OCT15_TIS_HUM_VEL_0002_PA_30MIN_MS_MR_01-01.mzid" (uk.ac.ebi.pride.cluster.tools.ArchiveExtractParameterTool:90)
[21-Nov-2017 16:15:45 - INFO] "Processing Following file -- /Users/yperez/work/ms_work/mztab-projects/PXD007710/internal/Mudpit_025_0008_C_EVflagHigh2_16OCT15_TIS_HUM_VEL_0002_PA_30MIN_MS_MR_01-01.mzid" (uk.ac.ebi.pride.cluster.tools.ArchiveExtractParameterTool:90)
[21-Nov-2017 16:15:45 - INFO] "Processing Following file -- /Users/yperez/work/ms_work/mztab-projects/PXD007710/internal/Mudpit_025_0008_C_EVflagHigh3_16OCT15_TIS_HUM_VEL_0002_PA_30MIN_MS_MR_01-01.mzid" (uk.ac.ebi.pride.cluster.tools.ArchiveExtractParameterTool:90)
[21-Nov-2017 16:15:45 - INFO] "Processing Following file -- /Users/yperez/work/ms_work/mztab-projects/PXD007710/internal/Mudpit_025_0008_C_WTflagHigh1_16OCT15_TIS_HUM_VEL_0002_PA_30MIN_MS_MR_01-01.mzid" (uk.ac.ebi.pride.cluster.tools.ArchiveExtractParameterTool:90)
[21-Nov-2017 16:15:45 - INFO] "Processing Following file -- /Users/yperez/work/ms_work/mztab-projects/PXD007710/internal/Mudpit_025_0008_C_WTflagHigh2_16OCT15_TIS_HUM_VEL_0002_PA_30MIN_MS_MR_01-01.mzid" (uk.ac.ebi.pride.cluster.tools.ArchiveExtractParameterTool:90)
[21-Nov-2017 16:15:45 - INFO] "Processing Following file -- /Users/yperez/work/ms_work/mztab-projects/PXD007710/internal/Mudpit_025_0008_C_WTflagHigh3_16OCT15_TIS_HUM_VEL_0002_PA_30MIN_MS_MR_01-01.mzid" (uk.ac.ebi.pride.cluster.tools.ArchiveExtractParameterTool:90)
[21-Nov-2017 17:22:35 - INFO] "Processing Assay -- 80979 -- Following file -- /Users/yperez/work/ms_work/mztab-projects/PXD007710/internal/Mudpit_025_0008_C_115flagHigh1_16OCT15_TIS_HUM_VEL_0002_PA_30MIN_MS_MR_01-01.mzid" (uk.ac.ebi.pride.cluster.tools.ArchiveExtractParameterTool:99)
[21-Nov-2017 17:23:00 - INFO] "Processing Assay -- 80978 -- Following file -- /Users/yperez/work/ms_work/mztab-projects/PXD007710/internal/Mudpit_025_0008_C_115flagHigh2_16OCT15_TIS_HUM_VEL_0002_PA_30MIN_MS_MR_01-01.mzid" (uk.ac.ebi.pride.cluster.tools.ArchiveExtractParameterTool:99)
[21-Nov-2017 17:23:00 - INFO] "Processing Assay -- 80977 -- Following file -- /Users/yperez/work/ms_work/mztab-projects/PXD007710/internal/Mudpit_025_0008_C_115flagHigh3_16OCT15_TIS_HUM_VEL_0002_PA_30MIN_MS_MR_01-01.mzid" (uk.ac.ebi.pride.cluster.tools.ArchiveExtractParameterTool:99)
[21-Nov-2017 17:23:00 - INFO] "Processing Assay -- 80988 -- Following file -- /Users/yperez/work/ms_work/mztab-projects/PXD007710/internal/Mudpit_025_0008_C_154flagHigh2_16OCT15_TIS_HUM_VEL_0002_PA_30MIN_MS_MR_01-01.mzid" (uk.ac.ebi.pride.cluster.tools.ArchiveExtractParameterTool:99)
[21-Nov-2017 17:23:00 - INFO] "Processing Assay -- 80976 -- Following file -- /Users/yperez/work/ms_work/mztab-projects/PXD007710/internal/Mudpit_025_0008_C_154flagHigh3_16OCT15_TIS_HUM_VEL_0002_PA_30MIN_MS_MR_01-01.mzid" (uk.ac.ebi.pride.cluster.tools.ArchiveExtractParameterTool:99)
[21-Nov-2017 17:23:00 - INFO] "Processing Assay -- 80987 -- Following file -- /Users/yperez/work/ms_work/mztab-projects/PXD007710/internal/Mudpit_025_0008_C_622flagHigh2_16OCT15_TIS_HUM_VEL_0002_PA_30MIN_MS_MR_01-01.mzid" (uk.ac.ebi.pride.cluster.tools.ArchiveExtractParameterTool:99)
[21-Nov-2017 17:23:00 - INFO] "Processing Assay -- 80982 -- Following file -- /Users/yperez/work/ms_work/mztab-projects/PXD007710/internal/Mudpit_025_0008_C_622flagHigh3_16OCT15_TIS_HUM_VEL_0002_PA_30MIN_MS_MR_01-01.mzid" (uk.ac.ebi.pride.cluster.tools.ArchiveExtractParameterTool:99)
[21-Nov-2017 17:23:00 - INFO] "Processing Assay -- 80981 -- Following file -- /Users/yperez/work/ms_work/mztab-projects/PXD007710/internal/Mudpit_025_0008_C_85flagHigh1_16OCT15_TIS_HUM_VEL_0002_PA_30MIN_MS_MR_01-01.mzid" (uk.ac.ebi.pride.cluster.tools.ArchiveExtractParameterTool:99)
[21-Nov-2017 17:23:00 - INFO] "Processing Assay -- 80980 -- Following file -- /Users/yperez/work/ms_work/mztab-projects/PXD007710/internal/Mudpit_025_0008_C_85flagHigh2_16OCT15_TIS_HUM_VEL_0002_PA_30MIN_MS_MR_01-01.mzid" (uk.ac.ebi.pride.cluster.tools.ArchiveExtractParameterTool:99)
[21-Nov-2017 17:23:00 - INFO] "Processing Assay -- 80975 -- Following file -- /Users/yperez/work/ms_work/mztab-projects/PXD007710/internal/Mudpit_025_0008_C_85flagHigh3_16OCT15_TIS_HUM_VEL_0002_PA_30MIN_MS_MR_01-01.mzid" (uk.ac.ebi.pride.cluster.tools.ArchiveExtractParameterTool:99)
[21-Nov-2017 17:23:00 - INFO] "Processing Assay -- 80986 -- Following file -- /Users/yperez/work/ms_work/mztab-projects/PXD007710/internal/Mudpit_025_0008_C_EVflagHigh1_16OCT15_TIS_HUM_VEL_0002_PA_30MIN_MS_MR_01-01.mzid" (uk.ac.ebi.pride.cluster.tools.ArchiveExtractParameterTool:99)
[21-Nov-2017 17:23:00 - INFO] "Processing Assay -- 80974 -- Following file -- /Users/yperez/work/ms_work/mztab-projects/PXD007710/internal/Mudpit_025_0008_C_EVflagHigh2_16OCT15_TIS_HUM_VEL_0002_PA_30MIN_MS_MR_01-01.mzid" (uk.ac.ebi.pride.cluster.tools.ArchiveExtractParameterTool:99)
[21-Nov-2017 17:23:00 - INFO] "Processing Assay -- 80985 -- Following file -- /Users/yperez/work/ms_work/mztab-projects/PXD007710/internal/Mudpit_025_0008_C_EVflagHigh3_16OCT15_TIS_HUM_VEL_0002_PA_30MIN_MS_MR_01-01.mzid" (uk.ac.ebi.pride.cluster.tools.ArchiveExtractParameterTool:99)
[21-Nov-2017 17:23:00 - INFO] "Processing Assay -- 80973 -- Following file -- /Users/yperez/work/ms_work/mztab-projects/PXD007710/internal/Mudpit_025_0008_C_WTflagHigh1_16OCT15_TIS_HUM_VEL_0002_PA_30MIN_MS_MR_01-01.mzid" (uk.ac.ebi.pride.cluster.tools.ArchiveExtractParameterTool:99)
[21-Nov-2017 17:23:00 - INFO] "Processing Assay -- 80984 -- Following file -- /Users/yperez/work/ms_work/mztab-projects/PXD007710/internal/Mudpit_025_0008_C_WTflagHigh2_16OCT15_TIS_HUM_VEL_0002_PA_30MIN_MS_MR_01-01.mzid" (uk.ac.ebi.pride.cluster.tools.ArchiveExtractParameterTool:99)
[21-Nov-2017 17:23:00 - INFO] "Processing Assay -- 80983 -- Following file -- /Users/yperez/work/ms_work/mztab-projects/PXD007710/internal/Mudpit_025_0008_C_WTflagHigh3_16OCT15_TIS_HUM_VEL_0002_PA_30MIN_MS_MR_01-01.mzid" (uk.ac.ebi.pride.cluster.tools.ArchiveExtractParameterTool:99)
[21-Nov-2017 17:23:19 - INFO] "Processing Assay -- 80979 -- Following file -- /Users/yperez/work/ms_work/mztab-projects/PXD007710/internal/Mudpit_025_0008_C_115flagHigh1_16OCT15_TIS_HUM_VEL_0002_PA_30MIN_MS_MR_01-01.mzid" (uk.ac.ebi.pride.cluster.tools.ArchiveExtractParameterTool:99)
[21-Nov-2017 17:24:11 - INFO] "Processing Assay -- 80978 -- Following file -- /Users/yperez/work/ms_work/mztab-projects/PXD007710/internal/Mudpit_025_0008_C_115flagHigh2_16OCT15_TIS_HUM_VEL_0002_PA_30MIN_MS_MR_01-01.mzid" (uk.ac.ebi.pride.cluster.tools.ArchiveExtractParameterTool:99)
[21-Nov-2017 17:24:11 - INFO] "Processing Assay -- 80977 -- Following file -- /Users/yperez/work/ms_work/mztab-projects/PXD007710/internal/Mudpit_025_0008_C_115flagHigh3_16OCT15_TIS_HUM_VEL_0002_PA_30MIN_MS_MR_01-01.mzid" (uk.ac.ebi.pride.cluster.tools.ArchiveExtractParameterTool:99)
[21-Nov-2017 17:24:11 - INFO] "Processing Assay -- 80988 -- Following file -- /Users/yperez/work/ms_work/mztab-projects/PXD007710/internal/Mudpit_025_0008_C_154flagHigh2_16OCT15_TIS_HUM_VEL_0002_PA_30MIN_MS_MR_01-01.mzid" (uk.ac.ebi.pride.cluster.tools.ArchiveExtractParameterTool:99)
[21-Nov-2017 17:24:11 - INFO] "Processing Assay -- 80976 -- Following file -- /Users/yperez/work/ms_work/mztab-projects/PXD007710/internal/Mudpit_025_0008_C_154flagHigh3_16OCT15_TIS_HUM_VEL_0002_PA_30MIN_MS_MR_01-01.mzid" (uk.ac.ebi.pride.cluster.tools.ArchiveExtractParameterTool:99)
[21-Nov-2017 17:24:11 - INFO] "Processing Assay -- 80987 -- Following file -- /Users/yperez/work/ms_work/mztab-projects/PXD007710/internal/Mudpit_025_0008_C_622flagHigh2_16OCT15_TIS_HUM_VEL_0002_PA_30MIN_MS_MR_01-01.mzid" (uk.ac.ebi.pride.cluster.tools.ArchiveExtractParameterTool:99)
[21-Nov-2017 17:24:11 - INFO] "Processing Assay -- 80982 -- Following file -- /Users/yperez/work/ms_work/mztab-projects/PXD007710/internal/Mudpit_025_0008_C_622flagHigh3_16OCT15_TIS_HUM_VEL_0002_PA_30MIN_MS_MR_01-01.mzid" (uk.ac.ebi.pride.cluster.tools.ArchiveExtractParameterTool:99)
[21-Nov-2017 17:24:11 - INFO] "Processing Assay -- 80981 -- Following file -- /Users/yperez/work/ms_work/mztab-projects/PXD007710/internal/Mudpit_025_0008_C_85flagHigh1_16OCT15_TIS_HUM_VEL_0002_PA_30MIN_MS_MR_01-01.mzid" (uk.ac.ebi.pride.cluster.tools.ArchiveExtractParameterTool:99)
[21-Nov-2017 17:24:11 - INFO] "Processing Assay -- 80980 -- Following file -- /Users/yperez/work/ms_work/mztab-projects/PXD007710/internal/Mudpit_025_0008_C_85flagHigh2_16OCT15_TIS_HUM_VEL_0002_PA_30MIN_MS_MR_01-01.mzid" (uk.ac.ebi.pride.cluster.tools.ArchiveExtractParameterTool:99)
[21-Nov-2017 17:24:11 - INFO] "Processing Assay -- 80975 -- Following file -- /Users/yperez/work/ms_work/mztab-projects/PXD007710/internal/Mudpit_025_0008_C_85flagHigh3_16OCT15_TIS_HUM_VEL_0002_PA_30MIN_MS_MR_01-01.mzid" (uk.ac.ebi.pride.cluster.tools.ArchiveExtractParameterTool:99)
[21-Nov-2017 17:24:11 - INFO] "Processing Assay -- 80986 -- Following file -- /Users/yperez/work/ms_work/mztab-projects/PXD007710/internal/Mudpit_025_0008_C_EVflagHigh1_16OCT15_TIS_HUM_VEL_0002_PA_30MIN_MS_MR_01-01.mzid" (uk.ac.ebi.pride.cluster.tools.ArchiveExtractParameterTool:99)
[21-Nov-2017 17:24:11 - INFO] "Processing Assay -- 80974 -- Following file -- /Users/yperez/work/ms_work/mztab-projects/PXD007710/internal/Mudpit_025_0008_C_EVflagHigh2_16OCT15_TIS_HUM_VEL_0002_PA_30MIN_MS_MR_01-01.mzid" (uk.ac.ebi.pride.cluster.tools.ArchiveExtractParameterTool:99)
[21-Nov-2017 17:24:11 - INFO] "Processing Assay -- 80985 -- Following file -- /Users/yperez/work/ms_work/mztab-projects/PXD007710/internal/Mudpit_025_0008_C_EVflagHigh3_16OCT15_TIS_HUM_VEL_0002_PA_30MIN_MS_MR_01-01.mzid" (uk.ac.ebi.pride.cluster.tools.ArchiveExtractParameterTool:99)
[21-Nov-2017 17:24:11 - INFO] "Processing Assay -- 80973 -- Following file -- /Users/yperez/work/ms_work/mztab-projects/PXD007710/internal/Mudpit_025_0008_C_WTflagHigh1_16OCT15_TIS_HUM_VEL_0002_PA_30MIN_MS_MR_01-01.mzid" (uk.ac.ebi.pride.cluster.tools.ArchiveExtractParameterTool:99)
[21-Nov-2017 17:24:11 - INFO] "Processing Assay -- 80984 -- Following file -- /Users/yperez/work/ms_work/mztab-projects/PXD007710/internal/Mudpit_025_0008_C_WTflagHigh2_16OCT15_TIS_HUM_VEL_0002_PA_30MIN_MS_MR_01-01.mzid" (uk.ac.ebi.pride.cluster.tools.ArchiveExtractParameterTool:99)
[21-Nov-2017 17:24:11 - INFO] "Processing Assay -- 80983 -- Following file -- /Users/yperez/work/ms_work/mztab-projects/PXD007710/internal/Mudpit_025_0008_C_WTflagHigh3_16OCT15_TIS_HUM_VEL_0002_PA_30MIN_MS_MR_01-01.mzid" (uk.ac.ebi.pride.cluster.tools.ArchiveExtractParameterTool:99)
[21-Nov-2017 17:24:23 - INFO] "Processing Assay -- 80979 -- Following file -- /Users/yperez/work/ms_work/mztab-projects/PXD007710/internal/Mudpit_025_0008_C_115flagHigh1_16OCT15_TIS_HUM_VEL_0002_PA_30MIN_MS_MR_01-01.mzid" (uk.ac.ebi.pride.cluster.tools.ArchiveExtractParameterTool:99)
[21-Nov-2017 17:24:47 - INFO] "Processing Assay -- 80978 -- Following file -- /Users/yperez/work/ms_work/mztab-projects/PXD007710/internal/Mudpit_025_0008_C_115flagHigh2_16OCT15_TIS_HUM_VEL_0002_PA_30MIN_MS_MR_01-01.mzid" (uk.ac.ebi.pride.cluster.tools.ArchiveExtractParameterTool:99)
[21-Nov-2017 17:24:57 - INFO] "Processing Assay -- 80977 -- Following file -- /Users/yperez/work/ms_work/mztab-projects/PXD007710/internal/Mudpit_025_0008_C_115flagHigh3_16OCT15_TIS_HUM_VEL_0002_PA_30MIN_MS_MR_01-01.mzid" (uk.ac.ebi.pride.cluster.tools.ArchiveExtractParameterTool:99)
[21-Nov-2017 17:26:49 - INFO] "Processing Assay -- 80988 -- Following file -- /Users/yperez/work/ms_work/mztab-projects/PXD007710/internal/Mudpit_025_0008_C_154flagHigh2_16OCT15_TIS_HUM_VEL_0002_PA_30MIN_MS_MR_01-01.mzid" (uk.ac.ebi.pride.cluster.tools.ArchiveExtractParameterTool:99)
[21-Nov-2017 17:26:58 - INFO] "Processing Assay -- 80976 -- Following file -- /Users/yperez/work/ms_work/mztab-projects/PXD007710/internal/Mudpit_025_0008_C_154flagHigh3_16OCT15_TIS_HUM_VEL_0002_PA_30MIN_MS_MR_01-01.mzid" (uk.ac.ebi.pride.cluster.tools.ArchiveExtractParameterTool:99)
[21-Nov-2017 17:27:01 - INFO] "Processing Assay -- 80987 -- Following file -- /Users/yperez/work/ms_work/mztab-projects/PXD007710/internal/Mudpit_025_0008_C_622flagHigh2_16OCT15_TIS_HUM_VEL_0002_PA_30MIN_MS_MR_01-01.mzid" (uk.ac.ebi.pride.cluster.tools.ArchiveExtractParameterTool:99)
[21-Nov-2017 17:27:05 - INFO] "Processing Assay -- 80982 -- Following file -- /Users/yperez/work/ms_work/mztab-projects/PXD007710/internal/Mudpit_025_0008_C_622flagHigh3_16OCT15_TIS_HUM_VEL_0002_PA_30MIN_MS_MR_01-01.mzid" (uk.ac.ebi.pride.cluster.tools.ArchiveExtractParameterTool:99)
[21-Nov-2017 17:27:10 - INFO] "Processing Assay -- 80981 -- Following file -- /Users/yperez/work/ms_work/mztab-projects/PXD007710/internal/Mudpit_025_0008_C_85flagHigh1_16OCT15_TIS_HUM_VEL_0002_PA_30MIN_MS_MR_01-01.mzid" (uk.ac.ebi.pride.cluster.tools.ArchiveExtractParameterTool:99)
[21-Nov-2017 17:27:10 - INFO] "Processing Assay -- 80980 -- Following file -- /Users/yperez/work/ms_work/mztab-projects/PXD007710/internal/Mudpit_025_0008_C_85flagHigh2_16OCT15_TIS_HUM_VEL_0002_PA_30MIN_MS_MR_01-01.mzid" (uk.ac.ebi.pride.cluster.tools.ArchiveExtractParameterTool:99)
[21-Nov-2017 17:27:10 - INFO] "Processing Assay -- 80975 -- Following file -- /Users/yperez/work/ms_work/mztab-projects/PXD007710/internal/Mudpit_025_0008_C_85flagHigh3_16OCT15_TIS_HUM_VEL_0002_PA_30MIN_MS_MR_01-01.mzid" (uk.ac.ebi.pride.cluster.tools.ArchiveExtractParameterTool:99)
[21-Nov-2017 17:27:10 - INFO] "Processing Assay -- 80986 -- Following file -- /Users/yperez/work/ms_work/mztab-projects/PXD007710/internal/Mudpit_025_0008_C_EVflagHigh1_16OCT15_TIS_HUM_VEL_0002_PA_30MIN_MS_MR_01-01.mzid" (uk.ac.ebi.pride.cluster.tools.ArchiveExtractParameterTool:99)
[21-Nov-2017 17:27:10 - INFO] "Processing Assay -- 80974 -- Following file -- /Users/yperez/work/ms_work/mztab-projects/PXD007710/internal/Mudpit_025_0008_C_EVflagHigh2_16OCT15_TIS_HUM_VEL_0002_PA_30MIN_MS_MR_01-01.mzid" (uk.ac.ebi.pride.cluster.tools.ArchiveExtractParameterTool:99)
[21-Nov-2017 17:27:10 - INFO] "Processing Assay -- 80985 -- Following file -- /Users/yperez/work/ms_work/mztab-projects/PXD007710/internal/Mudpit_025_0008_C_EVflagHigh3_16OCT15_TIS_HUM_VEL_0002_PA_30MIN_MS_MR_01-01.mzid" (uk.ac.ebi.pride.cluster.tools.ArchiveExtractParameterTool:99)
[21-Nov-2017 17:27:10 - INFO] "Processing Assay -- 80973 -- Following file -- /Users/yperez/work/ms_work/mztab-projects/PXD007710/internal/Mudpit_025_0008_C_WTflagHigh1_16OCT15_TIS_HUM_VEL_0002_PA_30MIN_MS_MR_01-01.mzid" (uk.ac.ebi.pride.cluster.tools.ArchiveExtractParameterTool:99)
[21-Nov-2017 17:27:10 - INFO] "Processing Assay -- 80984 -- Following file -- /Users/yperez/work/ms_work/mztab-projects/PXD007710/internal/Mudpit_025_0008_C_WTflagHigh2_16OCT15_TIS_HUM_VEL_0002_PA_30MIN_MS_MR_01-01.mzid" (uk.ac.ebi.pride.cluster.tools.ArchiveExtractParameterTool:99)
[21-Nov-2017 17:27:10 - INFO] "Processing Assay -- 80983 -- Following file -- /Users/yperez/work/ms_work/mztab-projects/PXD007710/internal/Mudpit_025_0008_C_WTflagHigh3_16OCT15_TIS_HUM_VEL_0002_PA_30MIN_MS_MR_01-01.mzid" (uk.ac.ebi.pride.cluster.tools.ArchiveExtractParameterTool:99)
[21-Nov-2017 17:27:22 - INFO] "Processing Assay -- 80979 -- Following file -- /Users/yperez/work/ms_work/mztab-projects/PXD007710/internal/Mudpit_025_0008_C_115flagHigh1_16OCT15_TIS_HUM_VEL_0002_PA_30MIN_MS_MR_01-01.mzid" (uk.ac.ebi.pride.cluster.tools.ArchiveExtractParameterTool:99)
[21-Nov-2017 17:28:37 - INFO] "Processing Assay -- 80978 -- Following file -- /Users/yperez/work/ms_work/mztab-projects/PXD007710/internal/Mudpit_025_0008_C_115flagHigh2_16OCT15_TIS_HUM_VEL_0002_PA_30MIN_MS_MR_01-01.mzid" (uk.ac.ebi.pride.cluster.tools.ArchiveExtractParameterTool:99)
[21-Nov-2017 17:30:35 - INFO] "Processing Assay -- 80979 -- Following file -- /Users/yperez/work/ms_work/mztab-projects/PXD007710/internal/Mudpit_025_0008_C_115flagHigh1_16OCT15_TIS_HUM_VEL_0002_PA_30MIN_MS_MR_01-01.mzid" (uk.ac.ebi.pride.cluster.tools.ArchiveExtractParameterTool:99)
[21-Nov-2017 17:33:22 - INFO] "Processing Assay -- 80978 -- Following file -- /Users/yperez/work/ms_work/mztab-projects/PXD007710/internal/Mudpit_025_0008_C_115flagHigh2_16OCT15_TIS_HUM_VEL_0002_PA_30MIN_MS_MR_01-01.mzid" (uk.ac.ebi.pride.cluster.tools.ArchiveExtractParameterTool:99)
[21-Nov-2017 17:33:54 - INFO] "Processing Assay -- 80979 -- Following file -- /Users/yperez/work/ms_work/mztab-projects/PXD007710/internal/Mudpit_025_0008_C_115flagHigh1_16OCT15_TIS_HUM_VEL_0002_PA_30MIN_MS_MR_01-01.mzid" (uk.ac.ebi.pride.cluster.tools.ArchiveExtractParameterTool:99)
[21-Nov-2017 17:34:45 - INFO] "Processing Assay -- 80978 -- Following file -- /Users/yperez/work/ms_work/mztab-projects/PXD007710/internal/Mudpit_025_0008_C_115flagHigh2_16OCT15_TIS_HUM_VEL_0002_PA_30MIN_MS_MR_01-01.mzid" (uk.ac.ebi.pride.cluster.tools.ArchiveExtractParameterTool:99)
[21-Nov-2017 17:35:54 - INFO] "Processing Assay -- 80979 -- Following file -- /Users/yperez/work/ms_work/mztab-projects/PXD007710/internal/Mudpit_025_0008_C_115flagHigh1_16OCT15_TIS_HUM_VEL_0002_PA_30MIN_MS_MR_01-01.mzid" (uk.ac.ebi.pride.cluster.tools.ArchiveExtractParameterTool:99)
[21-Nov-2017 17:36:09 - INFO] "Processing Assay -- 80978 -- Following file -- /Users/yperez/work/ms_work/mztab-projects/PXD007710/internal/Mudpit_025_0008_C_115flagHigh2_16OCT15_TIS_HUM_VEL_0002_PA_30MIN_MS_MR_01-01.mzid" (uk.ac.ebi.pride.cluster.tools.ArchiveExtractParameterTool:99)
[21-Nov-2017 17:36:11 - INFO] "Processing Assay -- 80977 -- Following file -- /Users/yperez/work/ms_work/mztab-projects/PXD007710/internal/Mudpit_025_0008_C_115flagHigh3_16OCT15_TIS_HUM_VEL_0002_PA_30MIN_MS_MR_01-01.mzid" (uk.ac.ebi.pride.cluster.tools.ArchiveExtractParameterTool:99)
[21-Nov-2017 17:38:09 - INFO] "Processing Assay -- 80988 -- Following file -- /Users/yperez/work/ms_work/mztab-projects/PXD007710/internal/Mudpit_025_0008_C_154flagHigh2_16OCT15_TIS_HUM_VEL_0002_PA_30MIN_MS_MR_01-01.mzid" (uk.ac.ebi.pride.cluster.tools.ArchiveExtractParameterTool:99)
